11:11:40.559 [background-preinit] INFO  o.h.v.i.util.Version - [<clinit>,21] - HV000001: Hibernate Validator 6.1.6.Final
11:11:43.110 [main] INFO  c.a.n.c.c.i.LocalConfigInfoProcessor - [<clinit>,212] - LOCAL_SNAPSHOT_PATH:C:\Users\Administrator\nacos\config
11:11:43.163 [main] INFO  c.a.n.c.c.i.Limiter - [<clinit>,54] - limitTime:5.0
11:11:44.506 [main] INFO  c.a.n.c.c.u.JvmUtil - [<clinit>,49] - isMultiInstance:false
11:11:44.572 [main] INFO  c.r.s.RuoYiSystemApplication - [logStartupProfileInfo,655] - The following profiles are active: dev
11:11:54.562 [main] INFO  o.a.c.h.Http11NioProtocol - [log,173] - Initializing ProtocolHandler ["http-nio-9201"]
11:11:54.564 [main] INFO  o.a.c.c.StandardService - [log,173] - Starting service [Tomcat]
11:11:54.564 [main] INFO  o.a.c.c.StandardEngine - [log,173] - Starting Servlet engine: [Apache Tomcat/9.0.41]
11:11:54.882 [main] INFO  o.a.c.c.C.[.[.[/] - [log,173] - Initializing Spring embedded WebApplicationContext
11:12:01.570 [main] INFO  c.a.d.p.DruidDataSource - [init,985] - {dataSource-1,master} inited
11:12:01.571 [main] INFO  c.b.d.d.DynamicRoutingDataSource - [addDataSource,132] - dynamic-datasource - load a datasource named [master] success
11:12:01.572 [main] INFO  c.b.d.d.DynamicRoutingDataSource - [afterPropertiesSet,237] - dynamic-datasource initial loaded [1] datasource,primary datasource named [master]
11:12:09.831 [main] INFO  c.a.c.s.SentinelWebAutoConfiguration - [addInterceptors,80] - [Sentinel Starter] register SentinelWebInterceptor with urlPatterns: [/**].
11:12:10.849 [main] INFO  c.a.n.client.naming - [call,64] - initializer namespace from System Property :null
11:12:10.850 [main] INFO  c.a.n.client.naming - [call,73] - initializer namespace from System Environment :null
11:12:10.852 [main] INFO  c.a.n.client.naming - [call,83] - initializer namespace from System Property :null
11:12:11.641 [main] INFO  s.d.s.w.PropertySourcedRequestMappingHandlerMapping - [initHandlerMethods,69] - Mapped URL path [/v2/api-docs] onto method [springfox.documentation.swagger2.web.Swagger2Controller#getDocumentation(String, HttpServletRequest)]
11:12:11.767 [main] INFO  c.n.c.s.URLConfigurationSource - [<init>,122] - To enable URLs as dynamic configuration sources, define System property archaius.configurationSource.additionalUrls or make config.properties available on classpath.
11:12:11.776 [main] INFO  c.n.c.s.URLConfigurationSource - [<init>,122] - To enable URLs as dynamic configuration sources, define System property archaius.configurationSource.additionalUrls or make config.properties available on classpath.
11:12:17.151 [main] INFO  c.a.n.client.naming - [addListener,83] - [LISTENER] adding DEFAULT_GROUP@@ruoyi-system with DEFAULT to listener map
11:12:17.155 [main] INFO  o.a.c.h.Http11NioProtocol - [log,173] - Starting ProtocolHandler ["http-nio-9201"]
11:12:17.250 [main] INFO  c.a.n.client.naming - [addBeatInfo,81] - [BEAT] adding beat: BeatInfo{port=9201, ip='192.168.1.4', weight=1.0, serviceName='DEFAULT_GROUP@@ruoyi-system', cluster='DEFAULT', metadata={preserved.register.source=SPRING_CLOUD}, scheduled=false, period=5000, stopped=false} to beat map.
11:12:17.252 [main] INFO  c.a.n.client.naming - [registerService,223] - [REGISTER-SERVICE] public registering service DEFAULT_GROUP@@ruoyi-system with instance: Instance{instanceId='null', ip='192.168.1.4', port=9201, weight=1.0, healthy=true, enabled=true, ephemeral=true, clusterName='DEFAULT', serviceName='null', metadata={preserved.register.source=SPRING_CLOUD}}
11:12:17.269 [main] INFO  c.a.c.n.r.NacosServiceRegistry - [register,71] - nacos registry, DEFAULT_GROUP ruoyi-system 192.168.1.4:9201 register finished
11:12:18.048 [main] INFO  s.d.s.w.p.DocumentationPluginsBootstrapper - [start,160] - Context refreshed
11:12:18.136 [main] INFO  s.d.s.w.p.DocumentationPluginsBootstrapper - [start,163] - Found 1 custom documentation plugin(s)
11:12:18.247 [com.alibaba.nacos.client.naming.updater] INFO  c.a.n.client.naming - [processServiceJson,191] - new ips(1) service: DEFAULT_GROUP@@ruoyi-system@@DEFAULT -> [{"instanceId":"192.168.1.4#9201#DEFAULT#DEFAULT_GROUP@@ruoyi-system","ip":"192.168.1.4","port":9201,"weight":1.0,"healthy":true,"enabled":true,"ephemeral":true,"clusterName":"DEFAULT","serviceName":"DEFAULT_GROUP@@ruoyi-system","metadata":{"preserved.register.source":"SPRING_CLOUD"},"ipDeleteTimeout":30000,"instanceHeartBeatTimeOut":15000,"instanceHeartBeatInterval":5000}]
11:12:18.256 [com.alibaba.nacos.client.naming.updater] INFO  c.a.n.client.naming - [processServiceJson,228] - current ips:(1) service: DEFAULT_GROUP@@ruoyi-system@@DEFAULT -> [{"instanceId":"192.168.1.4#9201#DEFAULT#DEFAULT_GROUP@@ruoyi-system","ip":"192.168.1.4","port":9201,"weight":1.0,"healthy":true,"enabled":true,"ephemeral":true,"clusterName":"DEFAULT","serviceName":"DEFAULT_GROUP@@ruoyi-system","metadata":{"preserved.register.source":"SPRING_CLOUD"},"ipDeleteTimeout":30000,"instanceHeartBeatTimeOut":15000,"instanceHeartBeatInterval":5000}]
11:12:18.273 [com.alibaba.nacos.naming.push.receiver] INFO  c.a.n.client.naming - [run,86] - received push data: {"type":"dom","data":"{\"hosts\":[{\"ip\":\"192.168.1.4\",\"port\":9201,\"valid\":true,\"healthy\":true,\"marked\":false,\"instanceId\":\"192.168.1.4#9201#DEFAULT#DEFAULT_GROUP@@ruoyi-system\",\"metadata\":{\"preserved.register.source\":\"SPRING_CLOUD\"},\"enabled\":true,\"weight\":1.0,\"clusterName\":\"DEFAULT\",\"serviceName\":\"DEFAULT_GROUP@@ruoyi-system\",\"ephemeral\":true}],\"dom\":\"DEFAULT_GROUP@@ruoyi-system\",\"name\":\"DEFAULT_GROUP@@ruoyi-system\",\"cacheMillis\":10000,\"lastRefTime\":1611803538271,\"checksum\":\"080b54a198a6ec6a714f63bfccf2c13e\",\"useSpecifiedURL\":false,\"clusters\":\"DEFAULT\",\"env\":\"\",\"metadata\":{}}","lastRefTime":833855930483458} from /192.168.56.1
11:12:18.462 [main] INFO  s.d.s.w.s.ApiListingReferenceScanner - [scan,41] - Scanning for api listing references
11:12:19.024 [main] INFO  s.d.s.w.r.o.CachingOperationNameGenerator - [startingWith,40] - Generating unique operation named: addUsingPOST_1
11:12:19.038 [main] INFO  s.d.s.w.r.o.CachingOperationNameGenerator - [startingWith,40] - Generating unique operation named: editUsingPUT_1
11:12:19.061 [main] INFO  s.d.s.w.r.o.CachingOperationNameGenerator - [startingWith,40] - Generating unique operation named: exportUsingPOST_1
11:12:19.068 [main] INFO  s.d.s.w.r.o.CachingOperationNameGenerator - [startingWith,40] - Generating unique operation named: getInfoUsingGET_1
11:12:19.075 [main] INFO  s.d.s.w.r.o.CachingOperationNameGenerator - [startingWith,40] - Generating unique operation named: listUsingGET_1
11:12:19.077 [main] INFO  s.d.s.w.r.o.CachingOperationNameGenerator - [startingWith,40] - Generating unique operation named: removeUsingDELETE_1
11:12:19.108 [main] INFO  s.d.s.w.r.o.CachingOperationNameGenerator - [startingWith,40] - Generating unique operation named: addUsingPOST_2
11:12:19.111 [main] INFO  s.d.s.w.r.o.CachingOperationNameGenerator - [startingWith,40] - Generating unique operation named: editUsingPUT_2
11:12:19.120 [main] INFO  s.d.s.w.r.o.CachingOperationNameGenerator - [startingWith,40] - Generating unique operation named: exportUsingPOST_2
11:12:19.123 [main] INFO  s.d.s.w.r.o.CachingOperationNameGenerator - [startingWith,40] - Generating unique operation named: getInfoUsingGET_2
11:12:19.129 [main] INFO  s.d.s.w.r.o.CachingOperationNameGenerator - [startingWith,40] - Generating unique operation named: listUsingGET_2
11:12:19.132 [main] INFO  s.d.s.w.r.o.CachingOperationNameGenerator - [startingWith,40] - Generating unique operation named: removeUsingDELETE_2
11:12:19.148 [main] INFO  s.d.s.w.r.o.CachingOperationNameGenerator - [startingWith,40] - Generating unique operation named: addUsingPOST_3
11:12:19.151 [main] INFO  s.d.s.w.r.o.CachingOperationNameGenerator - [startingWith,40] - Generating unique operation named: editUsingPUT_3
11:12:19.165 [main] INFO  s.d.s.w.r.o.CachingOperationNameGenerator - [startingWith,40] - Generating unique operation named: exportUsingPOST_3
11:12:19.168 [main] INFO  s.d.s.w.r.o.CachingOperationNameGenerator - [startingWith,40] - Generating unique operation named: getInfoUsingGET_3
11:12:19.175 [main] INFO  s.d.s.w.r.o.CachingOperationNameGenerator - [startingWith,40] - Generating unique operation named: listUsingGET_3
11:12:19.178 [main] INFO  s.d.s.w.r.o.CachingOperationNameGenerator - [startingWith,40] - Generating unique operation named: removeUsingDELETE_3
11:12:19.203 [main] INFO  s.d.s.w.r.o.CachingOperationNameGenerator - [startingWith,40] - Generating unique operation named: addUsingPOST_4
11:12:19.211 [main] INFO  s.d.s.w.r.o.CachingOperationNameGenerator - [startingWith,40] - Generating unique operation named: editUsingPUT_4
11:12:19.219 [main] INFO  s.d.s.w.r.o.CachingOperationNameGenerator - [startingWith,40] - Generating unique operation named: exportUsingPOST_4
11:12:19.224 [main] INFO  s.d.s.w.r.o.CachingOperationNameGenerator - [startingWith,40] - Generating unique operation named: getInfoUsingGET_4
11:12:19.231 [main] INFO  s.d.s.w.r.o.CachingOperationNameGenerator - [startingWith,40] - Generating unique operation named: listUsingGET_4
11:12:19.236 [main] INFO  s.d.s.w.r.o.CachingOperationNameGenerator - [startingWith,40] - Generating unique operation named: removeUsingDELETE_4
11:12:19.248 [main] INFO  s.d.s.w.r.o.CachingOperationNameGenerator - [startingWith,40] - Generating unique operation named: addUsingPOST_5
11:12:19.250 [main] INFO  s.d.s.w.r.o.CachingOperationNameGenerator - [startingWith,40] - Generating unique operation named: editUsingPUT_5
11:12:19.255 [main] INFO  s.d.s.w.r.o.CachingOperationNameGenerator - [startingWith,40] - Generating unique operation named: getInfoUsingGET_5
11:12:19.273 [main] INFO  s.d.s.w.r.o.CachingOperationNameGenerator - [startingWith,40] - Generating unique operation named: listUsingGET_5
11:12:19.275 [main] INFO  s.d.s.w.r.o.CachingOperationNameGenerator - [startingWith,40] - Generating unique operation named: removeUsingDELETE_5
11:12:19.299 [main] INFO  s.d.s.w.r.o.CachingOperationNameGenerator - [startingWith,40] - Generating unique operation named: addUsingPOST_6
11:12:19.369 [main] INFO  s.d.s.w.r.o.CachingOperationNameGenerator - [startingWith,40] - Generating unique operation named: editUsingPUT_6
11:12:19.375 [main] INFO  s.d.s.w.r.o.CachingOperationNameGenerator - [startingWith,40] - Generating unique operation named: exportUsingPOST_5
11:12:19.377 [main] INFO  s.d.s.w.r.o.CachingOperationNameGenerator - [startingWith,40] - Generating unique operation named: getInfoUsingGET_6
11:12:19.380 [main] INFO  s.d.s.w.r.o.CachingOperationNameGenerator - [startingWith,40] - Generating unique operation named: listUsingGET_6
11:12:19.381 [main] INFO  s.d.s.w.r.o.CachingOperationNameGenerator - [startingWith,40] - Generating unique operation named: removeUsingDELETE_6
11:12:19.387 [main] INFO  s.d.s.w.r.o.CachingOperationNameGenerator - [startingWith,40] - Generating unique operation named: addUsingPOST_7
11:12:19.389 [main] INFO  s.d.s.w.r.o.CachingOperationNameGenerator - [startingWith,40] - Generating unique operation named: clearCacheUsingDELETE_1
11:12:19.391 [main] INFO  s.d.s.w.r.o.CachingOperationNameGenerator - [startingWith,40] - Generating unique operation named: editUsingPUT_7
11:12:19.399 [main] INFO  s.d.s.w.r.o.CachingOperationNameGenerator - [startingWith,40] - Generating unique operation named: exportUsingPOST_6
11:12:19.402 [main] INFO  s.d.s.w.r.o.CachingOperationNameGenerator - [startingWith,40] - Generating unique operation named: getInfoUsingGET_7
11:12:19.404 [main] INFO  s.d.s.w.r.o.CachingOperationNameGenerator - [startingWith,40] - Generating unique operation named: listUsingGET_7
11:12:19.407 [main] INFO  s.d.s.w.r.o.CachingOperationNameGenerator - [startingWith,40] - Generating unique operation named: removeUsingDELETE_7
11:12:19.412 [main] INFO  s.d.s.w.r.o.CachingOperationNameGenerator - [startingWith,40] - Generating unique operation named: addUsingPOST_8
11:12:19.419 [main] INFO  s.d.s.w.r.o.CachingOperationNameGenerator - [startingWith,40] - Generating unique operation named: exportUsingPOST_7
11:12:19.421 [main] INFO  s.d.s.w.r.o.CachingOperationNameGenerator - [startingWith,40] - Generating unique operation named: listUsingGET_8
11:12:19.423 [main] INFO  s.d.s.w.r.o.CachingOperationNameGenerator - [startingWith,40] - Generating unique operation named: removeUsingDELETE_8
11:12:19.434 [main] INFO  s.d.s.w.r.o.CachingOperationNameGenerator - [startingWith,40] - Generating unique operation named: addUsingPOST_9
11:12:19.440 [main] INFO  s.d.s.w.r.o.CachingOperationNameGenerator - [startingWith,40] - Generating unique operation named: editUsingPUT_8
11:12:19.443 [main] INFO  s.d.s.w.r.o.CachingOperationNameGenerator - [startingWith,40] - Generating unique operation named: getInfoUsingGET_8
11:12:19.455 [main] INFO  s.d.s.w.r.o.CachingOperationNameGenerator - [startingWith,40] - Generating unique operation named: listUsingGET_9
11:12:19.457 [main] INFO  s.d.s.w.r.o.CachingOperationNameGenerator - [startingWith,40] - Generating unique operation named: removeUsingDELETE_9
11:12:19.464 [main] INFO  s.d.s.w.r.o.CachingOperationNameGenerator - [startingWith,40] - Generating unique operation named: treeselectUsingGET_1
11:12:19.471 [main] INFO  s.d.s.w.r.o.CachingOperationNameGenerator - [startingWith,40] - Generating unique operation named: addUsingPOST_10
11:12:19.472 [main] INFO  s.d.s.w.r.o.CachingOperationNameGenerator - [startingWith,40] - Generating unique operation named: editUsingPUT_9
11:12:19.474 [main] INFO  s.d.s.w.r.o.CachingOperationNameGenerator - [startingWith,40] - Generating unique operation named: getInfoUsingGET_9
11:12:19.486 [main] INFO  s.d.s.w.r.o.CachingOperationNameGenerator - [startingWith,40] - Generating unique operation named: listUsingGET_10
11:12:19.489 [main] INFO  s.d.s.w.r.o.CachingOperationNameGenerator - [startingWith,40] - Generating unique operation named: removeUsingDELETE_10
11:12:19.505 [main] INFO  s.d.s.w.r.o.CachingOperationNameGenerator - [startingWith,40] - Generating unique operation named: addUsingPOST_11
11:12:19.508 [main] INFO  s.d.s.w.r.o.CachingOperationNameGenerator - [startingWith,40] - Generating unique operation named: cleanUsingDELETE_1
11:12:19.514 [main] INFO  s.d.s.w.r.o.CachingOperationNameGenerator - [startingWith,40] - Generating unique operation named: exportUsingPOST_8
11:12:19.516 [main] INFO  s.d.s.w.r.o.CachingOperationNameGenerator - [startingWith,40] - Generating unique operation named: listUsingGET_11
11:12:19.534 [main] INFO  s.d.s.w.r.o.CachingOperationNameGenerator - [startingWith,40] - Generating unique operation named: removeUsingDELETE_11
11:12:19.542 [main] INFO  s.d.s.w.r.o.CachingOperationNameGenerator - [startingWith,40] - Generating unique operation named: addUsingPOST_12
11:12:19.543 [main] INFO  s.d.s.w.r.o.CachingOperationNameGenerator - [startingWith,40] - Generating unique operation named: editUsingPUT_10
11:12:19.552 [main] INFO  s.d.s.w.r.o.CachingOperationNameGenerator - [startingWith,40] - Generating unique operation named: exportUsingPOST_9
11:12:19.554 [main] INFO  s.d.s.w.r.o.CachingOperationNameGenerator - [startingWith,40] - Generating unique operation named: getInfoUsingGET_10
11:12:19.559 [main] INFO  s.d.s.w.r.o.CachingOperationNameGenerator - [startingWith,40] - Generating unique operation named: listUsingGET_12
11:12:19.564 [main] INFO  s.d.s.w.r.o.CachingOperationNameGenerator - [startingWith,40] - Generating unique operation named: optionselectUsingGET_1
11:12:19.567 [main] INFO  s.d.s.w.r.o.CachingOperationNameGenerator - [startingWith,40] - Generating unique operation named: removeUsingDELETE_12
11:12:19.624 [main] INFO  s.d.s.w.r.o.CachingOperationNameGenerator - [startingWith,40] - Generating unique operation named: addUsingPOST_13
11:12:19.630 [main] INFO  s.d.s.w.r.o.CachingOperationNameGenerator - [startingWith,40] - Generating unique operation named: editUsingPUT_11
11:12:19.638 [main] INFO  s.d.s.w.r.o.CachingOperationNameGenerator - [startingWith,40] - Generating unique operation named: exportUsingPOST_10
11:12:19.649 [main] INFO  s.d.s.w.r.o.CachingOperationNameGenerator - [startingWith,40] - Generating unique operation named: getInfoUsingGET_11
11:12:19.652 [main] INFO  s.d.s.w.r.o.CachingOperationNameGenerator - [startingWith,40] - Generating unique operation named: listUsingGET_13
11:12:19.653 [main] INFO  s.d.s.w.r.o.CachingOperationNameGenerator - [startingWith,40] - Generating unique operation named: optionselectUsingGET_2
11:12:19.655 [main] INFO  s.d.s.w.r.o.CachingOperationNameGenerator - [startingWith,40] - Generating unique operation named: removeUsingDELETE_13
11:12:19.659 [main] INFO  s.d.s.w.r.o.CachingOperationNameGenerator - [startingWith,40] - Generating unique operation named: addUsingPOST_14
11:12:19.664 [main] INFO  s.d.s.w.r.o.CachingOperationNameGenerator - [startingWith,40] - Generating unique operation named: changeStatusUsingPUT_1
11:12:19.666 [main] INFO  s.d.s.w.r.o.CachingOperationNameGenerator - [startingWith,40] - Generating unique operation named: editUsingPUT_12
11:12:19.677 [main] INFO  s.d.s.w.r.o.CachingOperationNameGenerator - [startingWith,40] - Generating unique operation named: exportUsingPOST_11
11:12:19.681 [main] INFO  s.d.s.w.r.o.CachingOperationNameGenerator - [startingWith,40] - Generating unique operation named: getInfoUsingGET_12
11:12:19.682 [main] INFO  s.d.s.w.r.o.CachingOperationNameGenerator - [startingWith,40] - Generating unique operation named: getInfoUsingGET_13
11:12:19.686 [main] INFO  s.d.s.w.r.o.CachingOperationNameGenerator - [startingWith,40] - Generating unique operation named: getInfoUsingGET_14
11:12:19.734 [main] INFO  s.d.s.w.r.o.CachingOperationNameGenerator - [startingWith,40] - Generating unique operation named: listUsingGET_14
11:12:19.736 [main] INFO  s.d.s.w.r.o.CachingOperationNameGenerator - [startingWith,40] - Generating unique operation named: removeUsingDELETE_14
11:12:19.743 [main] INFO  s.d.s.w.r.o.CachingOperationNameGenerator - [startingWith,40] - Generating unique operation named: listUsingGET_15
11:12:19.809 [main] INFO  c.r.s.RuoYiSystemApplication - [logStarted,61] - Started RuoYiSystemApplication in 41.457 seconds (JVM running for 46.939)
11:12:19.824 [main] INFO  c.a.n.c.c.i.ClientWorker - [addCacheDataIfAbsent,262] - [fixed-127.0.0.1_8848] [subscribe] ruoyi-system+DEFAULT_GROUP
11:12:19.825 [main] INFO  c.a.n.c.c.i.CacheData - [addListener,93] - [fixed-127.0.0.1_8848] [add-listener] ok, tenant=, dataId=ruoyi-system, group=DEFAULT_GROUP, cnt=1
11:12:19.826 [main] INFO  c.a.n.c.c.i.ClientWorker - [addCacheDataIfAbsent,262] - [fixed-127.0.0.1_8848] [subscribe] ruoyi-system.yml+DEFAULT_GROUP
11:12:19.826 [main] INFO  c.a.n.c.c.i.CacheData - [addListener,93] - [fixed-127.0.0.1_8848] [add-listener] ok, tenant=, dataId=ruoyi-system.yml, group=DEFAULT_GROUP, cnt=1
11:12:19.830 [main] INFO  c.a.n.c.c.i.ClientWorker - [addCacheDataIfAbsent,262] - [fixed-127.0.0.1_8848] [subscribe] ruoyi-system-dev.yml+DEFAULT_GROUP
11:12:19.830 [main] INFO  c.a.n.c.c.i.CacheData - [addListener,93] - [fixed-127.0.0.1_8848] [add-listener] ok, tenant=, dataId=ruoyi-system-dev.yml, group=DEFAULT_GROUP, cnt=1
11:12:20.235 [RMI TCP Connection(10)-192.168.56.1] INFO  o.a.c.c.C.[.[.[/] - [log,173] - Initializing Spring DispatcherServlet 'dispatcherServlet'
21:25:57.818 [SpringContextShutdownHook] INFO  c.a.n.client.naming - [removeListener,104] - [LISTENER] removing DEFAULT_GROUP@@ruoyi-system with DEFAULT from listener map
21:25:57.825 [SpringContextShutdownHook] INFO  c.a.c.n.r.NacosServiceRegistry - [deregister,86] - De-registering from Nacos Server now...
21:25:57.826 [SpringContextShutdownHook] INFO  c.a.n.client.naming - [removeBeatInfo,101] - [BEAT] removing beat: DEFAULT_GROUP@@ruoyi-system:192.168.1.4:9201 from beat map.
21:25:57.827 [SpringContextShutdownHook] INFO  c.a.n.client.naming - [deregisterService,253] - [DEREGISTER-SERVICE] public deregistering service DEFAULT_GROUP@@ruoyi-system with instance: Instance{instanceId='null', ip='192.168.1.4', port=9201, weight=1.0, healthy=true, enabled=true, ephemeral=true, clusterName='DEFAULT', serviceName='null', metadata={}}
21:25:57.829 [SpringContextShutdownHook] INFO  c.a.c.n.r.NacosServiceRegistry - [deregister,106] - De-registration finished.
21:25:57.830 [SpringContextShutdownHook] INFO  c.a.n.client.naming - [shutdown,147] - com.alibaba.nacos.client.naming.beat.BeatReactor do shutdown begin
21:25:58.831 [com.alibaba.nacos.naming.push.receiver] INFO  c.a.n.client.naming - [run,86] - received push data: {"type":"dom","data":"{\"dom\":\"DEFAULT_GROUP@@ruoyi-system\",\"name\":\"DEFAULT_GROUP@@ruoyi-system\",\"cacheMillis\":10000,\"lastRefTime\":1611840358829,\"checksum\":\"b3eaa86541f902eea7299612b9d0d3d5\",\"useSpecifiedURL\":false,\"clusters\":\"DEFAULT\",\"env\":\"\",\"hosts\":[],\"metadata\":{}}","lastRefTime":870677388505502} from /192.168.56.1
21:25:58.832 [com.alibaba.nacos.naming.push.receiver] INFO  c.a.n.client.naming - [processServiceJson,197] - removed ips(1) service: DEFAULT_GROUP@@ruoyi-system@@DEFAULT -> [{"instanceId":"192.168.1.4#9201#DEFAULT#DEFAULT_GROUP@@ruoyi-system","ip":"192.168.1.4","port":9201,"weight":1.0,"healthy":true,"enabled":true,"ephemeral":true,"clusterName":"DEFAULT","serviceName":"DEFAULT_GROUP@@ruoyi-system","metadata":{"preserved.register.source":"SPRING_CLOUD"},"ipDeleteTimeout":30000,"instanceHeartBeatTimeOut":15000,"instanceHeartBeatInterval":5000}]
21:25:58.836 [com.alibaba.nacos.naming.push.receiver] INFO  c.a.n.client.naming - [processServiceJson,228] - current ips:(0) service: DEFAULT_GROUP@@ruoyi-system@@DEFAULT -> []
21:26:00.311 [SpringContextShutdownHook] INFO  c.a.n.client.naming - [shutdown,149] - com.alibaba.nacos.client.naming.beat.BeatReactor do shutdown stop
21:26:00.311 [SpringContextShutdownHook] INFO  c.a.n.client.naming - [shutdown,149] - com.alibaba.nacos.client.naming.core.EventDispatcher do shutdown begin
21:26:03.328 [SpringContextShutdownHook] INFO  c.a.n.client.naming - [shutdown,152] - com.alibaba.nacos.client.naming.core.EventDispatcher do shutdown stop
21:26:03.328 [SpringContextShutdownHook] INFO  c.a.n.client.naming - [shutdown,370] - com.alibaba.nacos.client.naming.core.HostReactor do shutdown begin
21:26:05.128 [SpringContextShutdownHook] INFO  c.a.n.client.naming - [shutdown,118] - com.alibaba.nacos.client.naming.core.PushReceiver do shutdown begin
21:26:08.157 [SpringContextShutdownHook] INFO  c.a.n.client.naming - [shutdown,122] - com.alibaba.nacos.client.naming.core.PushReceiver do shutdown stop
21:26:08.157 [SpringContextShutdownHook] INFO  c.a.n.client.naming - [shutdown,132] - com.alibaba.nacos.client.naming.backups.FailoverReactor do shutdown begin
21:26:08.158 [SpringContextShutdownHook] INFO  c.a.n.client.naming - [shutdown,134] - com.alibaba.nacos.client.naming.backups.FailoverReactor do shutdown stop
21:26:08.158 [SpringContextShutdownHook] INFO  c.a.n.client.naming - [shutdown,374] - com.alibaba.nacos.client.naming.core.HostReactor do shutdown stop
21:26:08.158 [SpringContextShutdownHook] INFO  c.a.n.client.naming - [shutdown,715] - com.alibaba.nacos.client.naming.net.NamingProxy do shutdown begin
21:26:08.161 [SpringContextShutdownHook] INFO  c.a.n.client.naming - [shutdown,718] - com.alibaba.nacos.client.naming.net.NamingProxy do shutdown stop
21:26:08.347 [SpringContextShutdownHook] INFO  c.b.d.d.DynamicRoutingDataSource - [destroy,217] - dynamic-datasource start closing ....
21:26:08.367 [SpringContextShutdownHook] INFO  c.a.d.p.DruidDataSource - [close,2032] - {dataSource-1} closing ...
21:26:08.370 [SpringContextShutdownHook] INFO  c.a.d.p.DruidDataSource - [close,2104] - {dataSource-1} closed
21:26:08.370 [SpringContextShutdownHook] INFO  c.b.d.d.DynamicRoutingDataSource - [destroy,221] - dynamic-datasource all closed success,bye
21:26:23.117 [background-preinit] INFO  o.h.v.i.util.Version - [<clinit>,21] - HV000001: Hibernate Validator 6.1.6.Final
21:26:26.092 [main] INFO  c.a.n.c.c.i.LocalConfigInfoProcessor - [<clinit>,212] - LOCAL_SNAPSHOT_PATH:C:\Users\Administrator\nacos\config
21:26:26.221 [main] INFO  c.a.n.c.c.i.Limiter - [<clinit>,54] - limitTime:5.0
21:26:26.324 [main] INFO  c.a.n.c.c.u.JvmUtil - [<clinit>,49] - isMultiInstance:false
21:26:26.427 [main] INFO  c.r.s.RuoYiSystemApplication - [logStartupProfileInfo,655] - The following profiles are active: dev
21:26:32.404 [main] INFO  o.a.c.h.Http11NioProtocol - [log,173] - Initializing ProtocolHandler ["http-nio-9201"]
21:26:32.406 [main] INFO  o.a.c.c.StandardService - [log,173] - Starting service [Tomcat]
21:26:32.406 [main] INFO  o.a.c.c.StandardEngine - [log,173] - Starting Servlet engine: [Apache Tomcat/9.0.41]
21:26:32.620 [main] INFO  o.a.c.c.C.[.[.[/] - [log,173] - Initializing Spring embedded WebApplicationContext
21:26:33.462 [main] INFO  c.a.d.p.DruidDataSource - [init,985] - {dataSource-1,master} inited
21:26:33.464 [main] INFO  c.b.d.d.DynamicRoutingDataSource - [addDataSource,132] - dynamic-datasource - load a datasource named [master] success
21:26:33.464 [main] INFO  c.b.d.d.DynamicRoutingDataSource - [afterPropertiesSet,237] - dynamic-datasource initial loaded [1] datasource,primary datasource named [master]
21:26:37.514 [main] INFO  c.a.c.s.SentinelWebAutoConfiguration - [addInterceptors,80] - [Sentinel Starter] register SentinelWebInterceptor with urlPatterns: [/**].
21:26:38.002 [main] INFO  c.a.n.client.naming - [call,64] - initializer namespace from System Property :null
21:26:38.004 [main] INFO  c.a.n.client.naming - [call,73] - initializer namespace from System Environment :null
21:26:38.005 [main] INFO  c.a.n.client.naming - [call,83] - initializer namespace from System Property :null
21:26:38.459 [main] INFO  s.d.s.w.PropertySourcedRequestMappingHandlerMapping - [initHandlerMethods,69] - Mapped URL path [/v2/api-docs] onto method [springfox.documentation.swagger2.web.Swagger2Controller#getDocumentation(String, HttpServletRequest)]
21:26:38.535 [main] INFO  c.n.c.s.URLConfigurationSource - [<init>,122] - To enable URLs as dynamic configuration sources, define System property archaius.configurationSource.additionalUrls or make config.properties available on classpath.
21:26:38.541 [main] INFO  c.n.c.s.URLConfigurationSource - [<init>,122] - To enable URLs as dynamic configuration sources, define System property archaius.configurationSource.additionalUrls or make config.properties available on classpath.
21:26:40.212 [main] INFO  c.a.n.client.naming - [addListener,83] - [LISTENER] adding DEFAULT_GROUP@@ruoyi-system with DEFAULT to listener map
21:26:40.218 [main] INFO  o.a.c.h.Http11NioProtocol - [log,173] - Starting ProtocolHandler ["http-nio-9201"]
21:26:40.268 [main] INFO  c.a.n.client.naming - [addBeatInfo,81] - [BEAT] adding beat: BeatInfo{port=9201, ip='192.168.1.4', weight=1.0, serviceName='DEFAULT_GROUP@@ruoyi-system', cluster='DEFAULT', metadata={preserved.register.source=SPRING_CLOUD}, scheduled=false, period=5000, stopped=false} to beat map.
21:26:40.269 [main] INFO  c.a.n.client.naming - [registerService,223] - [REGISTER-SERVICE] public registering service DEFAULT_GROUP@@ruoyi-system with instance: Instance{instanceId='null', ip='192.168.1.4', port=9201, weight=1.0, healthy=true, enabled=true, ephemeral=true, clusterName='DEFAULT', serviceName='null', metadata={preserved.register.source=SPRING_CLOUD}}
21:26:40.274 [main] INFO  c.a.c.n.r.NacosServiceRegistry - [register,71] - nacos registry, DEFAULT_GROUP ruoyi-system 192.168.1.4:9201 register finished
21:26:40.596 [main] INFO  s.d.s.w.p.DocumentationPluginsBootstrapper - [start,160] - Context refreshed
21:26:40.613 [main] INFO  s.d.s.w.p.DocumentationPluginsBootstrapper - [start,163] - Found 1 custom documentation plugin(s)
21:26:40.712 [main] INFO  s.d.s.w.s.ApiListingReferenceScanner - [scan,41] - Scanning for api listing references
21:26:40.926 [main] INFO  s.d.s.w.r.o.CachingOperationNameGenerator - [startingWith,40] - Generating unique operation named: addUsingPOST_1
21:26:40.929 [main] INFO  s.d.s.w.r.o.CachingOperationNameGenerator - [startingWith,40] - Generating unique operation named: editUsingPUT_1
21:26:40.936 [main] INFO  s.d.s.w.r.o.CachingOperationNameGenerator - [startingWith,40] - Generating unique operation named: exportUsingPOST_1
21:26:40.938 [main] INFO  s.d.s.w.r.o.CachingOperationNameGenerator - [startingWith,40] - Generating unique operation named: getInfoUsingGET_1
21:26:40.942 [main] INFO  s.d.s.w.r.o.CachingOperationNameGenerator - [startingWith,40] - Generating unique operation named: listUsingGET_1
21:26:40.944 [main] INFO  s.d.s.w.r.o.CachingOperationNameGenerator - [startingWith,40] - Generating unique operation named: removeUsingDELETE_1
21:26:40.953 [main] INFO  s.d.s.w.r.o.CachingOperationNameGenerator - [startingWith,40] - Generating unique operation named: addUsingPOST_2
21:26:40.955 [main] INFO  s.d.s.w.r.o.CachingOperationNameGenerator - [startingWith,40] - Generating unique operation named: editUsingPUT_2
21:26:40.962 [main] INFO  s.d.s.w.r.o.CachingOperationNameGenerator - [startingWith,40] - Generating unique operation named: exportUsingPOST_2
21:26:40.965 [main] INFO  s.d.s.w.r.o.CachingOperationNameGenerator - [startingWith,40] - Generating unique operation named: getInfoUsingGET_2
21:26:40.967 [main] INFO  s.d.s.w.r.o.CachingOperationNameGenerator - [startingWith,40] - Generating unique operation named: listUsingGET_2
21:26:40.969 [main] INFO  s.d.s.w.r.o.CachingOperationNameGenerator - [startingWith,40] - Generating unique operation named: removeUsingDELETE_2
21:26:40.981 [main] INFO  s.d.s.w.r.o.CachingOperationNameGenerator - [startingWith,40] - Generating unique operation named: addUsingPOST_3
21:26:40.984 [main] INFO  s.d.s.w.r.o.CachingOperationNameGenerator - [startingWith,40] - Generating unique operation named: editUsingPUT_3
21:26:40.993 [main] INFO  s.d.s.w.r.o.CachingOperationNameGenerator - [startingWith,40] - Generating unique operation named: exportUsingPOST_3
21:26:40.995 [main] INFO  s.d.s.w.r.o.CachingOperationNameGenerator - [startingWith,40] - Generating unique operation named: getInfoUsingGET_3
21:26:40.999 [main] INFO  s.d.s.w.r.o.CachingOperationNameGenerator - [startingWith,40] - Generating unique operation named: listUsingGET_3
21:26:41.001 [main] INFO  s.d.s.w.r.o.CachingOperationNameGenerator - [startingWith,40] - Generating unique operation named: removeUsingDELETE_3
21:26:41.009 [main] INFO  s.d.s.w.r.o.CachingOperationNameGenerator - [startingWith,40] - Generating unique operation named: addUsingPOST_4
21:26:41.011 [main] INFO  s.d.s.w.r.o.CachingOperationNameGenerator - [startingWith,40] - Generating unique operation named: editUsingPUT_4
21:26:41.016 [main] INFO  s.d.s.w.r.o.CachingOperationNameGenerator - [startingWith,40] - Generating unique operation named: exportUsingPOST_4
21:26:41.019 [main] INFO  s.d.s.w.r.o.CachingOperationNameGenerator - [startingWith,40] - Generating unique operation named: getInfoUsingGET_4
21:26:41.021 [main] INFO  s.d.s.w.r.o.CachingOperationNameGenerator - [startingWith,40] - Generating unique operation named: listUsingGET_4
21:26:41.024 [main] INFO  s.d.s.w.r.o.CachingOperationNameGenerator - [startingWith,40] - Generating unique operation named: removeUsingDELETE_4
21:26:41.033 [main] INFO  s.d.s.w.r.o.CachingOperationNameGenerator - [startingWith,40] - Generating unique operation named: addUsingPOST_5
21:26:41.035 [main] INFO  s.d.s.w.r.o.CachingOperationNameGenerator - [startingWith,40] - Generating unique operation named: editUsingPUT_5
21:26:41.038 [main] INFO  s.d.s.w.r.o.CachingOperationNameGenerator - [startingWith,40] - Generating unique operation named: getInfoUsingGET_5
21:26:41.049 [main] INFO  s.d.s.w.r.o.CachingOperationNameGenerator - [startingWith,40] - Generating unique operation named: listUsingGET_5
21:26:41.051 [main] INFO  s.d.s.w.r.o.CachingOperationNameGenerator - [startingWith,40] - Generating unique operation named: removeUsingDELETE_5
21:26:41.063 [main] INFO  s.d.s.w.r.o.CachingOperationNameGenerator - [startingWith,40] - Generating unique operation named: addUsingPOST_6
21:26:41.065 [main] INFO  s.d.s.w.r.o.CachingOperationNameGenerator - [startingWith,40] - Generating unique operation named: editUsingPUT_6
21:26:41.071 [main] INFO  s.d.s.w.r.o.CachingOperationNameGenerator - [startingWith,40] - Generating unique operation named: exportUsingPOST_5
21:26:41.072 [main] INFO  s.d.s.w.r.o.CachingOperationNameGenerator - [startingWith,40] - Generating unique operation named: getInfoUsingGET_6
21:26:41.076 [main] INFO  s.d.s.w.r.o.CachingOperationNameGenerator - [startingWith,40] - Generating unique operation named: listUsingGET_6
21:26:41.077 [main] INFO  s.d.s.w.r.o.CachingOperationNameGenerator - [startingWith,40] - Generating unique operation named: removeUsingDELETE_6
21:26:41.083 [main] INFO  s.d.s.w.r.o.CachingOperationNameGenerator - [startingWith,40] - Generating unique operation named: addUsingPOST_7
21:26:41.085 [main] INFO  s.d.s.w.r.o.CachingOperationNameGenerator - [startingWith,40] - Generating unique operation named: clearCacheUsingDELETE_1
21:26:41.086 [main] INFO  s.d.s.w.r.o.CachingOperationNameGenerator - [startingWith,40] - Generating unique operation named: editUsingPUT_7
21:26:41.091 [main] INFO  s.d.s.w.r.o.CachingOperationNameGenerator - [startingWith,40] - Generating unique operation named: exportUsingPOST_6
21:26:41.093 [main] INFO  s.d.s.w.r.o.CachingOperationNameGenerator - [startingWith,40] - Generating unique operation named: getInfoUsingGET_7
21:26:41.095 [main] INFO  s.d.s.w.r.o.CachingOperationNameGenerator - [startingWith,40] - Generating unique operation named: listUsingGET_7
21:26:41.097 [main] INFO  s.d.s.w.r.o.CachingOperationNameGenerator - [startingWith,40] - Generating unique operation named: removeUsingDELETE_7
21:26:41.101 [main] INFO  s.d.s.w.r.o.CachingOperationNameGenerator - [startingWith,40] - Generating unique operation named: addUsingPOST_8
21:26:41.107 [main] INFO  s.d.s.w.r.o.CachingOperationNameGenerator - [startingWith,40] - Generating unique operation named: exportUsingPOST_7
21:26:41.109 [main] INFO  s.d.s.w.r.o.CachingOperationNameGenerator - [startingWith,40] - Generating unique operation named: listUsingGET_8
21:26:41.111 [main] INFO  s.d.s.w.r.o.CachingOperationNameGenerator - [startingWith,40] - Generating unique operation named: removeUsingDELETE_8
21:26:41.119 [main] INFO  s.d.s.w.r.o.CachingOperationNameGenerator - [startingWith,40] - Generating unique operation named: addUsingPOST_9
21:26:41.120 [main] INFO  s.d.s.w.r.o.CachingOperationNameGenerator - [startingWith,40] - Generating unique operation named: editUsingPUT_8
21:26:41.122 [main] INFO  s.d.s.w.r.o.CachingOperationNameGenerator - [startingWith,40] - Generating unique operation named: getInfoUsingGET_8
21:26:41.130 [main] INFO  s.d.s.w.r.o.CachingOperationNameGenerator - [startingWith,40] - Generating unique operation named: listUsingGET_9
21:26:41.132 [main] INFO  s.d.s.w.r.o.CachingOperationNameGenerator - [startingWith,40] - Generating unique operation named: removeUsingDELETE_9
21:26:41.136 [main] INFO  s.d.s.w.r.o.CachingOperationNameGenerator - [startingWith,40] - Generating unique operation named: treeselectUsingGET_1
21:26:41.144 [main] INFO  s.d.s.w.r.o.CachingOperationNameGenerator - [startingWith,40] - Generating unique operation named: addUsingPOST_10
21:26:41.145 [main] INFO  s.d.s.w.r.o.CachingOperationNameGenerator - [startingWith,40] - Generating unique operation named: editUsingPUT_9
21:26:41.146 [main] INFO  s.d.s.w.r.o.CachingOperationNameGenerator - [startingWith,40] - Generating unique operation named: getInfoUsingGET_9
21:26:41.152 [main] INFO  s.d.s.w.r.o.CachingOperationNameGenerator - [startingWith,40] - Generating unique operation named: listUsingGET_10
21:26:41.154 [main] INFO  s.d.s.w.r.o.CachingOperationNameGenerator - [startingWith,40] - Generating unique operation named: removeUsingDELETE_10
21:26:41.163 [main] INFO  s.d.s.w.r.o.CachingOperationNameGenerator - [startingWith,40] - Generating unique operation named: addUsingPOST_11
21:26:41.164 [main] INFO  s.d.s.w.r.o.CachingOperationNameGenerator - [startingWith,40] - Generating unique operation named: cleanUsingDELETE_1
21:26:41.170 [main] INFO  s.d.s.w.r.o.CachingOperationNameGenerator - [startingWith,40] - Generating unique operation named: exportUsingPOST_8
21:26:41.173 [main] INFO  s.d.s.w.r.o.CachingOperationNameGenerator - [startingWith,40] - Generating unique operation named: listUsingGET_11
21:26:41.174 [main] INFO  s.d.s.w.r.o.CachingOperationNameGenerator - [startingWith,40] - Generating unique operation named: removeUsingDELETE_11
21:26:41.181 [main] INFO  s.d.s.w.r.o.CachingOperationNameGenerator - [startingWith,40] - Generating unique operation named: addUsingPOST_12
21:26:41.183 [main] INFO  s.d.s.w.r.o.CachingOperationNameGenerator - [startingWith,40] - Generating unique operation named: editUsingPUT_10
21:26:41.189 [main] INFO  s.d.s.w.r.o.CachingOperationNameGenerator - [startingWith,40] - Generating unique operation named: exportUsingPOST_9
21:26:41.191 [main] INFO  s.d.s.w.r.o.CachingOperationNameGenerator - [startingWith,40] - Generating unique operation named: getInfoUsingGET_10
21:26:41.193 [main] INFO  s.d.s.w.r.o.CachingOperationNameGenerator - [startingWith,40] - Generating unique operation named: listUsingGET_12
21:26:41.194 [main] INFO  s.d.s.w.r.o.CachingOperationNameGenerator - [startingWith,40] - Generating unique operation named: optionselectUsingGET_1
21:26:41.195 [main] INFO  s.d.s.w.r.o.CachingOperationNameGenerator - [startingWith,40] - Generating unique operation named: removeUsingDELETE_12
21:26:41.228 [main] INFO  s.d.s.w.r.o.CachingOperationNameGenerator - [startingWith,40] - Generating unique operation named: addUsingPOST_13
21:26:41.234 [main] INFO  s.d.s.w.r.o.CachingOperationNameGenerator - [startingWith,40] - Generating unique operation named: editUsingPUT_11
21:26:41.239 [com.alibaba.nacos.client.naming.updater] INFO  c.a.n.client.naming - [processServiceJson,191] - new ips(1) service: DEFAULT_GROUP@@ruoyi-system@@DEFAULT -> [{"instanceId":"192.168.1.4#9201#DEFAULT#DEFAULT_GROUP@@ruoyi-system","ip":"192.168.1.4","port":9201,"weight":1.0,"healthy":true,"enabled":true,"ephemeral":true,"clusterName":"DEFAULT","serviceName":"DEFAULT_GROUP@@ruoyi-system","metadata":{"preserved.register.source":"SPRING_CLOUD"},"ipDeleteTimeout":30000,"instanceHeartBeatTimeOut":15000,"instanceHeartBeatInterval":5000}]
21:26:41.242 [main] INFO  s.d.s.w.r.o.CachingOperationNameGenerator - [startingWith,40] - Generating unique operation named: exportUsingPOST_10
21:26:41.249 [main] INFO  s.d.s.w.r.o.CachingOperationNameGenerator - [startingWith,40] - Generating unique operation named: getInfoUsingGET_11
21:26:41.251 [com.alibaba.nacos.client.naming.updater] INFO  c.a.n.client.naming - [processServiceJson,228] - current ips:(1) service: DEFAULT_GROUP@@ruoyi-system@@DEFAULT -> [{"instanceId":"192.168.1.4#9201#DEFAULT#DEFAULT_GROUP@@ruoyi-system","ip":"192.168.1.4","port":9201,"weight":1.0,"healthy":true,"enabled":true,"ephemeral":true,"clusterName":"DEFAULT","serviceName":"DEFAULT_GROUP@@ruoyi-system","metadata":{"preserved.register.source":"SPRING_CLOUD"},"ipDeleteTimeout":30000,"instanceHeartBeatTimeOut":15000,"instanceHeartBeatInterval":5000}]
21:26:41.254 [main] INFO  s.d.s.w.r.o.CachingOperationNameGenerator - [startingWith,40] - Generating unique operation named: listUsingGET_13
21:26:41.255 [main] INFO  s.d.s.w.r.o.CachingOperationNameGenerator - [startingWith,40] - Generating unique operation named: optionselectUsingGET_2
21:26:41.256 [main] INFO  s.d.s.w.r.o.CachingOperationNameGenerator - [startingWith,40] - Generating unique operation named: removeUsingDELETE_13
21:26:41.260 [main] INFO  s.d.s.w.r.o.CachingOperationNameGenerator - [startingWith,40] - Generating unique operation named: addUsingPOST_14
21:26:41.261 [main] INFO  s.d.s.w.r.o.CachingOperationNameGenerator - [startingWith,40] - Generating unique operation named: changeStatusUsingPUT_1
21:26:41.263 [main] INFO  s.d.s.w.r.o.CachingOperationNameGenerator - [startingWith,40] - Generating unique operation named: editUsingPUT_12
21:26:41.272 [main] INFO  s.d.s.w.r.o.CachingOperationNameGenerator - [startingWith,40] - Generating unique operation named: exportUsingPOST_11
21:26:41.275 [main] INFO  s.d.s.w.r.o.CachingOperationNameGenerator - [startingWith,40] - Generating unique operation named: getInfoUsingGET_12
21:26:41.277 [main] INFO  s.d.s.w.r.o.CachingOperationNameGenerator - [startingWith,40] - Generating unique operation named: getInfoUsingGET_13
21:26:41.279 [main] INFO  s.d.s.w.r.o.CachingOperationNameGenerator - [startingWith,40] - Generating unique operation named: getInfoUsingGET_14
21:26:41.280 [com.alibaba.nacos.naming.push.receiver] INFO  c.a.n.client.naming - [run,86] - received push data: {"type":"dom","data":"{\"hosts\":[{\"ip\":\"192.168.1.4\",\"port\":9201,\"valid\":true,\"healthy\":true,\"marked\":false,\"instanceId\":\"192.168.1.4#9201#DEFAULT#DEFAULT_GROUP@@ruoyi-system\",\"metadata\":{\"preserved.register.source\":\"SPRING_CLOUD\"},\"enabled\":true,\"weight\":1.0,\"clusterName\":\"DEFAULT\",\"serviceName\":\"DEFAULT_GROUP@@ruoyi-system\",\"ephemeral\":true}],\"dom\":\"DEFAULT_GROUP@@ruoyi-system\",\"name\":\"DEFAULT_GROUP@@ruoyi-system\",\"cacheMillis\":10000,\"lastRefTime\":1611840401275,\"checksum\":\"080b54a198a6ec6a714f63bfccf2c13e\",\"useSpecifiedURL\":false,\"clusters\":\"DEFAULT\",\"env\":\"\",\"metadata\":{}}","lastRefTime":870719836381416} from /192.168.56.1
21:26:41.307 [main] INFO  s.d.s.w.r.o.CachingOperationNameGenerator - [startingWith,40] - Generating unique operation named: listUsingGET_14
21:26:41.309 [main] INFO  s.d.s.w.r.o.CachingOperationNameGenerator - [startingWith,40] - Generating unique operation named: removeUsingDELETE_14
21:26:41.313 [main] INFO  s.d.s.w.r.o.CachingOperationNameGenerator - [startingWith,40] - Generating unique operation named: listUsingGET_15
21:26:41.349 [main] INFO  c.r.s.RuoYiSystemApplication - [logStarted,61] - Started RuoYiSystemApplication in 19.575 seconds (JVM running for 23.138)
21:26:41.360 [main] INFO  c.a.n.c.c.i.ClientWorker - [addCacheDataIfAbsent,262] - [fixed-127.0.0.1_8848] [subscribe] ruoyi-system+DEFAULT_GROUP
21:26:41.362 [main] INFO  c.a.n.c.c.i.CacheData - [addListener,93] - [fixed-127.0.0.1_8848] [add-listener] ok, tenant=, dataId=ruoyi-system, group=DEFAULT_GROUP, cnt=1
21:26:41.362 [main] INFO  c.a.n.c.c.i.ClientWorker - [addCacheDataIfAbsent,262] - [fixed-127.0.0.1_8848] [subscribe] ruoyi-system.yml+DEFAULT_GROUP
21:26:41.363 [main] INFO  c.a.n.c.c.i.CacheData - [addListener,93] - [fixed-127.0.0.1_8848] [add-listener] ok, tenant=, dataId=ruoyi-system.yml, group=DEFAULT_GROUP, cnt=1
21:26:41.364 [main] INFO  c.a.n.c.c.i.ClientWorker - [addCacheDataIfAbsent,262] - [fixed-127.0.0.1_8848] [subscribe] ruoyi-system-dev.yml+DEFAULT_GROUP
21:26:41.364 [main] INFO  c.a.n.c.c.i.CacheData - [addListener,93] - [fixed-127.0.0.1_8848] [add-listener] ok, tenant=, dataId=ruoyi-system-dev.yml, group=DEFAULT_GROUP, cnt=1
21:26:41.854 [RMI TCP Connection(6)-192.168.56.1] INFO  o.a.c.c.C.[.[.[/] - [log,173] - Initializing Spring DispatcherServlet 'dispatcherServlet'
22:19:08.653 [SpringContextShutdownHook] INFO  c.a.n.client.naming - [removeListener,104] - [LISTENER] removing DEFAULT_GROUP@@ruoyi-system with DEFAULT from listener map
22:19:08.657 [SpringContextShutdownHook] INFO  c.a.c.n.r.NacosServiceRegistry - [deregister,86] - De-registering from Nacos Server now...
22:19:08.657 [SpringContextShutdownHook] INFO  c.a.n.client.naming - [removeBeatInfo,101] - [BEAT] removing beat: DEFAULT_GROUP@@ruoyi-system:192.168.1.4:9201 from beat map.
22:19:08.658 [SpringContextShutdownHook] INFO  c.a.n.client.naming - [deregisterService,253] - [DEREGISTER-SERVICE] public deregistering service DEFAULT_GROUP@@ruoyi-system with instance: Instance{instanceId='null', ip='192.168.1.4', port=9201, weight=1.0, healthy=true, enabled=true, ephemeral=true, clusterName='DEFAULT', serviceName='null', metadata={}}
22:19:08.660 [SpringContextShutdownHook] INFO  c.a.c.n.r.NacosServiceRegistry - [deregister,106] - De-registration finished.
22:19:08.661 [SpringContextShutdownHook] INFO  c.a.n.client.naming - [shutdown,147] - com.alibaba.nacos.client.naming.beat.BeatReactor do shutdown begin
22:19:09.668 [com.alibaba.nacos.naming.push.receiver] INFO  c.a.n.client.naming - [run,86] - received push data: {"type":"dom","data":"{\"dom\":\"DEFAULT_GROUP@@ruoyi-system\",\"name\":\"DEFAULT_GROUP@@ruoyi-system\",\"cacheMillis\":10000,\"lastRefTime\":1611843549666,\"checksum\":\"b3eaa86541f902eea7299612b9d0d3d5\",\"useSpecifiedURL\":false,\"clusters\":\"DEFAULT\",\"env\":\"\",\"hosts\":[],\"metadata\":{}}","lastRefTime":873868372979194} from /192.168.56.1
22:19:09.668 [com.alibaba.nacos.naming.push.receiver] INFO  c.a.n.client.naming - [processServiceJson,197] - removed ips(1) service: DEFAULT_GROUP@@ruoyi-system@@DEFAULT -> [{"instanceId":"192.168.1.4#9201#DEFAULT#DEFAULT_GROUP@@ruoyi-system","ip":"192.168.1.4","port":9201,"weight":1.0,"healthy":true,"enabled":true,"ephemeral":true,"clusterName":"DEFAULT","serviceName":"DEFAULT_GROUP@@ruoyi-system","metadata":{"preserved.register.source":"SPRING_CLOUD"},"ipDeleteTimeout":30000,"instanceHeartBeatTimeOut":15000,"instanceHeartBeatInterval":5000}]
22:19:09.670 [com.alibaba.nacos.naming.push.receiver] INFO  c.a.n.client.naming - [processServiceJson,228] - current ips:(0) service: DEFAULT_GROUP@@ruoyi-system@@DEFAULT -> []
22:19:11.668 [SpringContextShutdownHook] INFO  c.a.n.client.naming - [shutdown,149] - com.alibaba.nacos.client.naming.beat.BeatReactor do shutdown stop
22:19:11.668 [SpringContextShutdownHook] INFO  c.a.n.client.naming - [shutdown,149] - com.alibaba.nacos.client.naming.core.EventDispatcher do shutdown begin
22:19:14.671 [SpringContextShutdownHook] INFO  c.a.n.client.naming - [shutdown,152] - com.alibaba.nacos.client.naming.core.EventDispatcher do shutdown stop
22:19:14.671 [SpringContextShutdownHook] INFO  c.a.n.client.naming - [shutdown,370] - com.alibaba.nacos.client.naming.core.HostReactor do shutdown begin
22:19:17.675 [SpringContextShutdownHook] INFO  c.a.n.client.naming - [shutdown,118] - com.alibaba.nacos.client.naming.core.PushReceiver do shutdown begin
22:19:20.677 [SpringContextShutdownHook] INFO  c.a.n.client.naming - [shutdown,122] - com.alibaba.nacos.client.naming.core.PushReceiver do shutdown stop
22:19:20.677 [SpringContextShutdownHook] INFO  c.a.n.client.naming - [shutdown,132] - com.alibaba.nacos.client.naming.backups.FailoverReactor do shutdown begin
22:19:20.678 [SpringContextShutdownHook] INFO  c.a.n.client.naming - [shutdown,134] - com.alibaba.nacos.client.naming.backups.FailoverReactor do shutdown stop
22:19:20.678 [SpringContextShutdownHook] INFO  c.a.n.client.naming - [shutdown,374] - com.alibaba.nacos.client.naming.core.HostReactor do shutdown stop
22:19:20.678 [SpringContextShutdownHook] INFO  c.a.n.client.naming - [shutdown,715] - com.alibaba.nacos.client.naming.net.NamingProxy do shutdown begin
22:19:20.679 [SpringContextShutdownHook] INFO  c.a.n.client.naming - [shutdown,718] - com.alibaba.nacos.client.naming.net.NamingProxy do shutdown stop
22:19:20.849 [SpringContextShutdownHook] INFO  c.b.d.d.DynamicRoutingDataSource - [destroy,217] - dynamic-datasource start closing ....
22:19:20.853 [SpringContextShutdownHook] INFO  c.a.d.p.DruidDataSource - [close,2032] - {dataSource-1} closing ...
22:19:20.856 [SpringContextShutdownHook] INFO  c.a.d.p.DruidDataSource - [close,2104] - {dataSource-1} closed
22:19:20.857 [SpringContextShutdownHook] INFO  c.b.d.d.DynamicRoutingDataSource - [destroy,221] - dynamic-datasource all closed success,bye
