11:23:38.573 [background-preinit] INFO  o.h.v.i.util.Version - [<clinit>,21] - HV000001: Hibernate Validator 6.1.6.Final
11:23:41.292 [main] INFO  c.a.n.c.c.i.LocalConfigInfoProcessor - [<clinit>,212] - LOCAL_SNAPSHOT_PATH:C:\Users\Administrator\nacos\config
11:23:41.384 [main] INFO  c.a.n.c.c.i.Limiter - [<clinit>,54] - limitTime:5.0
11:23:41.445 [main] INFO  c.a.n.c.c.u.JvmUtil - [<clinit>,49] - isMultiInstance:false
11:23:41.537 [main] INFO  c.r.s.RuoYiSystemApplication - [logStartupProfileInfo,655] - The following profiles are active: dev
11:23:49.041 [main] INFO  o.a.c.h.Http11NioProtocol - [log,173] - Initializing ProtocolHandler ["http-nio-9201"]
11:23:49.042 [main] INFO  o.a.c.c.StandardService - [log,173] - Starting service [Tomcat]
11:23:49.043 [main] INFO  o.a.c.c.StandardEngine - [log,173] - Starting Servlet engine: [Apache Tomcat/9.0.41]
11:23:49.397 [main] INFO  o.a.c.c.C.[.[.[/] - [log,173] - Initializing Spring embedded WebApplicationContext
11:23:50.767 [main] INFO  c.a.d.p.DruidDataSource - [init,985] - {dataSource-1,master} inited
11:23:50.768 [main] INFO  c.b.d.d.DynamicRoutingDataSource - [addDataSource,132] - dynamic-datasource - load a datasource named [master] success
11:23:50.769 [main] INFO  c.b.d.d.DynamicRoutingDataSource - [afterPropertiesSet,237] - dynamic-datasource initial loaded [1] datasource,primary datasource named [master]
11:23:57.038 [main] INFO  c.a.c.s.SentinelWebAutoConfiguration - [addInterceptors,80] - [Sentinel Starter] register SentinelWebInterceptor with urlPatterns: [/**].
11:23:58.613 [main] INFO  c.a.n.client.naming - [call,64] - initializer namespace from System Property :null
11:23:58.614 [main] INFO  c.a.n.client.naming - [call,73] - initializer namespace from System Environment :null
11:23:58.616 [main] INFO  c.a.n.client.naming - [call,83] - initializer namespace from System Property :null
11:23:59.164 [main] INFO  s.d.s.w.PropertySourcedRequestMappingHandlerMapping - [initHandlerMethods,69] - Mapped URL path [/v2/api-docs] onto method [springfox.documentation.swagger2.web.Swagger2Controller#getDocumentation(String, HttpServletRequest)]
11:23:59.266 [main] INFO  c.n.c.s.URLConfigurationSource - [<init>,122] - To enable URLs as dynamic configuration sources, define System property archaius.configurationSource.additionalUrls or make config.properties available on classpath.
11:23:59.275 [main] INFO  c.n.c.s.URLConfigurationSource - [<init>,122] - To enable URLs as dynamic configuration sources, define System property archaius.configurationSource.additionalUrls or make config.properties available on classpath.
11:24:02.260 [main] INFO  c.a.n.client.naming - [addListener,83] - [LISTENER] adding DEFAULT_GROUP@@ruoyi-system with DEFAULT to listener map
11:24:02.265 [main] INFO  o.a.c.h.Http11NioProtocol - [log,173] - Starting ProtocolHandler ["http-nio-9201"]
11:24:02.303 [main] INFO  c.a.n.client.naming - [addBeatInfo,81] - [BEAT] adding beat: BeatInfo{port=9201, ip='192.168.56.1', weight=1.0, serviceName='DEFAULT_GROUP@@ruoyi-system', cluster='DEFAULT', metadata={preserved.register.source=SPRING_CLOUD}, scheduled=false, period=5000, stopped=false} to beat map.
11:24:02.305 [main] INFO  c.a.n.client.naming - [registerService,223] - [REGISTER-SERVICE] public registering service DEFAULT_GROUP@@ruoyi-system with instance: Instance{instanceId='null', ip='192.168.56.1', port=9201, weight=1.0, healthy=true, enabled=true, ephemeral=true, clusterName='DEFAULT', serviceName='null', metadata={preserved.register.source=SPRING_CLOUD}}
11:24:02.313 [main] INFO  c.a.c.n.r.NacosServiceRegistry - [register,71] - nacos registry, DEFAULT_GROUP ruoyi-system 192.168.56.1:9201 register finished
11:24:03.284 [com.alibaba.nacos.client.naming.updater] INFO  c.a.n.client.naming - [processServiceJson,191] - new ips(1) service: DEFAULT_GROUP@@ruoyi-system@@DEFAULT -> [{"instanceId":"192.168.56.1#9201#DEFAULT#DEFAULT_GROUP@@ruoyi-system","ip":"192.168.56.1","port":9201,"weight":1.0,"healthy":true,"enabled":true,"ephemeral":true,"clusterName":"DEFAULT","serviceName":"DEFAULT_GROUP@@ruoyi-system","metadata":{"preserved.register.source":"SPRING_CLOUD"},"ipDeleteTimeout":30000,"instanceHeartBeatTimeOut":15000,"instanceHeartBeatInterval":5000}]
11:24:03.294 [com.alibaba.nacos.client.naming.updater] INFO  c.a.n.client.naming - [processServiceJson,228] - current ips:(1) service: DEFAULT_GROUP@@ruoyi-system@@DEFAULT -> [{"instanceId":"192.168.56.1#9201#DEFAULT#DEFAULT_GROUP@@ruoyi-system","ip":"192.168.56.1","port":9201,"weight":1.0,"healthy":true,"enabled":true,"ephemeral":true,"clusterName":"DEFAULT","serviceName":"DEFAULT_GROUP@@ruoyi-system","metadata":{"preserved.register.source":"SPRING_CLOUD"},"ipDeleteTimeout":30000,"instanceHeartBeatTimeOut":15000,"instanceHeartBeatInterval":5000}]
11:24:03.315 [com.alibaba.nacos.naming.push.receiver] INFO  c.a.n.client.naming - [run,86] - received push data: {"type":"dom","data":"{\"hosts\":[{\"ip\":\"192.168.56.1\",\"port\":9201,\"valid\":true,\"healthy\":true,\"marked\":false,\"instanceId\":\"192.168.56.1#9201#DEFAULT#DEFAULT_GROUP@@ruoyi-system\",\"metadata\":{\"preserved.register.source\":\"SPRING_CLOUD\"},\"enabled\":true,\"weight\":1.0,\"clusterName\":\"DEFAULT\",\"serviceName\":\"DEFAULT_GROUP@@ruoyi-system\",\"ephemeral\":true}],\"dom\":\"DEFAULT_GROUP@@ruoyi-system\",\"name\":\"DEFAULT_GROUP@@ruoyi-system\",\"cacheMillis\":10000,\"lastRefTime\":1612063443314,\"checksum\":\"88eb1e7a3e95f63b057ca521e406c42f\",\"useSpecifiedURL\":false,\"clusters\":\"DEFAULT\",\"env\":\"\",\"metadata\":{}}","lastRefTime":572312349299} from /192.168.56.1
11:24:03.513 [main] INFO  s.d.s.w.p.DocumentationPluginsBootstrapper - [start,160] - Context refreshed
11:24:03.533 [main] INFO  s.d.s.w.p.DocumentationPluginsBootstrapper - [start,163] - Found 1 custom documentation plugin(s)
11:24:03.631 [main] INFO  s.d.s.w.s.ApiListingReferenceScanner - [scan,41] - Scanning for api listing references
11:24:03.916 [main] INFO  s.d.s.w.r.o.CachingOperationNameGenerator - [startingWith,40] - Generating unique operation named: addUsingPOST_1
11:24:03.918 [main] INFO  s.d.s.w.r.o.CachingOperationNameGenerator - [startingWith,40] - Generating unique operation named: editUsingPUT_1
11:24:03.924 [main] INFO  s.d.s.w.r.o.CachingOperationNameGenerator - [startingWith,40] - Generating unique operation named: exportUsingPOST_1
11:24:03.927 [main] INFO  s.d.s.w.r.o.CachingOperationNameGenerator - [startingWith,40] - Generating unique operation named: getInfoUsingGET_1
11:24:03.930 [main] INFO  s.d.s.w.r.o.CachingOperationNameGenerator - [startingWith,40] - Generating unique operation named: listUsingGET_1
11:24:03.932 [main] INFO  s.d.s.w.r.o.CachingOperationNameGenerator - [startingWith,40] - Generating unique operation named: removeUsingDELETE_1
11:24:03.940 [main] INFO  s.d.s.w.r.o.CachingOperationNameGenerator - [startingWith,40] - Generating unique operation named: addUsingPOST_2
11:24:03.941 [main] INFO  s.d.s.w.r.o.CachingOperationNameGenerator - [startingWith,40] - Generating unique operation named: editUsingPUT_2
11:24:03.947 [main] INFO  s.d.s.w.r.o.CachingOperationNameGenerator - [startingWith,40] - Generating unique operation named: exportUsingPOST_2
11:24:03.950 [main] INFO  s.d.s.w.r.o.CachingOperationNameGenerator - [startingWith,40] - Generating unique operation named: getInfoUsingGET_2
11:24:03.952 [main] INFO  s.d.s.w.r.o.CachingOperationNameGenerator - [startingWith,40] - Generating unique operation named: listUsingGET_2
11:24:03.955 [main] INFO  s.d.s.w.r.o.CachingOperationNameGenerator - [startingWith,40] - Generating unique operation named: removeUsingDELETE_2
11:24:03.964 [main] INFO  s.d.s.w.r.o.CachingOperationNameGenerator - [startingWith,40] - Generating unique operation named: addUsingPOST_3
11:24:03.967 [main] INFO  s.d.s.w.r.o.CachingOperationNameGenerator - [startingWith,40] - Generating unique operation named: editUsingPUT_3
11:24:03.977 [main] INFO  s.d.s.w.r.o.CachingOperationNameGenerator - [startingWith,40] - Generating unique operation named: exportUsingPOST_3
11:24:03.979 [main] INFO  s.d.s.w.r.o.CachingOperationNameGenerator - [startingWith,40] - Generating unique operation named: getInfoUsingGET_3
11:24:03.984 [main] INFO  s.d.s.w.r.o.CachingOperationNameGenerator - [startingWith,40] - Generating unique operation named: listUsingGET_3
11:24:03.985 [main] INFO  s.d.s.w.r.o.CachingOperationNameGenerator - [startingWith,40] - Generating unique operation named: removeUsingDELETE_3
11:24:03.992 [main] INFO  s.d.s.w.r.o.CachingOperationNameGenerator - [startingWith,40] - Generating unique operation named: addUsingPOST_4
11:24:03.994 [main] INFO  s.d.s.w.r.o.CachingOperationNameGenerator - [startingWith,40] - Generating unique operation named: editUsingPUT_4
11:24:03.999 [main] INFO  s.d.s.w.r.o.CachingOperationNameGenerator - [startingWith,40] - Generating unique operation named: exportUsingPOST_4
11:24:04.002 [main] INFO  s.d.s.w.r.o.CachingOperationNameGenerator - [startingWith,40] - Generating unique operation named: getInfoUsingGET_4
11:24:04.004 [main] INFO  s.d.s.w.r.o.CachingOperationNameGenerator - [startingWith,40] - Generating unique operation named: listUsingGET_4
11:24:04.006 [main] INFO  s.d.s.w.r.o.CachingOperationNameGenerator - [startingWith,40] - Generating unique operation named: removeUsingDELETE_4
11:24:04.014 [main] INFO  s.d.s.w.r.o.CachingOperationNameGenerator - [startingWith,40] - Generating unique operation named: addUsingPOST_5
11:24:04.016 [main] INFO  s.d.s.w.r.o.CachingOperationNameGenerator - [startingWith,40] - Generating unique operation named: editUsingPUT_5
11:24:04.018 [main] INFO  s.d.s.w.r.o.CachingOperationNameGenerator - [startingWith,40] - Generating unique operation named: getInfoUsingGET_5
11:24:04.028 [main] INFO  s.d.s.w.r.o.CachingOperationNameGenerator - [startingWith,40] - Generating unique operation named: listUsingGET_5
11:24:04.031 [main] INFO  s.d.s.w.r.o.CachingOperationNameGenerator - [startingWith,40] - Generating unique operation named: removeUsingDELETE_5
11:24:04.042 [main] INFO  s.d.s.w.r.o.CachingOperationNameGenerator - [startingWith,40] - Generating unique operation named: addUsingPOST_6
11:24:04.044 [main] INFO  s.d.s.w.r.o.CachingOperationNameGenerator - [startingWith,40] - Generating unique operation named: editUsingPUT_6
11:24:04.050 [main] INFO  s.d.s.w.r.o.CachingOperationNameGenerator - [startingWith,40] - Generating unique operation named: exportUsingPOST_5
11:24:04.051 [main] INFO  s.d.s.w.r.o.CachingOperationNameGenerator - [startingWith,40] - Generating unique operation named: getInfoUsingGET_6
11:24:04.053 [main] INFO  s.d.s.w.r.o.CachingOperationNameGenerator - [startingWith,40] - Generating unique operation named: listUsingGET_6
11:24:04.055 [main] INFO  s.d.s.w.r.o.CachingOperationNameGenerator - [startingWith,40] - Generating unique operation named: removeUsingDELETE_6
11:24:04.060 [main] INFO  s.d.s.w.r.o.CachingOperationNameGenerator - [startingWith,40] - Generating unique operation named: addUsingPOST_7
11:24:04.061 [main] INFO  s.d.s.w.r.o.CachingOperationNameGenerator - [startingWith,40] - Generating unique operation named: clearCacheUsingDELETE_1
11:24:04.062 [main] INFO  s.d.s.w.r.o.CachingOperationNameGenerator - [startingWith,40] - Generating unique operation named: editUsingPUT_7
11:24:04.066 [main] INFO  s.d.s.w.r.o.CachingOperationNameGenerator - [startingWith,40] - Generating unique operation named: exportUsingPOST_6
11:24:04.067 [main] INFO  s.d.s.w.r.o.CachingOperationNameGenerator - [startingWith,40] - Generating unique operation named: getInfoUsingGET_7
11:24:04.069 [main] INFO  s.d.s.w.r.o.CachingOperationNameGenerator - [startingWith,40] - Generating unique operation named: listUsingGET_7
11:24:04.071 [main] INFO  s.d.s.w.r.o.CachingOperationNameGenerator - [startingWith,40] - Generating unique operation named: removeUsingDELETE_7
11:24:04.075 [main] INFO  s.d.s.w.r.o.CachingOperationNameGenerator - [startingWith,40] - Generating unique operation named: addUsingPOST_8
11:24:04.080 [main] INFO  s.d.s.w.r.o.CachingOperationNameGenerator - [startingWith,40] - Generating unique operation named: exportUsingPOST_7
11:24:04.083 [main] INFO  s.d.s.w.r.o.CachingOperationNameGenerator - [startingWith,40] - Generating unique operation named: listUsingGET_8
11:24:04.085 [main] INFO  s.d.s.w.r.o.CachingOperationNameGenerator - [startingWith,40] - Generating unique operation named: removeUsingDELETE_8
11:24:04.093 [main] INFO  s.d.s.w.r.o.CachingOperationNameGenerator - [startingWith,40] - Generating unique operation named: addUsingPOST_9
11:24:04.094 [main] INFO  s.d.s.w.r.o.CachingOperationNameGenerator - [startingWith,40] - Generating unique operation named: editUsingPUT_8
11:24:04.096 [main] INFO  s.d.s.w.r.o.CachingOperationNameGenerator - [startingWith,40] - Generating unique operation named: getInfoUsingGET_8
11:24:04.105 [main] INFO  s.d.s.w.r.o.CachingOperationNameGenerator - [startingWith,40] - Generating unique operation named: listUsingGET_9
11:24:04.106 [main] INFO  s.d.s.w.r.o.CachingOperationNameGenerator - [startingWith,40] - Generating unique operation named: removeUsingDELETE_9
11:24:04.110 [main] INFO  s.d.s.w.r.o.CachingOperationNameGenerator - [startingWith,40] - Generating unique operation named: treeselectUsingGET_1
11:24:04.115 [main] INFO  s.d.s.w.r.o.CachingOperationNameGenerator - [startingWith,40] - Generating unique operation named: addUsingPOST_10
11:24:04.117 [main] INFO  s.d.s.w.r.o.CachingOperationNameGenerator - [startingWith,40] - Generating unique operation named: editUsingPUT_9
11:24:04.118 [main] INFO  s.d.s.w.r.o.CachingOperationNameGenerator - [startingWith,40] - Generating unique operation named: getInfoUsingGET_9
11:24:04.125 [main] INFO  s.d.s.w.r.o.CachingOperationNameGenerator - [startingWith,40] - Generating unique operation named: listUsingGET_10
11:24:04.130 [main] INFO  s.d.s.w.r.o.CachingOperationNameGenerator - [startingWith,40] - Generating unique operation named: removeUsingDELETE_10
11:24:04.148 [main] INFO  s.d.s.w.r.o.CachingOperationNameGenerator - [startingWith,40] - Generating unique operation named: addUsingPOST_11
11:24:04.151 [main] INFO  s.d.s.w.r.o.CachingOperationNameGenerator - [startingWith,40] - Generating unique operation named: cleanUsingDELETE_1
11:24:04.171 [main] INFO  s.d.s.w.r.o.CachingOperationNameGenerator - [startingWith,40] - Generating unique operation named: exportUsingPOST_8
11:24:04.174 [main] INFO  s.d.s.w.r.o.CachingOperationNameGenerator - [startingWith,40] - Generating unique operation named: listUsingGET_11
11:24:04.176 [main] INFO  s.d.s.w.r.o.CachingOperationNameGenerator - [startingWith,40] - Generating unique operation named: removeUsingDELETE_11
11:24:04.191 [main] INFO  s.d.s.w.r.o.CachingOperationNameGenerator - [startingWith,40] - Generating unique operation named: addUsingPOST_12
11:24:04.193 [main] INFO  s.d.s.w.r.o.CachingOperationNameGenerator - [startingWith,40] - Generating unique operation named: editUsingPUT_10
11:24:04.201 [main] INFO  s.d.s.w.r.o.CachingOperationNameGenerator - [startingWith,40] - Generating unique operation named: exportUsingPOST_9
11:24:04.203 [main] INFO  s.d.s.w.r.o.CachingOperationNameGenerator - [startingWith,40] - Generating unique operation named: getInfoUsingGET_10
11:24:04.204 [main] INFO  s.d.s.w.r.o.CachingOperationNameGenerator - [startingWith,40] - Generating unique operation named: listUsingGET_12
11:24:04.206 [main] INFO  s.d.s.w.r.o.CachingOperationNameGenerator - [startingWith,40] - Generating unique operation named: optionselectUsingGET_1
11:24:04.207 [main] INFO  s.d.s.w.r.o.CachingOperationNameGenerator - [startingWith,40] - Generating unique operation named: removeUsingDELETE_12
11:24:04.234 [main] INFO  s.d.s.w.r.o.CachingOperationNameGenerator - [startingWith,40] - Generating unique operation named: addUsingPOST_13
11:24:04.238 [main] INFO  s.d.s.w.r.o.CachingOperationNameGenerator - [startingWith,40] - Generating unique operation named: editUsingPUT_11
11:24:04.247 [main] INFO  s.d.s.w.r.o.CachingOperationNameGenerator - [startingWith,40] - Generating unique operation named: exportUsingPOST_10
11:24:04.249 [main] INFO  s.d.s.w.r.o.CachingOperationNameGenerator - [startingWith,40] - Generating unique operation named: getInfoUsingGET_11
11:24:04.253 [main] INFO  s.d.s.w.r.o.CachingOperationNameGenerator - [startingWith,40] - Generating unique operation named: listUsingGET_13
11:24:04.254 [main] INFO  s.d.s.w.r.o.CachingOperationNameGenerator - [startingWith,40] - Generating unique operation named: optionselectUsingGET_2
11:24:04.256 [main] INFO  s.d.s.w.r.o.CachingOperationNameGenerator - [startingWith,40] - Generating unique operation named: removeUsingDELETE_13
11:24:04.260 [main] INFO  s.d.s.w.r.o.CachingOperationNameGenerator - [startingWith,40] - Generating unique operation named: addUsingPOST_14
11:24:04.262 [main] INFO  s.d.s.w.r.o.CachingOperationNameGenerator - [startingWith,40] - Generating unique operation named: changeStatusUsingPUT_1
11:24:04.264 [main] INFO  s.d.s.w.r.o.CachingOperationNameGenerator - [startingWith,40] - Generating unique operation named: editUsingPUT_12
11:24:04.275 [main] INFO  s.d.s.w.r.o.CachingOperationNameGenerator - [startingWith,40] - Generating unique operation named: exportUsingPOST_11
11:24:04.281 [main] INFO  s.d.s.w.r.o.CachingOperationNameGenerator - [startingWith,40] - Generating unique operation named: getInfoUsingGET_12
11:24:04.282 [main] INFO  s.d.s.w.r.o.CachingOperationNameGenerator - [startingWith,40] - Generating unique operation named: getInfoUsingGET_13
11:24:04.283 [main] INFO  s.d.s.w.r.o.CachingOperationNameGenerator - [startingWith,40] - Generating unique operation named: getInfoUsingGET_14
11:24:04.311 [main] INFO  s.d.s.w.r.o.CachingOperationNameGenerator - [startingWith,40] - Generating unique operation named: listUsingGET_14
11:24:04.314 [main] INFO  s.d.s.w.r.o.CachingOperationNameGenerator - [startingWith,40] - Generating unique operation named: removeUsingDELETE_14
11:24:04.319 [main] INFO  s.d.s.w.r.o.CachingOperationNameGenerator - [startingWith,40] - Generating unique operation named: listUsingGET_15
11:24:04.381 [main] INFO  c.r.s.RuoYiSystemApplication - [logStarted,61] - Started RuoYiSystemApplication in 28.329 seconds (JVM running for 31.851)
11:24:04.394 [main] INFO  c.a.n.c.c.i.ClientWorker - [addCacheDataIfAbsent,262] - [fixed-127.0.0.1_8848] [subscribe] ruoyi-system+DEFAULT_GROUP
11:24:04.396 [main] INFO  c.a.n.c.c.i.CacheData - [addListener,93] - [fixed-127.0.0.1_8848] [add-listener] ok, tenant=, dataId=ruoyi-system, group=DEFAULT_GROUP, cnt=1
11:24:04.397 [main] INFO  c.a.n.c.c.i.ClientWorker - [addCacheDataIfAbsent,262] - [fixed-127.0.0.1_8848] [subscribe] ruoyi-system.yml+DEFAULT_GROUP
11:24:04.397 [main] INFO  c.a.n.c.c.i.CacheData - [addListener,93] - [fixed-127.0.0.1_8848] [add-listener] ok, tenant=, dataId=ruoyi-system.yml, group=DEFAULT_GROUP, cnt=1
11:24:04.398 [main] INFO  c.a.n.c.c.i.ClientWorker - [addCacheDataIfAbsent,262] - [fixed-127.0.0.1_8848] [subscribe] ruoyi-system-dev.yml+DEFAULT_GROUP
11:24:04.399 [main] INFO  c.a.n.c.c.i.CacheData - [addListener,93] - [fixed-127.0.0.1_8848] [add-listener] ok, tenant=, dataId=ruoyi-system-dev.yml, group=DEFAULT_GROUP, cnt=1
11:24:04.572 [RMI TCP Connection(1)-192.168.56.1] INFO  o.a.c.c.C.[.[.[/] - [log,173] - Initializing Spring DispatcherServlet 'dispatcherServlet'
19:27:15.299 [SpringContextShutdownHook] INFO  c.a.n.client.naming - [removeListener,104] - [LISTENER] removing DEFAULT_GROUP@@ruoyi-system with DEFAULT from listener map
19:27:15.309 [SpringContextShutdownHook] INFO  c.a.c.n.r.NacosServiceRegistry - [deregister,86] - De-registering from Nacos Server now...
19:27:15.309 [SpringContextShutdownHook] INFO  c.a.n.client.naming - [removeBeatInfo,101] - [BEAT] removing beat: DEFAULT_GROUP@@ruoyi-system:192.168.56.1:9201 from beat map.
19:27:15.310 [SpringContextShutdownHook] INFO  c.a.n.client.naming - [deregisterService,253] - [DEREGISTER-SERVICE] public deregistering service DEFAULT_GROUP@@ruoyi-system with instance: Instance{instanceId='null', ip='192.168.56.1', port=9201, weight=1.0, healthy=true, enabled=true, ephemeral=true, clusterName='DEFAULT', serviceName='null', metadata={}}
19:27:15.320 [SpringContextShutdownHook] INFO  c.a.c.n.r.NacosServiceRegistry - [deregister,106] - De-registration finished.
19:27:15.321 [SpringContextShutdownHook] INFO  c.a.n.client.naming - [shutdown,147] - com.alibaba.nacos.client.naming.beat.BeatReactor do shutdown begin
19:27:16.331 [com.alibaba.nacos.naming.push.receiver] INFO  c.a.n.client.naming - [run,86] - received push data: {"type":"dom","data":"{\"dom\":\"DEFAULT_GROUP@@ruoyi-system\",\"name\":\"DEFAULT_GROUP@@ruoyi-system\",\"cacheMillis\":10000,\"lastRefTime\":1612092436329,\"checksum\":\"b3eaa86541f902eea7299612b9d0d3d5\",\"useSpecifiedURL\":false,\"clusters\":\"DEFAULT\",\"env\":\"\",\"hosts\":[],\"metadata\":{}}","lastRefTime":29565327175821} from /192.168.56.1
19:27:16.332 [com.alibaba.nacos.naming.push.receiver] INFO  c.a.n.client.naming - [processServiceJson,197] - removed ips(1) service: DEFAULT_GROUP@@ruoyi-system@@DEFAULT -> [{"instanceId":"192.168.56.1#9201#DEFAULT#DEFAULT_GROUP@@ruoyi-system","ip":"192.168.56.1","port":9201,"weight":1.0,"healthy":true,"enabled":true,"ephemeral":true,"clusterName":"DEFAULT","serviceName":"DEFAULT_GROUP@@ruoyi-system","metadata":{"preserved.register.source":"SPRING_CLOUD"},"ipDeleteTimeout":30000,"instanceHeartBeatTimeOut":15000,"instanceHeartBeatInterval":5000}]
19:27:16.334 [com.alibaba.nacos.naming.push.receiver] INFO  c.a.n.client.naming - [processServiceJson,228] - current ips:(0) service: DEFAULT_GROUP@@ruoyi-system@@DEFAULT -> []
19:27:18.326 [SpringContextShutdownHook] INFO  c.a.n.client.naming - [shutdown,149] - com.alibaba.nacos.client.naming.beat.BeatReactor do shutdown stop
19:27:18.326 [SpringContextShutdownHook] INFO  c.a.n.client.naming - [shutdown,149] - com.alibaba.nacos.client.naming.core.EventDispatcher do shutdown begin
19:27:21.329 [SpringContextShutdownHook] INFO  c.a.n.client.naming - [shutdown,152] - com.alibaba.nacos.client.naming.core.EventDispatcher do shutdown stop
19:27:21.329 [SpringContextShutdownHook] INFO  c.a.n.client.naming - [shutdown,370] - com.alibaba.nacos.client.naming.core.HostReactor do shutdown begin
19:27:22.787 [SpringContextShutdownHook] INFO  c.a.n.client.naming - [shutdown,118] - com.alibaba.nacos.client.naming.core.PushReceiver do shutdown begin
19:27:25.790 [SpringContextShutdownHook] INFO  c.a.n.client.naming - [shutdown,122] - com.alibaba.nacos.client.naming.core.PushReceiver do shutdown stop
19:27:25.790 [SpringContextShutdownHook] INFO  c.a.n.client.naming - [shutdown,132] - com.alibaba.nacos.client.naming.backups.FailoverReactor do shutdown begin
19:27:25.790 [SpringContextShutdownHook] INFO  c.a.n.client.naming - [shutdown,134] - com.alibaba.nacos.client.naming.backups.FailoverReactor do shutdown stop
19:27:25.791 [SpringContextShutdownHook] INFO  c.a.n.client.naming - [shutdown,374] - com.alibaba.nacos.client.naming.core.HostReactor do shutdown stop
19:27:25.791 [SpringContextShutdownHook] INFO  c.a.n.client.naming - [shutdown,715] - com.alibaba.nacos.client.naming.net.NamingProxy do shutdown begin
19:27:25.793 [SpringContextShutdownHook] INFO  c.a.n.client.naming - [shutdown,718] - com.alibaba.nacos.client.naming.net.NamingProxy do shutdown stop
19:27:25.947 [SpringContextShutdownHook] INFO  c.b.d.d.DynamicRoutingDataSource - [destroy,217] - dynamic-datasource start closing ....
19:27:25.951 [SpringContextShutdownHook] INFO  c.a.d.p.DruidDataSource - [close,2032] - {dataSource-1} closing ...
19:27:25.953 [SpringContextShutdownHook] INFO  c.a.d.p.DruidDataSource - [close,2104] - {dataSource-1} closed
19:27:25.953 [SpringContextShutdownHook] INFO  c.b.d.d.DynamicRoutingDataSource - [destroy,221] - dynamic-datasource all closed success,bye
19:29:33.032 [background-preinit] INFO  o.h.v.i.util.Version - [<clinit>,21] - HV000001: Hibernate Validator 6.1.6.Final
19:29:34.201 [main] INFO  c.a.n.c.c.i.LocalConfigInfoProcessor - [<clinit>,212] - LOCAL_SNAPSHOT_PATH:C:\Users\Administrator\nacos\config
19:29:34.251 [main] INFO  c.a.n.c.c.i.Limiter - [<clinit>,54] - limitTime:5.0
19:29:34.294 [main] INFO  c.a.n.c.c.u.JvmUtil - [<clinit>,49] - isMultiInstance:false
19:29:34.331 [main] INFO  c.r.s.RuoYiSystemApplication - [logStartupProfileInfo,655] - The following profiles are active: dev
19:29:38.741 [main] INFO  o.a.c.h.Http11NioProtocol - [log,173] - Initializing ProtocolHandler ["http-nio-9201"]
19:29:38.742 [main] INFO  o.a.c.c.StandardService - [log,173] - Starting service [Tomcat]
19:29:38.742 [main] INFO  o.a.c.c.StandardEngine - [log,173] - Starting Servlet engine: [Apache Tomcat/9.0.41]
19:29:38.950 [main] INFO  o.a.c.c.C.[.[.[/] - [log,173] - Initializing Spring embedded WebApplicationContext
19:29:39.917 [main] INFO  c.a.d.p.DruidDataSource - [init,985] - {dataSource-1,master} inited
19:29:39.919 [main] INFO  c.b.d.d.DynamicRoutingDataSource - [addDataSource,132] - dynamic-datasource - load a datasource named [master] success
19:29:39.920 [main] INFO  c.b.d.d.DynamicRoutingDataSource - [afterPropertiesSet,237] - dynamic-datasource initial loaded [1] datasource,primary datasource named [master]
19:29:44.165 [main] INFO  c.a.c.s.SentinelWebAutoConfiguration - [addInterceptors,80] - [Sentinel Starter] register SentinelWebInterceptor with urlPatterns: [/**].
19:29:44.699 [main] INFO  c.a.n.client.naming - [call,64] - initializer namespace from System Property :null
19:29:44.701 [main] INFO  c.a.n.client.naming - [call,73] - initializer namespace from System Environment :null
19:29:44.702 [main] INFO  c.a.n.client.naming - [call,83] - initializer namespace from System Property :null
19:29:45.206 [main] INFO  s.d.s.w.PropertySourcedRequestMappingHandlerMapping - [initHandlerMethods,69] - Mapped URL path [/v2/api-docs] onto method [springfox.documentation.swagger2.web.Swagger2Controller#getDocumentation(String, HttpServletRequest)]
19:29:45.285 [main] INFO  c.n.c.s.URLConfigurationSource - [<init>,122] - To enable URLs as dynamic configuration sources, define System property archaius.configurationSource.additionalUrls or make config.properties available on classpath.
19:29:45.293 [main] INFO  c.n.c.s.URLConfigurationSource - [<init>,122] - To enable URLs as dynamic configuration sources, define System property archaius.configurationSource.additionalUrls or make config.properties available on classpath.
19:29:46.990 [main] INFO  c.a.n.client.naming - [addListener,83] - [LISTENER] adding DEFAULT_GROUP@@ruoyi-system with DEFAULT to listener map
19:29:46.994 [main] INFO  o.a.c.h.Http11NioProtocol - [log,173] - Starting ProtocolHandler ["http-nio-9201"]
19:29:47.042 [main] INFO  c.a.n.client.naming - [addBeatInfo,81] - [BEAT] adding beat: BeatInfo{port=9201, ip='192.168.56.1', weight=1.0, serviceName='DEFAULT_GROUP@@ruoyi-system', cluster='DEFAULT', metadata={preserved.register.source=SPRING_CLOUD}, scheduled=false, period=5000, stopped=false} to beat map.
19:29:47.044 [main] INFO  c.a.n.client.naming - [registerService,223] - [REGISTER-SERVICE] public registering service DEFAULT_GROUP@@ruoyi-system with instance: Instance{instanceId='null', ip='192.168.56.1', port=9201, weight=1.0, healthy=true, enabled=true, ephemeral=true, clusterName='DEFAULT', serviceName='null', metadata={preserved.register.source=SPRING_CLOUD}}
19:29:47.050 [main] INFO  c.a.c.n.r.NacosServiceRegistry - [register,71] - nacos registry, DEFAULT_GROUP ruoyi-system 192.168.56.1:9201 register finished
19:29:47.432 [main] INFO  s.d.s.w.p.DocumentationPluginsBootstrapper - [start,160] - Context refreshed
19:29:47.453 [main] INFO  s.d.s.w.p.DocumentationPluginsBootstrapper - [start,163] - Found 1 custom documentation plugin(s)
19:29:47.622 [main] INFO  s.d.s.w.s.ApiListingReferenceScanner - [scan,41] - Scanning for api listing references
19:29:48.013 [com.alibaba.nacos.client.naming.updater] INFO  c.a.n.client.naming - [processServiceJson,191] - new ips(1) service: DEFAULT_GROUP@@ruoyi-system@@DEFAULT -> [{"instanceId":"192.168.56.1#9201#DEFAULT#DEFAULT_GROUP@@ruoyi-system","ip":"192.168.56.1","port":9201,"weight":1.0,"healthy":true,"enabled":true,"ephemeral":true,"clusterName":"DEFAULT","serviceName":"DEFAULT_GROUP@@ruoyi-system","metadata":{"preserved.register.source":"SPRING_CLOUD"},"ipDeleteTimeout":30000,"instanceHeartBeatInterval":5000,"instanceHeartBeatTimeOut":15000}]
19:29:48.020 [com.alibaba.nacos.client.naming.updater] INFO  c.a.n.client.naming - [processServiceJson,228] - current ips:(1) service: DEFAULT_GROUP@@ruoyi-system@@DEFAULT -> [{"instanceId":"192.168.56.1#9201#DEFAULT#DEFAULT_GROUP@@ruoyi-system","ip":"192.168.56.1","port":9201,"weight":1.0,"healthy":true,"enabled":true,"ephemeral":true,"clusterName":"DEFAULT","serviceName":"DEFAULT_GROUP@@ruoyi-system","metadata":{"preserved.register.source":"SPRING_CLOUD"},"ipDeleteTimeout":30000,"instanceHeartBeatInterval":5000,"instanceHeartBeatTimeOut":15000}]
19:29:48.044 [main] INFO  s.d.s.w.r.o.CachingOperationNameGenerator - [startingWith,40] - Generating unique operation named: addUsingPOST_1
19:29:48.046 [main] INFO  s.d.s.w.r.o.CachingOperationNameGenerator - [startingWith,40] - Generating unique operation named: editUsingPUT_1
19:29:48.052 [com.alibaba.nacos.naming.push.receiver] INFO  c.a.n.client.naming - [run,86] - received push data: {"type":"dom","data":"{\"hosts\":[{\"ip\":\"192.168.56.1\",\"port\":9201,\"valid\":true,\"healthy\":true,\"marked\":false,\"instanceId\":\"192.168.56.1#9201#DEFAULT#DEFAULT_GROUP@@ruoyi-system\",\"metadata\":{\"preserved.register.source\":\"SPRING_CLOUD\"},\"enabled\":true,\"weight\":1.0,\"clusterName\":\"DEFAULT\",\"serviceName\":\"DEFAULT_GROUP@@ruoyi-system\",\"ephemeral\":true}],\"dom\":\"DEFAULT_GROUP@@ruoyi-system\",\"name\":\"DEFAULT_GROUP@@ruoyi-system\",\"cacheMillis\":10000,\"lastRefTime\":1612092588051,\"checksum\":\"88eb1e7a3e95f63b057ca521e406c42f\",\"useSpecifiedURL\":false,\"clusters\":\"DEFAULT\",\"env\":\"\",\"metadata\":{}}","lastRefTime":29717049622896} from /192.168.56.1
19:29:48.055 [main] INFO  s.d.s.w.r.o.CachingOperationNameGenerator - [startingWith,40] - Generating unique operation named: exportUsingPOST_1
19:29:48.058 [main] INFO  s.d.s.w.r.o.CachingOperationNameGenerator - [startingWith,40] - Generating unique operation named: getInfoUsingGET_1
19:29:48.061 [main] INFO  s.d.s.w.r.o.CachingOperationNameGenerator - [startingWith,40] - Generating unique operation named: listUsingGET_1
19:29:48.063 [main] INFO  s.d.s.w.r.o.CachingOperationNameGenerator - [startingWith,40] - Generating unique operation named: removeUsingDELETE_1
19:29:48.072 [main] INFO  s.d.s.w.r.o.CachingOperationNameGenerator - [startingWith,40] - Generating unique operation named: addUsingPOST_2
19:29:48.073 [main] INFO  s.d.s.w.r.o.CachingOperationNameGenerator - [startingWith,40] - Generating unique operation named: editUsingPUT_2
19:29:48.080 [main] INFO  s.d.s.w.r.o.CachingOperationNameGenerator - [startingWith,40] - Generating unique operation named: exportUsingPOST_2
19:29:48.082 [main] INFO  s.d.s.w.r.o.CachingOperationNameGenerator - [startingWith,40] - Generating unique operation named: getInfoUsingGET_2
19:29:48.086 [main] INFO  s.d.s.w.r.o.CachingOperationNameGenerator - [startingWith,40] - Generating unique operation named: listUsingGET_2
19:29:48.089 [main] INFO  s.d.s.w.r.o.CachingOperationNameGenerator - [startingWith,40] - Generating unique operation named: removeUsingDELETE_2
19:29:48.100 [main] INFO  s.d.s.w.r.o.CachingOperationNameGenerator - [startingWith,40] - Generating unique operation named: addUsingPOST_3
19:29:48.102 [main] INFO  s.d.s.w.r.o.CachingOperationNameGenerator - [startingWith,40] - Generating unique operation named: editUsingPUT_3
19:29:48.111 [main] INFO  s.d.s.w.r.o.CachingOperationNameGenerator - [startingWith,40] - Generating unique operation named: exportUsingPOST_3
19:29:48.113 [main] INFO  s.d.s.w.r.o.CachingOperationNameGenerator - [startingWith,40] - Generating unique operation named: getInfoUsingGET_3
19:29:48.118 [main] INFO  s.d.s.w.r.o.CachingOperationNameGenerator - [startingWith,40] - Generating unique operation named: listUsingGET_3
19:29:48.121 [main] INFO  s.d.s.w.r.o.CachingOperationNameGenerator - [startingWith,40] - Generating unique operation named: removeUsingDELETE_3
19:29:48.191 [main] INFO  s.d.s.w.r.o.CachingOperationNameGenerator - [startingWith,40] - Generating unique operation named: addUsingPOST_4
19:29:48.194 [main] INFO  s.d.s.w.r.o.CachingOperationNameGenerator - [startingWith,40] - Generating unique operation named: editUsingPUT_4
19:29:48.202 [main] INFO  s.d.s.w.r.o.CachingOperationNameGenerator - [startingWith,40] - Generating unique operation named: exportUsingPOST_4
19:29:48.207 [main] INFO  s.d.s.w.r.o.CachingOperationNameGenerator - [startingWith,40] - Generating unique operation named: getInfoUsingGET_4
19:29:48.211 [main] INFO  s.d.s.w.r.o.CachingOperationNameGenerator - [startingWith,40] - Generating unique operation named: listUsingGET_4
19:29:48.214 [main] INFO  s.d.s.w.r.o.CachingOperationNameGenerator - [startingWith,40] - Generating unique operation named: removeUsingDELETE_4
19:29:48.237 [main] INFO  s.d.s.w.r.o.CachingOperationNameGenerator - [startingWith,40] - Generating unique operation named: addUsingPOST_5
19:29:48.239 [main] INFO  s.d.s.w.r.o.CachingOperationNameGenerator - [startingWith,40] - Generating unique operation named: editUsingPUT_5
19:29:48.243 [main] INFO  s.d.s.w.r.o.CachingOperationNameGenerator - [startingWith,40] - Generating unique operation named: getInfoUsingGET_5
19:29:48.256 [main] INFO  s.d.s.w.r.o.CachingOperationNameGenerator - [startingWith,40] - Generating unique operation named: listUsingGET_5
19:29:48.259 [main] INFO  s.d.s.w.r.o.CachingOperationNameGenerator - [startingWith,40] - Generating unique operation named: removeUsingDELETE_5
19:29:48.284 [main] INFO  s.d.s.w.r.o.CachingOperationNameGenerator - [startingWith,40] - Generating unique operation named: addUsingPOST_6
19:29:48.290 [main] INFO  s.d.s.w.r.o.CachingOperationNameGenerator - [startingWith,40] - Generating unique operation named: editUsingPUT_6
19:29:48.298 [main] INFO  s.d.s.w.r.o.CachingOperationNameGenerator - [startingWith,40] - Generating unique operation named: exportUsingPOST_5
19:29:48.299 [main] INFO  s.d.s.w.r.o.CachingOperationNameGenerator - [startingWith,40] - Generating unique operation named: getInfoUsingGET_6
19:29:48.309 [main] INFO  s.d.s.w.r.o.CachingOperationNameGenerator - [startingWith,40] - Generating unique operation named: listUsingGET_6
19:29:48.311 [main] INFO  s.d.s.w.r.o.CachingOperationNameGenerator - [startingWith,40] - Generating unique operation named: removeUsingDELETE_6
19:29:48.321 [main] INFO  s.d.s.w.r.o.CachingOperationNameGenerator - [startingWith,40] - Generating unique operation named: addUsingPOST_7
19:29:48.324 [main] INFO  s.d.s.w.r.o.CachingOperationNameGenerator - [startingWith,40] - Generating unique operation named: clearCacheUsingDELETE_1
19:29:48.325 [main] INFO  s.d.s.w.r.o.CachingOperationNameGenerator - [startingWith,40] - Generating unique operation named: editUsingPUT_7
19:29:48.331 [main] INFO  s.d.s.w.r.o.CachingOperationNameGenerator - [startingWith,40] - Generating unique operation named: exportUsingPOST_6
19:29:48.333 [main] INFO  s.d.s.w.r.o.CachingOperationNameGenerator - [startingWith,40] - Generating unique operation named: getInfoUsingGET_7
19:29:48.336 [main] INFO  s.d.s.w.r.o.CachingOperationNameGenerator - [startingWith,40] - Generating unique operation named: listUsingGET_7
19:29:48.340 [main] INFO  s.d.s.w.r.o.CachingOperationNameGenerator - [startingWith,40] - Generating unique operation named: removeUsingDELETE_7
19:29:48.345 [main] INFO  s.d.s.w.r.o.CachingOperationNameGenerator - [startingWith,40] - Generating unique operation named: addUsingPOST_8
19:29:48.355 [main] INFO  s.d.s.w.r.o.CachingOperationNameGenerator - [startingWith,40] - Generating unique operation named: exportUsingPOST_7
19:29:48.357 [main] INFO  s.d.s.w.r.o.CachingOperationNameGenerator - [startingWith,40] - Generating unique operation named: listUsingGET_8
19:29:48.359 [main] INFO  s.d.s.w.r.o.CachingOperationNameGenerator - [startingWith,40] - Generating unique operation named: removeUsingDELETE_8
19:29:48.368 [main] INFO  s.d.s.w.r.o.CachingOperationNameGenerator - [startingWith,40] - Generating unique operation named: addUsingPOST_9
19:29:48.370 [main] INFO  s.d.s.w.r.o.CachingOperationNameGenerator - [startingWith,40] - Generating unique operation named: editUsingPUT_8
19:29:48.372 [main] INFO  s.d.s.w.r.o.CachingOperationNameGenerator - [startingWith,40] - Generating unique operation named: getInfoUsingGET_8
19:29:48.380 [main] INFO  s.d.s.w.r.o.CachingOperationNameGenerator - [startingWith,40] - Generating unique operation named: listUsingGET_9
19:29:48.382 [main] INFO  s.d.s.w.r.o.CachingOperationNameGenerator - [startingWith,40] - Generating unique operation named: removeUsingDELETE_9
19:29:48.385 [main] INFO  s.d.s.w.r.o.CachingOperationNameGenerator - [startingWith,40] - Generating unique operation named: treeselectUsingGET_1
19:29:48.392 [main] INFO  s.d.s.w.r.o.CachingOperationNameGenerator - [startingWith,40] - Generating unique operation named: addUsingPOST_10
19:29:48.393 [main] INFO  s.d.s.w.r.o.CachingOperationNameGenerator - [startingWith,40] - Generating unique operation named: editUsingPUT_9
19:29:48.394 [main] INFO  s.d.s.w.r.o.CachingOperationNameGenerator - [startingWith,40] - Generating unique operation named: getInfoUsingGET_9
19:29:48.399 [main] INFO  s.d.s.w.r.o.CachingOperationNameGenerator - [startingWith,40] - Generating unique operation named: listUsingGET_10
19:29:48.400 [main] INFO  s.d.s.w.r.o.CachingOperationNameGenerator - [startingWith,40] - Generating unique operation named: removeUsingDELETE_10
19:29:48.411 [main] INFO  s.d.s.w.r.o.CachingOperationNameGenerator - [startingWith,40] - Generating unique operation named: addUsingPOST_11
19:29:48.413 [main] INFO  s.d.s.w.r.o.CachingOperationNameGenerator - [startingWith,40] - Generating unique operation named: cleanUsingDELETE_1
19:29:48.421 [main] INFO  s.d.s.w.r.o.CachingOperationNameGenerator - [startingWith,40] - Generating unique operation named: exportUsingPOST_8
19:29:48.425 [main] INFO  s.d.s.w.r.o.CachingOperationNameGenerator - [startingWith,40] - Generating unique operation named: listUsingGET_11
19:29:48.427 [main] INFO  s.d.s.w.r.o.CachingOperationNameGenerator - [startingWith,40] - Generating unique operation named: removeUsingDELETE_11
19:29:48.432 [main] INFO  s.d.s.w.r.o.CachingOperationNameGenerator - [startingWith,40] - Generating unique operation named: addUsingPOST_12
19:29:48.434 [main] INFO  s.d.s.w.r.o.CachingOperationNameGenerator - [startingWith,40] - Generating unique operation named: editUsingPUT_10
19:29:48.442 [main] INFO  s.d.s.w.r.o.CachingOperationNameGenerator - [startingWith,40] - Generating unique operation named: exportUsingPOST_9
19:29:48.443 [main] INFO  s.d.s.w.r.o.CachingOperationNameGenerator - [startingWith,40] - Generating unique operation named: getInfoUsingGET_10
19:29:48.445 [main] INFO  s.d.s.w.r.o.CachingOperationNameGenerator - [startingWith,40] - Generating unique operation named: listUsingGET_12
19:29:48.447 [main] INFO  s.d.s.w.r.o.CachingOperationNameGenerator - [startingWith,40] - Generating unique operation named: optionselectUsingGET_1
19:29:48.450 [main] INFO  s.d.s.w.r.o.CachingOperationNameGenerator - [startingWith,40] - Generating unique operation named: removeUsingDELETE_12
19:29:48.483 [main] INFO  s.d.s.w.r.o.CachingOperationNameGenerator - [startingWith,40] - Generating unique operation named: addUsingPOST_13
19:29:48.487 [main] INFO  s.d.s.w.r.o.CachingOperationNameGenerator - [startingWith,40] - Generating unique operation named: editUsingPUT_11
19:29:48.495 [main] INFO  s.d.s.w.r.o.CachingOperationNameGenerator - [startingWith,40] - Generating unique operation named: exportUsingPOST_10
19:29:48.497 [main] INFO  s.d.s.w.r.o.CachingOperationNameGenerator - [startingWith,40] - Generating unique operation named: getInfoUsingGET_11
19:29:48.500 [main] INFO  s.d.s.w.r.o.CachingOperationNameGenerator - [startingWith,40] - Generating unique operation named: listUsingGET_13
19:29:48.503 [main] INFO  s.d.s.w.r.o.CachingOperationNameGenerator - [startingWith,40] - Generating unique operation named: optionselectUsingGET_2
19:29:48.506 [main] INFO  s.d.s.w.r.o.CachingOperationNameGenerator - [startingWith,40] - Generating unique operation named: removeUsingDELETE_13
19:29:48.510 [main] INFO  s.d.s.w.r.o.CachingOperationNameGenerator - [startingWith,40] - Generating unique operation named: addUsingPOST_14
19:29:48.511 [main] INFO  s.d.s.w.r.o.CachingOperationNameGenerator - [startingWith,40] - Generating unique operation named: changeStatusUsingPUT_1
19:29:48.513 [main] INFO  s.d.s.w.r.o.CachingOperationNameGenerator - [startingWith,40] - Generating unique operation named: editUsingPUT_12
19:29:48.523 [main] INFO  s.d.s.w.r.o.CachingOperationNameGenerator - [startingWith,40] - Generating unique operation named: exportUsingPOST_11
19:29:48.526 [main] INFO  s.d.s.w.r.o.CachingOperationNameGenerator - [startingWith,40] - Generating unique operation named: getInfoUsingGET_12
19:29:48.527 [main] INFO  s.d.s.w.r.o.CachingOperationNameGenerator - [startingWith,40] - Generating unique operation named: getInfoUsingGET_13
19:29:48.528 [main] INFO  s.d.s.w.r.o.CachingOperationNameGenerator - [startingWith,40] - Generating unique operation named: getInfoUsingGET_14
19:29:48.555 [main] INFO  s.d.s.w.r.o.CachingOperationNameGenerator - [startingWith,40] - Generating unique operation named: listUsingGET_14
19:29:48.557 [main] INFO  s.d.s.w.r.o.CachingOperationNameGenerator - [startingWith,40] - Generating unique operation named: removeUsingDELETE_14
19:29:48.562 [main] INFO  s.d.s.w.r.o.CachingOperationNameGenerator - [startingWith,40] - Generating unique operation named: listUsingGET_15
19:29:48.595 [main] INFO  c.r.s.RuoYiSystemApplication - [logStarted,61] - Started RuoYiSystemApplication in 16.634 seconds (JVM running for 20.935)
19:29:48.606 [main] INFO  c.a.n.c.c.i.ClientWorker - [addCacheDataIfAbsent,262] - [fixed-127.0.0.1_8848] [subscribe] ruoyi-system+DEFAULT_GROUP
19:29:48.607 [main] INFO  c.a.n.c.c.i.CacheData - [addListener,93] - [fixed-127.0.0.1_8848] [add-listener] ok, tenant=, dataId=ruoyi-system, group=DEFAULT_GROUP, cnt=1
19:29:48.608 [main] INFO  c.a.n.c.c.i.ClientWorker - [addCacheDataIfAbsent,262] - [fixed-127.0.0.1_8848] [subscribe] ruoyi-system.yml+DEFAULT_GROUP
19:29:48.608 [main] INFO  c.a.n.c.c.i.CacheData - [addListener,93] - [fixed-127.0.0.1_8848] [add-listener] ok, tenant=, dataId=ruoyi-system.yml, group=DEFAULT_GROUP, cnt=1
19:29:48.609 [main] INFO  c.a.n.c.c.i.ClientWorker - [addCacheDataIfAbsent,262] - [fixed-127.0.0.1_8848] [subscribe] ruoyi-system-dev.yml+DEFAULT_GROUP
19:29:48.609 [main] INFO  c.a.n.c.c.i.CacheData - [addListener,93] - [fixed-127.0.0.1_8848] [add-listener] ok, tenant=, dataId=ruoyi-system-dev.yml, group=DEFAULT_GROUP, cnt=1
19:29:49.087 [RMI TCP Connection(2)-192.168.56.1] INFO  o.a.c.c.C.[.[.[/] - [log,173] - Initializing Spring DispatcherServlet 'dispatcherServlet'
22:36:17.599 [SpringContextShutdownHook] INFO  c.a.n.client.naming - [removeListener,104] - [LISTENER] removing DEFAULT_GROUP@@ruoyi-system with DEFAULT from listener map
22:36:17.608 [SpringContextShutdownHook] INFO  c.a.c.n.r.NacosServiceRegistry - [deregister,86] - De-registering from Nacos Server now...
22:36:17.609 [SpringContextShutdownHook] INFO  c.a.n.client.naming - [removeBeatInfo,101] - [BEAT] removing beat: DEFAULT_GROUP@@ruoyi-system:192.168.56.1:9201 from beat map.
22:36:17.610 [SpringContextShutdownHook] INFO  c.a.n.client.naming - [deregisterService,253] - [DEREGISTER-SERVICE] public deregistering service DEFAULT_GROUP@@ruoyi-system with instance: Instance{instanceId='null', ip='192.168.56.1', port=9201, weight=1.0, healthy=true, enabled=true, ephemeral=true, clusterName='DEFAULT', serviceName='null', metadata={}}
22:36:17.628 [SpringContextShutdownHook] INFO  c.a.c.n.r.NacosServiceRegistry - [deregister,106] - De-registration finished.
22:36:17.630 [SpringContextShutdownHook] INFO  c.a.n.client.naming - [shutdown,147] - com.alibaba.nacos.client.naming.beat.BeatReactor do shutdown begin
22:36:18.630 [com.alibaba.nacos.naming.push.receiver] INFO  c.a.n.client.naming - [run,86] - received push data: {"type":"dom","data":"{\"dom\":\"DEFAULT_GROUP@@ruoyi-system\",\"name\":\"DEFAULT_GROUP@@ruoyi-system\",\"cacheMillis\":10000,\"lastRefTime\":1612103778629,\"checksum\":\"b3eaa86541f902eea7299612b9d0d3d5\",\"useSpecifiedURL\":false,\"clusters\":\"DEFAULT\",\"env\":\"\",\"hosts\":[],\"metadata\":{}}","lastRefTime":40908109206644} from /192.168.56.1
22:36:18.631 [com.alibaba.nacos.naming.push.receiver] INFO  c.a.n.client.naming - [processServiceJson,197] - removed ips(1) service: DEFAULT_GROUP@@ruoyi-system@@DEFAULT -> [{"instanceId":"192.168.56.1#9201#DEFAULT#DEFAULT_GROUP@@ruoyi-system","ip":"192.168.56.1","port":9201,"weight":1.0,"healthy":true,"enabled":true,"ephemeral":true,"clusterName":"DEFAULT","serviceName":"DEFAULT_GROUP@@ruoyi-system","metadata":{"preserved.register.source":"SPRING_CLOUD"},"ipDeleteTimeout":30000,"instanceHeartBeatInterval":5000,"instanceHeartBeatTimeOut":15000}]
22:36:18.633 [com.alibaba.nacos.naming.push.receiver] INFO  c.a.n.client.naming - [processServiceJson,228] - current ips:(0) service: DEFAULT_GROUP@@ruoyi-system@@DEFAULT -> []
22:36:19.665 [SpringContextShutdownHook] INFO  c.a.n.client.naming - [shutdown,149] - com.alibaba.nacos.client.naming.beat.BeatReactor do shutdown stop
22:36:19.665 [SpringContextShutdownHook] INFO  c.a.n.client.naming - [shutdown,149] - com.alibaba.nacos.client.naming.core.EventDispatcher do shutdown begin
22:36:22.668 [SpringContextShutdownHook] INFO  c.a.n.client.naming - [shutdown,152] - com.alibaba.nacos.client.naming.core.EventDispatcher do shutdown stop
22:36:22.668 [SpringContextShutdownHook] INFO  c.a.n.client.naming - [shutdown,370] - com.alibaba.nacos.client.naming.core.HostReactor do shutdown begin
22:36:24.017 [SpringContextShutdownHook] INFO  c.a.n.client.naming - [shutdown,118] - com.alibaba.nacos.client.naming.core.PushReceiver do shutdown begin
22:36:27.020 [SpringContextShutdownHook] INFO  c.a.n.client.naming - [shutdown,122] - com.alibaba.nacos.client.naming.core.PushReceiver do shutdown stop
22:36:27.020 [SpringContextShutdownHook] INFO  c.a.n.client.naming - [shutdown,132] - com.alibaba.nacos.client.naming.backups.FailoverReactor do shutdown begin
22:36:27.021 [SpringContextShutdownHook] INFO  c.a.n.client.naming - [shutdown,134] - com.alibaba.nacos.client.naming.backups.FailoverReactor do shutdown stop
22:36:27.021 [SpringContextShutdownHook] INFO  c.a.n.client.naming - [shutdown,374] - com.alibaba.nacos.client.naming.core.HostReactor do shutdown stop
22:36:27.021 [SpringContextShutdownHook] INFO  c.a.n.client.naming - [shutdown,715] - com.alibaba.nacos.client.naming.net.NamingProxy do shutdown begin
22:36:27.022 [SpringContextShutdownHook] INFO  c.a.n.client.naming - [shutdown,718] - com.alibaba.nacos.client.naming.net.NamingProxy do shutdown stop
22:36:27.325 [SpringContextShutdownHook] INFO  c.b.d.d.DynamicRoutingDataSource - [destroy,217] - dynamic-datasource start closing ....
22:36:27.331 [SpringContextShutdownHook] INFO  c.a.d.p.DruidDataSource - [close,2032] - {dataSource-1} closing ...
22:36:27.341 [SpringContextShutdownHook] INFO  c.a.d.p.DruidDataSource - [close,2104] - {dataSource-1} closed
22:36:27.341 [SpringContextShutdownHook] INFO  c.b.d.d.DynamicRoutingDataSource - [destroy,221] - dynamic-datasource all closed success,bye
