21:13:05.297 [background-preinit] INFO  o.h.v.i.util.Version - [<clinit>,21] - HV000001: Hibernate Validator 6.1.6.Final
21:13:07.156 [main] INFO  c.a.n.c.c.i.LocalConfigInfoProcessor - [<clinit>,212] - LOCAL_SNAPSHOT_PATH:C:\Users\Administrator\nacos\config
21:13:07.265 [main] INFO  c.a.n.c.c.i.Limiter - [<clinit>,54] - limitTime:5.0
21:13:07.331 [main] INFO  c.a.n.c.c.u.JvmUtil - [<clinit>,49] - isMultiInstance:false
21:13:07.388 [main] INFO  c.r.s.RuoYiSystemApplication - [logStartupProfileInfo,655] - The following profiles are active: dev
21:13:15.928 [main] INFO  o.a.c.h.Http11NioProtocol - [log,173] - Initializing ProtocolHandler ["http-nio-9201"]
21:13:15.931 [main] INFO  o.a.c.c.StandardService - [log,173] - Starting service [Tomcat]
21:13:15.932 [main] INFO  o.a.c.c.StandardEngine - [log,173] - Starting Servlet engine: [Apache Tomcat/9.0.41]
21:13:16.506 [main] INFO  o.a.c.c.C.[.[.[/] - [log,173] - Initializing Spring embedded WebApplicationContext
21:13:18.902 [main] INFO  c.a.d.p.DruidDataSource - [init,985] - {dataSource-1,master} inited
21:13:18.903 [main] INFO  c.b.d.d.DynamicRoutingDataSource - [addDataSource,132] - dynamic-datasource - load a datasource named [master] success
21:13:18.904 [main] INFO  c.b.d.d.DynamicRoutingDataSource - [afterPropertiesSet,237] - dynamic-datasource initial loaded [1] datasource,primary datasource named [master]
21:13:24.376 [main] INFO  c.a.c.s.SentinelWebAutoConfiguration - [addInterceptors,80] - [Sentinel Starter] register SentinelWebInterceptor with urlPatterns: [/**].
21:13:24.863 [main] INFO  c.a.n.client.naming - [call,64] - initializer namespace from System Property :null
21:13:24.864 [main] INFO  c.a.n.client.naming - [call,73] - initializer namespace from System Environment :null
21:13:24.865 [main] INFO  c.a.n.client.naming - [call,83] - initializer namespace from System Property :null
21:13:25.431 [main] INFO  s.d.s.w.PropertySourcedRequestMappingHandlerMapping - [initHandlerMethods,69] - Mapped URL path [/v2/api-docs] onto method [springfox.documentation.swagger2.web.Swagger2Controller#getDocumentation(String, HttpServletRequest)]
21:13:25.518 [main] INFO  c.n.c.s.URLConfigurationSource - [<init>,122] - To enable URLs as dynamic configuration sources, define System property archaius.configurationSource.additionalUrls or make config.properties available on classpath.
21:13:25.524 [main] INFO  c.n.c.s.URLConfigurationSource - [<init>,122] - To enable URLs as dynamic configuration sources, define System property archaius.configurationSource.additionalUrls or make config.properties available on classpath.
21:13:27.101 [main] INFO  c.a.n.client.naming - [addListener,83] - [LISTENER] adding DEFAULT_GROUP@@ruoyi-system with DEFAULT to listener map
21:13:27.106 [main] INFO  o.a.c.h.Http11NioProtocol - [log,173] - Starting ProtocolHandler ["http-nio-9201"]
21:13:27.144 [main] INFO  c.a.n.client.naming - [addBeatInfo,81] - [BEAT] adding beat: BeatInfo{port=9201, ip='192.168.1.4', weight=1.0, serviceName='DEFAULT_GROUP@@ruoyi-system', cluster='DEFAULT', metadata={preserved.register.source=SPRING_CLOUD}, scheduled=false, period=5000, stopped=false} to beat map.
21:13:27.145 [main] INFO  c.a.n.client.naming - [registerService,223] - [REGISTER-SERVICE] public registering service DEFAULT_GROUP@@ruoyi-system with instance: Instance{instanceId='null', ip='192.168.1.4', port=9201, weight=1.0, healthy=true, enabled=true, ephemeral=true, clusterName='DEFAULT', serviceName='null', metadata={preserved.register.source=SPRING_CLOUD}}
21:13:27.152 [main] INFO  c.a.c.n.r.NacosServiceRegistry - [register,71] - nacos registry, DEFAULT_GROUP ruoyi-system 192.168.1.4:9201 register finished
21:13:27.279 [main] INFO  s.d.s.w.p.DocumentationPluginsBootstrapper - [start,160] - Context refreshed
21:13:27.301 [main] INFO  s.d.s.w.p.DocumentationPluginsBootstrapper - [start,163] - Found 1 custom documentation plugin(s)
21:13:27.400 [main] INFO  s.d.s.w.s.ApiListingReferenceScanner - [scan,41] - Scanning for api listing references
21:13:27.612 [main] INFO  s.d.s.w.r.o.CachingOperationNameGenerator - [startingWith,40] - Generating unique operation named: addUsingPOST_1
21:13:27.614 [main] INFO  s.d.s.w.r.o.CachingOperationNameGenerator - [startingWith,40] - Generating unique operation named: editUsingPUT_1
21:13:27.617 [main] INFO  s.d.s.w.r.o.CachingOperationNameGenerator - [startingWith,40] - Generating unique operation named: getInfoUsingGET_1
21:13:27.628 [main] INFO  s.d.s.w.r.o.CachingOperationNameGenerator - [startingWith,40] - Generating unique operation named: listUsingGET_1
21:13:27.630 [main] INFO  s.d.s.w.r.o.CachingOperationNameGenerator - [startingWith,40] - Generating unique operation named: removeUsingDELETE_1
21:13:27.648 [main] INFO  s.d.s.w.r.o.CachingOperationNameGenerator - [startingWith,40] - Generating unique operation named: addUsingPOST_2
21:13:27.652 [main] INFO  s.d.s.w.r.o.CachingOperationNameGenerator - [startingWith,40] - Generating unique operation named: editUsingPUT_2
21:13:27.661 [main] INFO  s.d.s.w.r.o.CachingOperationNameGenerator - [startingWith,40] - Generating unique operation named: exportUsingPOST_1
21:13:27.663 [main] INFO  s.d.s.w.r.o.CachingOperationNameGenerator - [startingWith,40] - Generating unique operation named: getInfoUsingGET_2
21:13:27.667 [main] INFO  s.d.s.w.r.o.CachingOperationNameGenerator - [startingWith,40] - Generating unique operation named: listUsingGET_2
21:13:27.670 [main] INFO  s.d.s.w.r.o.CachingOperationNameGenerator - [startingWith,40] - Generating unique operation named: removeUsingDELETE_2
21:13:27.677 [main] INFO  s.d.s.w.r.o.CachingOperationNameGenerator - [startingWith,40] - Generating unique operation named: addUsingPOST_3
21:13:27.678 [main] INFO  s.d.s.w.r.o.CachingOperationNameGenerator - [startingWith,40] - Generating unique operation named: clearCacheUsingDELETE_1
21:13:27.680 [main] INFO  s.d.s.w.r.o.CachingOperationNameGenerator - [startingWith,40] - Generating unique operation named: editUsingPUT_3
21:13:27.686 [main] INFO  s.d.s.w.r.o.CachingOperationNameGenerator - [startingWith,40] - Generating unique operation named: exportUsingPOST_2
21:13:27.689 [main] INFO  s.d.s.w.r.o.CachingOperationNameGenerator - [startingWith,40] - Generating unique operation named: getInfoUsingGET_3
21:13:27.692 [main] INFO  s.d.s.w.r.o.CachingOperationNameGenerator - [startingWith,40] - Generating unique operation named: listUsingGET_3
21:13:27.695 [main] INFO  s.d.s.w.r.o.CachingOperationNameGenerator - [startingWith,40] - Generating unique operation named: removeUsingDELETE_3
21:13:27.700 [main] INFO  s.d.s.w.r.o.CachingOperationNameGenerator - [startingWith,40] - Generating unique operation named: addUsingPOST_4
21:13:27.707 [main] INFO  s.d.s.w.r.o.CachingOperationNameGenerator - [startingWith,40] - Generating unique operation named: exportUsingPOST_3
21:13:27.710 [main] INFO  s.d.s.w.r.o.CachingOperationNameGenerator - [startingWith,40] - Generating unique operation named: listUsingGET_4
21:13:27.712 [main] INFO  s.d.s.w.r.o.CachingOperationNameGenerator - [startingWith,40] - Generating unique operation named: removeUsingDELETE_4
21:13:27.724 [main] INFO  s.d.s.w.r.o.CachingOperationNameGenerator - [startingWith,40] - Generating unique operation named: addUsingPOST_5
21:13:27.726 [main] INFO  s.d.s.w.r.o.CachingOperationNameGenerator - [startingWith,40] - Generating unique operation named: editUsingPUT_4
21:13:27.728 [main] INFO  s.d.s.w.r.o.CachingOperationNameGenerator - [startingWith,40] - Generating unique operation named: getInfoUsingGET_4
21:13:27.739 [main] INFO  s.d.s.w.r.o.CachingOperationNameGenerator - [startingWith,40] - Generating unique operation named: listUsingGET_5
21:13:27.741 [main] INFO  s.d.s.w.r.o.CachingOperationNameGenerator - [startingWith,40] - Generating unique operation named: removeUsingDELETE_5
21:13:27.747 [main] INFO  s.d.s.w.r.o.CachingOperationNameGenerator - [startingWith,40] - Generating unique operation named: treeselectUsingGET_1
21:13:27.755 [main] INFO  s.d.s.w.r.o.CachingOperationNameGenerator - [startingWith,40] - Generating unique operation named: addUsingPOST_6
21:13:27.756 [main] INFO  s.d.s.w.r.o.CachingOperationNameGenerator - [startingWith,40] - Generating unique operation named: editUsingPUT_5
21:13:27.759 [main] INFO  s.d.s.w.r.o.CachingOperationNameGenerator - [startingWith,40] - Generating unique operation named: getInfoUsingGET_5
21:13:27.764 [main] INFO  s.d.s.w.r.o.CachingOperationNameGenerator - [startingWith,40] - Generating unique operation named: listUsingGET_6
21:13:27.766 [main] INFO  s.d.s.w.r.o.CachingOperationNameGenerator - [startingWith,40] - Generating unique operation named: removeUsingDELETE_6
21:13:27.775 [main] INFO  s.d.s.w.r.o.CachingOperationNameGenerator - [startingWith,40] - Generating unique operation named: addUsingPOST_7
21:13:27.777 [main] INFO  s.d.s.w.r.o.CachingOperationNameGenerator - [startingWith,40] - Generating unique operation named: cleanUsingDELETE_1
21:13:27.783 [main] INFO  s.d.s.w.r.o.CachingOperationNameGenerator - [startingWith,40] - Generating unique operation named: exportUsingPOST_4
21:13:27.787 [main] INFO  s.d.s.w.r.o.CachingOperationNameGenerator - [startingWith,40] - Generating unique operation named: listUsingGET_7
21:13:27.789 [main] INFO  s.d.s.w.r.o.CachingOperationNameGenerator - [startingWith,40] - Generating unique operation named: removeUsingDELETE_7
21:13:27.794 [main] INFO  s.d.s.w.r.o.CachingOperationNameGenerator - [startingWith,40] - Generating unique operation named: addUsingPOST_8
21:13:27.795 [main] INFO  s.d.s.w.r.o.CachingOperationNameGenerator - [startingWith,40] - Generating unique operation named: editUsingPUT_6
21:13:27.801 [main] INFO  s.d.s.w.r.o.CachingOperationNameGenerator - [startingWith,40] - Generating unique operation named: exportUsingPOST_5
21:13:27.802 [main] INFO  s.d.s.w.r.o.CachingOperationNameGenerator - [startingWith,40] - Generating unique operation named: getInfoUsingGET_6
21:13:27.804 [main] INFO  s.d.s.w.r.o.CachingOperationNameGenerator - [startingWith,40] - Generating unique operation named: listUsingGET_8
21:13:27.806 [main] INFO  s.d.s.w.r.o.CachingOperationNameGenerator - [startingWith,40] - Generating unique operation named: optionselectUsingGET_1
21:13:27.807 [main] INFO  s.d.s.w.r.o.CachingOperationNameGenerator - [startingWith,40] - Generating unique operation named: removeUsingDELETE_8
21:13:27.843 [main] INFO  s.d.s.w.r.o.CachingOperationNameGenerator - [startingWith,40] - Generating unique operation named: addUsingPOST_9
21:13:27.848 [main] INFO  s.d.s.w.r.o.CachingOperationNameGenerator - [startingWith,40] - Generating unique operation named: editUsingPUT_7
21:13:27.856 [main] INFO  s.d.s.w.r.o.CachingOperationNameGenerator - [startingWith,40] - Generating unique operation named: exportUsingPOST_6
21:13:27.857 [main] INFO  s.d.s.w.r.o.CachingOperationNameGenerator - [startingWith,40] - Generating unique operation named: getInfoUsingGET_7
21:13:27.860 [main] INFO  s.d.s.w.r.o.CachingOperationNameGenerator - [startingWith,40] - Generating unique operation named: listUsingGET_9
21:13:27.861 [main] INFO  s.d.s.w.r.o.CachingOperationNameGenerator - [startingWith,40] - Generating unique operation named: optionselectUsingGET_2
21:13:27.863 [main] INFO  s.d.s.w.r.o.CachingOperationNameGenerator - [startingWith,40] - Generating unique operation named: removeUsingDELETE_9
21:13:27.866 [main] INFO  s.d.s.w.r.o.CachingOperationNameGenerator - [startingWith,40] - Generating unique operation named: addUsingPOST_10
21:13:27.868 [main] INFO  s.d.s.w.r.o.CachingOperationNameGenerator - [startingWith,40] - Generating unique operation named: changeStatusUsingPUT_1
21:13:27.870 [main] INFO  s.d.s.w.r.o.CachingOperationNameGenerator - [startingWith,40] - Generating unique operation named: editUsingPUT_8
21:13:27.880 [main] INFO  s.d.s.w.r.o.CachingOperationNameGenerator - [startingWith,40] - Generating unique operation named: exportUsingPOST_7
21:13:27.884 [main] INFO  s.d.s.w.r.o.CachingOperationNameGenerator - [startingWith,40] - Generating unique operation named: getInfoUsingGET_8
21:13:27.886 [main] INFO  s.d.s.w.r.o.CachingOperationNameGenerator - [startingWith,40] - Generating unique operation named: getInfoUsingGET_9
21:13:27.888 [main] INFO  s.d.s.w.r.o.CachingOperationNameGenerator - [startingWith,40] - Generating unique operation named: getInfoUsingGET_10
21:13:27.922 [main] INFO  s.d.s.w.r.o.CachingOperationNameGenerator - [startingWith,40] - Generating unique operation named: listUsingGET_10
21:13:27.923 [main] INFO  s.d.s.w.r.o.CachingOperationNameGenerator - [startingWith,40] - Generating unique operation named: removeUsingDELETE_10
21:13:27.928 [main] INFO  s.d.s.w.r.o.CachingOperationNameGenerator - [startingWith,40] - Generating unique operation named: listUsingGET_11
21:13:27.963 [main] INFO  c.r.s.RuoYiSystemApplication - [logStarted,61] - Started RuoYiSystemApplication in 24.409 seconds (JVM running for 27.295)
21:13:27.974 [main] INFO  c.a.n.c.c.i.ClientWorker - [addCacheDataIfAbsent,262] - [fixed-127.0.0.1_8848] [subscribe] ruoyi-system+DEFAULT_GROUP
21:13:27.975 [main] INFO  c.a.n.c.c.i.CacheData - [addListener,93] - [fixed-127.0.0.1_8848] [add-listener] ok, tenant=, dataId=ruoyi-system, group=DEFAULT_GROUP, cnt=1
21:13:27.976 [main] INFO  c.a.n.c.c.i.ClientWorker - [addCacheDataIfAbsent,262] - [fixed-127.0.0.1_8848] [subscribe] ruoyi-system.yml+DEFAULT_GROUP
21:13:27.976 [main] INFO  c.a.n.c.c.i.CacheData - [addListener,93] - [fixed-127.0.0.1_8848] [add-listener] ok, tenant=, dataId=ruoyi-system.yml, group=DEFAULT_GROUP, cnt=1
21:13:27.976 [main] INFO  c.a.n.c.c.i.ClientWorker - [addCacheDataIfAbsent,262] - [fixed-127.0.0.1_8848] [subscribe] ruoyi-system-dev.yml+DEFAULT_GROUP
21:13:27.977 [main] INFO  c.a.n.c.c.i.CacheData - [addListener,93] - [fixed-127.0.0.1_8848] [add-listener] ok, tenant=, dataId=ruoyi-system-dev.yml, group=DEFAULT_GROUP, cnt=1
21:13:28.128 [com.alibaba.nacos.client.naming.updater] INFO  c.a.n.client.naming - [processServiceJson,191] - new ips(1) service: DEFAULT_GROUP@@ruoyi-system@@DEFAULT -> [{"instanceId":"192.168.1.4#9201#DEFAULT#DEFAULT_GROUP@@ruoyi-system","ip":"192.168.1.4","port":9201,"weight":1.0,"healthy":true,"enabled":true,"ephemeral":true,"clusterName":"DEFAULT","serviceName":"DEFAULT_GROUP@@ruoyi-system","metadata":{"preserved.register.source":"SPRING_CLOUD"},"ipDeleteTimeout":30000,"instanceHeartBeatInterval":5000,"instanceHeartBeatTimeOut":15000}]
21:13:28.136 [com.alibaba.nacos.client.naming.updater] INFO  c.a.n.client.naming - [processServiceJson,228] - current ips:(1) service: DEFAULT_GROUP@@ruoyi-system@@DEFAULT -> [{"instanceId":"192.168.1.4#9201#DEFAULT#DEFAULT_GROUP@@ruoyi-system","ip":"192.168.1.4","port":9201,"weight":1.0,"healthy":true,"enabled":true,"ephemeral":true,"clusterName":"DEFAULT","serviceName":"DEFAULT_GROUP@@ruoyi-system","metadata":{"preserved.register.source":"SPRING_CLOUD"},"ipDeleteTimeout":30000,"instanceHeartBeatInterval":5000,"instanceHeartBeatTimeOut":15000}]
21:13:28.157 [com.alibaba.nacos.naming.push.receiver] INFO  c.a.n.client.naming - [run,86] - received push data: {"type":"dom","data":"{\"hosts\":[{\"ip\":\"192.168.1.4\",\"port\":9201,\"valid\":true,\"healthy\":true,\"marked\":false,\"instanceId\":\"192.168.1.4#9201#DEFAULT#DEFAULT_GROUP@@ruoyi-system\",\"metadata\":{\"preserved.register.source\":\"SPRING_CLOUD\"},\"enabled\":true,\"weight\":1.0,\"clusterName\":\"DEFAULT\",\"serviceName\":\"DEFAULT_GROUP@@ruoyi-system\",\"ephemeral\":true}],\"dom\":\"DEFAULT_GROUP@@ruoyi-system\",\"name\":\"DEFAULT_GROUP@@ruoyi-system\",\"cacheMillis\":10000,\"lastRefTime\":1611062008153,\"checksum\":\"080b54a198a6ec6a714f63bfccf2c13e\",\"useSpecifiedURL\":false,\"clusters\":\"DEFAULT\",\"env\":\"\",\"metadata\":{}}","lastRefTime":92318263548581} from /192.168.1.4
21:13:28.589 [RMI TCP Connection(12)-192.168.1.4] INFO  o.a.c.c.C.[.[.[/] - [log,173] - Initializing Spring DispatcherServlet 'dispatcherServlet'
21:32:37.728 [SpringContextShutdownHook] INFO  c.a.n.client.naming - [removeListener,104] - [LISTENER] removing DEFAULT_GROUP@@ruoyi-system with DEFAULT from listener map
21:32:37.734 [SpringContextShutdownHook] INFO  c.a.c.n.r.NacosServiceRegistry - [deregister,86] - De-registering from Nacos Server now...
21:32:37.735 [SpringContextShutdownHook] INFO  c.a.n.client.naming - [removeBeatInfo,101] - [BEAT] removing beat: DEFAULT_GROUP@@ruoyi-system:192.168.1.4:9201 from beat map.
21:32:37.736 [SpringContextShutdownHook] INFO  c.a.n.client.naming - [deregisterService,253] - [DEREGISTER-SERVICE] public deregistering service DEFAULT_GROUP@@ruoyi-system with instance: Instance{instanceId='null', ip='192.168.1.4', port=9201, weight=1.0, healthy=true, enabled=true, ephemeral=true, clusterName='DEFAULT', serviceName='null', metadata={}}
21:32:37.739 [SpringContextShutdownHook] INFO  c.a.c.n.r.NacosServiceRegistry - [deregister,106] - De-registration finished.
21:32:37.741 [SpringContextShutdownHook] INFO  c.a.n.client.naming - [shutdown,147] - com.alibaba.nacos.client.naming.beat.BeatReactor do shutdown begin
21:32:38.535 [SpringContextShutdownHook] INFO  c.a.n.client.naming - [shutdown,149] - com.alibaba.nacos.client.naming.beat.BeatReactor do shutdown stop
21:32:38.536 [SpringContextShutdownHook] INFO  c.a.n.client.naming - [shutdown,149] - com.alibaba.nacos.client.naming.core.EventDispatcher do shutdown begin
21:32:38.698 [com.alibaba.nacos.client.naming.updater] INFO  c.a.n.client.naming - [processServiceJson,197] - removed ips(1) service: DEFAULT_GROUP@@ruoyi-system@@DEFAULT -> [{"instanceId":"192.168.1.4#9201#DEFAULT#DEFAULT_GROUP@@ruoyi-system","ip":"192.168.1.4","port":9201,"weight":1.0,"healthy":true,"enabled":true,"ephemeral":true,"clusterName":"DEFAULT","serviceName":"DEFAULT_GROUP@@ruoyi-system","metadata":{"preserved.register.source":"SPRING_CLOUD"},"ipDeleteTimeout":30000,"instanceHeartBeatInterval":5000,"instanceHeartBeatTimeOut":15000}]
21:32:38.699 [com.alibaba.nacos.client.naming.updater] INFO  c.a.n.client.naming - [processServiceJson,228] - current ips:(0) service: DEFAULT_GROUP@@ruoyi-system@@DEFAULT -> []
21:32:38.748 [com.alibaba.nacos.naming.push.receiver] INFO  c.a.n.client.naming - [run,86] - received push data: {"type":"dom","data":"{\"dom\":\"DEFAULT_GROUP@@ruoyi-system\",\"name\":\"DEFAULT_GROUP@@ruoyi-system\",\"cacheMillis\":10000,\"lastRefTime\":1611063158747,\"checksum\":\"b3eaa86541f902eea7299612b9d0d3d5\",\"useSpecifiedURL\":false,\"clusters\":\"DEFAULT\",\"env\":\"\",\"hosts\":[],\"metadata\":{}}","lastRefTime":93468857214821} from /192.168.1.4
21:32:41.538 [SpringContextShutdownHook] INFO  c.a.n.client.naming - [shutdown,152] - com.alibaba.nacos.client.naming.core.EventDispatcher do shutdown stop
21:32:41.538 [SpringContextShutdownHook] INFO  c.a.n.client.naming - [shutdown,370] - com.alibaba.nacos.client.naming.core.HostReactor do shutdown begin
21:32:44.542 [SpringContextShutdownHook] INFO  c.a.n.client.naming - [shutdown,118] - com.alibaba.nacos.client.naming.core.PushReceiver do shutdown begin
21:32:47.545 [SpringContextShutdownHook] INFO  c.a.n.client.naming - [shutdown,122] - com.alibaba.nacos.client.naming.core.PushReceiver do shutdown stop
21:32:47.546 [SpringContextShutdownHook] INFO  c.a.n.client.naming - [shutdown,132] - com.alibaba.nacos.client.naming.backups.FailoverReactor do shutdown begin
21:32:47.546 [SpringContextShutdownHook] INFO  c.a.n.client.naming - [shutdown,134] - com.alibaba.nacos.client.naming.backups.FailoverReactor do shutdown stop
21:32:47.546 [SpringContextShutdownHook] INFO  c.a.n.client.naming - [shutdown,374] - com.alibaba.nacos.client.naming.core.HostReactor do shutdown stop
21:32:47.547 [SpringContextShutdownHook] INFO  c.a.n.client.naming - [shutdown,715] - com.alibaba.nacos.client.naming.net.NamingProxy do shutdown begin
21:32:47.548 [SpringContextShutdownHook] INFO  c.a.n.client.naming - [shutdown,718] - com.alibaba.nacos.client.naming.net.NamingProxy do shutdown stop
21:32:47.688 [SpringContextShutdownHook] INFO  c.b.d.d.DynamicRoutingDataSource - [destroy,217] - dynamic-datasource start closing ....
21:32:47.691 [SpringContextShutdownHook] INFO  c.a.d.p.DruidDataSource - [close,2032] - {dataSource-1} closing ...
21:32:47.695 [SpringContextShutdownHook] INFO  c.a.d.p.DruidDataSource - [close,2104] - {dataSource-1} closed
21:32:47.695 [SpringContextShutdownHook] INFO  c.b.d.d.DynamicRoutingDataSource - [destroy,221] - dynamic-datasource all closed success,bye
