21:26:12.974 [reactor-http-nio-3] ERROR c.r.g.h.GatewayExceptionHandler - [handle,56] - [网关异常处理]请求路径:/auth/appLogin,异常信息:503 SERVICE_UNAVAILABLE "Unable to find instance for ruoyi-auth"
21:26:17.949 [reactor-http-nio-3] ERROR c.r.g.h.GatewayExceptionHandler - [handle,56] - [网关异常处理]请求路径:/auth/appLogin,异常信息:503 SERVICE_UNAVAILABLE "Unable to find instance for ruoyi-auth"
21:26:29.537 [reactor-http-nio-3] ERROR c.r.g.h.GatewayExceptionHandler - [handle,56] - [网关异常处理]请求路径:/auth/appLogin,异常信息:503 SERVICE_UNAVAILABLE "Unable to find instance for ruoyi-auth"
21:32:29.525 [reactor-http-nio-3] ERROR c.r.g.h.GatewayExceptionHandler - [handle,56] - [网关异常处理]请求路径:/auth/appLogin,异常信息:503 SERVICE_UNAVAILABLE "Unable to find instance for ruoyi-auth"
21:32:30.795 [reactor-http-nio-3] ERROR c.r.g.h.GatewayExceptionHandler - [handle,56] - [网关异常处理]请求路径:/auth/appLogin,异常信息:503 SERVICE_UNAVAILABLE "Unable to find instance for ruoyi-auth"
21:32:34.406 [reactor-http-nio-3] ERROR c.r.g.h.GatewayExceptionHandler - [handle,56] - [网关异常处理]请求路径:/auth/appLogin,异常信息:503 SERVICE_UNAVAILABLE "Unable to find instance for ruoyi-auth"
21:32:35.528 [reactor-http-nio-3] ERROR c.r.g.h.GatewayExceptionHandler - [handle,56] - [网关异常处理]请求路径:/auth/appLogin,异常信息:503 SERVICE_UNAVAILABLE "Unable to find instance for ruoyi-auth"
21:48:50.904 [reactor-http-nio-4] ERROR c.r.g.f.AuthFilter - [setUnauthorizedResponse,94] - [鉴权异常处理]请求路径:/api/appLogin
21:49:27.337 [reactor-http-nio-4] ERROR c.r.g.f.AuthFilter - [setUnauthorizedResponse,94] - [鉴权异常处理]请求路径:/auth/code
21:49:29.562 [reactor-http-nio-4] ERROR c.r.g.f.AuthFilter - [setUnauthorizedResponse,94] - [鉴权异常处理]请求路径:/auth/code
21:49:30.289 [reactor-http-nio-4] ERROR c.r.g.f.AuthFilter - [setUnauthorizedResponse,94] - [鉴权异常处理]请求路径:/auth/code
21:49:30.915 [reactor-http-nio-4] ERROR c.r.g.f.AuthFilter - [setUnauthorizedResponse,94] - [鉴权异常处理]请求路径:/auth/code
21:49:31.536 [reactor-http-nio-4] ERROR c.r.g.f.AuthFilter - [setUnauthorizedResponse,94] - [鉴权异常处理]请求路径:/auth/code
22:03:29.283 [reactor-http-nio-1] ERROR c.r.g.f.AuthFilter - [setUnauthorizedResponse,94] - [鉴权异常处理]请求路径:/api/user/getUserInfo
22:19:24.460 [com.alibaba.nacos.client.Worker.longPolling.fixed-127.0.0.1_8848] ERROR c.a.n.c.c.h.ServerHttpAgent - [httpPost,165] - [NACOS ConnectException httpPost] currentServerAddr: http://127.0.0.1:8848, err : Connection refused: connect
22:19:24.474 [com.alibaba.nacos.client.Worker.longPolling.fixed-127.0.0.1_8848] ERROR c.a.n.c.c.h.ServerHttpAgent - [httpPost,165] - [NACOS ConnectException httpPost] currentServerAddr: http://127.0.0.1:8848, err : Connection refused: connect
22:19:24.968 [com.alibaba.nacos.client.naming.updater] ERROR c.a.n.client.naming - [callServer,613] - [NA] failed to request
java.net.ConnectException: Connection refused: connect
	at java.net.DualStackPlainSocketImpl.waitForConnect(Native Method)
	at java.net.DualStackPlainSocketImpl.socketConnect(DualStackPlainSocketImpl.java:85)
	at java.net.AbstractPlainSocketImpl.doConnect(AbstractPlainSocketImpl.java:345)
	at java.net.AbstractPlainSocketImpl.connectToAddress(AbstractPlainSocketImpl.java:206)
	at java.net.AbstractPlainSocketImpl.connect(AbstractPlainSocketImpl.java:188)
	at java.net.PlainSocketImpl.connect(PlainSocketImpl.java:172)
	at java.net.SocksSocketImpl.connect(SocksSocketImpl.java:392)
	at java.net.Socket.connect(Socket.java:589)
	at sun.net.NetworkClient.doConnect(NetworkClient.java:175)
	at sun.net.www.http.HttpClient.openServer(HttpClient.java:432)
	at sun.net.www.http.HttpClient.openServer(HttpClient.java:527)
	at sun.net.www.http.HttpClient.<init>(HttpClient.java:211)
	at sun.net.www.http.HttpClient.New(HttpClient.java:308)
	at sun.net.www.http.HttpClient.New(HttpClient.java:340)
	at sun.net.www.protocol.http.HttpURLConnection.setNewClient(HttpURLConnection.java:741)
	at sun.net.www.protocol.http.HttpURLConnection.setNewClient(HttpURLConnection.java:729)
	at sun.net.www.protocol.http.HttpURLConnection.writeRequests(HttpURLConnection.java:671)
	at sun.net.www.protocol.http.HttpURLConnection.getInputStream0(HttpURLConnection.java:1533)
	at sun.net.www.protocol.http.HttpURLConnection.getInputStream(HttpURLConnection.java:1440)
	at java.net.HttpURLConnection.getResponseCode(HttpURLConnection.java:480)
	at com.alibaba.nacos.common.http.client.response.JdkHttpClientResponse.getStatusCode(JdkHttpClientResponse.java:75)
	at com.alibaba.nacos.common.http.client.handler.AbstractResponseHandler.handle(AbstractResponseHandler.java:43)
	at com.alibaba.nacos.common.http.client.NacosRestTemplate.execute(NacosRestTemplate.java:483)
	at com.alibaba.nacos.common.http.client.NacosRestTemplate.exchangeForm(NacosRestTemplate.java:427)
	at com.alibaba.nacos.client.naming.net.NamingProxy.callServer(NamingProxy.java:599)
	at com.alibaba.nacos.client.naming.net.NamingProxy.reqApi(NamingProxy.java:524)
	at com.alibaba.nacos.client.naming.net.NamingProxy.reqApi(NamingProxy.java:491)
	at com.alibaba.nacos.client.naming.net.NamingProxy.reqApi(NamingProxy.java:486)
	at com.alibaba.nacos.client.naming.net.NamingProxy.queryList(NamingProxy.java:400)
	at com.alibaba.nacos.client.naming.core.HostReactor.refreshOnly(HostReactor.java:361)
	at com.alibaba.nacos.client.naming.core.HostReactor$UpdateTask.run(HostReactor.java:425)
	at java.util.concurrent.Executors$RunnableAdapter.call(Executors.java:511)
	at java.util.concurrent.FutureTask.run$$$capture(FutureTask.java:266)
	at java.util.concurrent.FutureTask.run(FutureTask.java)
	at java.util.concurrent.ScheduledThreadPoolExecutor$ScheduledFutureTask.access$201(ScheduledThreadPoolExecutor.java:180)
	at java.util.concurrent.ScheduledThreadPoolExecutor$ScheduledFutureTask.run(ScheduledThreadPoolExecutor.java:293)
	at java.util.concurrent.ThreadPoolExecutor.runWorker(ThreadPoolExecutor.java:1142)
	at java.util.concurrent.ThreadPoolExecutor$Worker.run(ThreadPoolExecutor.java:617)
	at java.lang.Thread.run(Thread.java:745)
22:19:25.020 [com.alibaba.nacos.client.naming.updater] ERROR c.a.n.client.naming - [callServer,613] - [NA] failed to request
java.net.ConnectException: Connection refused: connect
	at java.net.DualStackPlainSocketImpl.waitForConnect(Native Method)
	at java.net.DualStackPlainSocketImpl.socketConnect(DualStackPlainSocketImpl.java:85)
	at java.net.AbstractPlainSocketImpl.doConnect(AbstractPlainSocketImpl.java:345)
	at java.net.AbstractPlainSocketImpl.connectToAddress(AbstractPlainSocketImpl.java:206)
	at java.net.AbstractPlainSocketImpl.connect(AbstractPlainSocketImpl.java:188)
	at java.net.PlainSocketImpl.connect(PlainSocketImpl.java:172)
	at java.net.SocksSocketImpl.connect(SocksSocketImpl.java:392)
	at java.net.Socket.connect(Socket.java:589)
	at sun.net.NetworkClient.doConnect(NetworkClient.java:175)
	at sun.net.www.http.HttpClient.openServer(HttpClient.java:432)
	at sun.net.www.http.HttpClient.openServer(HttpClient.java:527)
	at sun.net.www.http.HttpClient.<init>(HttpClient.java:211)
	at sun.net.www.http.HttpClient.New(HttpClient.java:308)
	at sun.net.www.http.HttpClient.New(HttpClient.java:326)
	at sun.net.www.protocol.http.HttpURLConnection.getNewHttpClient(HttpURLConnection.java:1168)
	at sun.net.www.protocol.http.HttpURLConnection.plainConnect0(HttpURLConnection.java:1104)
	at sun.net.www.protocol.http.HttpURLConnection.plainConnect(HttpURLConnection.java:998)
	at sun.net.www.protocol.http.HttpURLConnection.connect(HttpURLConnection.java:932)
	at com.alibaba.nacos.common.http.client.request.JdkHttpClientRequest.execute(JdkHttpClientRequest.java:109)
	at com.alibaba.nacos.common.http.client.NacosRestTemplate.execute(NacosRestTemplate.java:482)
	at com.alibaba.nacos.common.http.client.NacosRestTemplate.exchangeForm(NacosRestTemplate.java:427)
	at com.alibaba.nacos.client.naming.net.NamingProxy.callServer(NamingProxy.java:599)
	at com.alibaba.nacos.client.naming.net.NamingProxy.reqApi(NamingProxy.java:524)
	at com.alibaba.nacos.client.naming.net.NamingProxy.reqApi(NamingProxy.java:491)
	at com.alibaba.nacos.client.naming.net.NamingProxy.reqApi(NamingProxy.java:486)
	at com.alibaba.nacos.client.naming.net.NamingProxy.queryList(NamingProxy.java:400)
	at com.alibaba.nacos.client.naming.core.HostReactor.refreshOnly(HostReactor.java:361)
	at com.alibaba.nacos.client.naming.core.HostReactor$UpdateTask.run(HostReactor.java:425)
	at java.util.concurrent.Executors$RunnableAdapter.call(Executors.java:511)
	at java.util.concurrent.FutureTask.run$$$capture(FutureTask.java:266)
	at java.util.concurrent.FutureTask.run(FutureTask.java)
	at java.util.concurrent.ScheduledThreadPoolExecutor$ScheduledFutureTask.access$201(ScheduledThreadPoolExecutor.java:180)
	at java.util.concurrent.ScheduledThreadPoolExecutor$ScheduledFutureTask.run(ScheduledThreadPoolExecutor.java:293)
	at java.util.concurrent.ThreadPoolExecutor.runWorker(ThreadPoolExecutor.java:1142)
	at java.util.concurrent.ThreadPoolExecutor$Worker.run(ThreadPoolExecutor.java:617)
	at java.lang.Thread.run(Thread.java:745)
22:19:25.477 [com.alibaba.nacos.client.Worker.longPolling.fixed-127.0.0.1_8848] ERROR c.a.n.c.c.h.ServerHttpAgent - [httpPost,165] - [NACOS ConnectException httpPost] currentServerAddr: http://127.0.0.1:8848, err : Connection refused: connect
22:19:25.488 [com.alibaba.nacos.client.Worker.longPolling.fixed-127.0.0.1_8848] ERROR c.a.n.c.c.h.ServerHttpAgent - [httpPost,165] - [NACOS ConnectException httpPost] currentServerAddr: http://127.0.0.1:8848, err : Connection refused: connect
22:19:25.983 [com.alibaba.nacos.client.naming.updater] ERROR c.a.n.client.naming - [callServer,613] - [NA] failed to request
java.net.ConnectException: Connection refused: connect
	at java.net.DualStackPlainSocketImpl.waitForConnect(Native Method)
	at java.net.DualStackPlainSocketImpl.socketConnect(DualStackPlainSocketImpl.java:85)
	at java.net.AbstractPlainSocketImpl.doConnect(AbstractPlainSocketImpl.java:345)
	at java.net.AbstractPlainSocketImpl.connectToAddress(AbstractPlainSocketImpl.java:206)
	at java.net.AbstractPlainSocketImpl.connect(AbstractPlainSocketImpl.java:188)
	at java.net.PlainSocketImpl.connect(PlainSocketImpl.java:172)
	at java.net.SocksSocketImpl.connect(SocksSocketImpl.java:392)
	at java.net.Socket.connect(Socket.java:589)
	at sun.net.NetworkClient.doConnect(NetworkClient.java:175)
	at sun.net.www.http.HttpClient.openServer(HttpClient.java:432)
	at sun.net.www.http.HttpClient.openServer(HttpClient.java:527)
	at sun.net.www.http.HttpClient.<init>(HttpClient.java:211)
	at sun.net.www.http.HttpClient.New(HttpClient.java:308)
	at sun.net.www.http.HttpClient.New(HttpClient.java:326)
	at sun.net.www.protocol.http.HttpURLConnection.getNewHttpClient(HttpURLConnection.java:1168)
	at sun.net.www.protocol.http.HttpURLConnection.plainConnect0(HttpURLConnection.java:1104)
	at sun.net.www.protocol.http.HttpURLConnection.plainConnect(HttpURLConnection.java:998)
	at sun.net.www.protocol.http.HttpURLConnection.connect(HttpURLConnection.java:932)
	at com.alibaba.nacos.common.http.client.request.JdkHttpClientRequest.execute(JdkHttpClientRequest.java:109)
	at com.alibaba.nacos.common.http.client.NacosRestTemplate.execute(NacosRestTemplate.java:482)
	at com.alibaba.nacos.common.http.client.NacosRestTemplate.exchangeForm(NacosRestTemplate.java:427)
	at com.alibaba.nacos.client.naming.net.NamingProxy.callServer(NamingProxy.java:599)
	at com.alibaba.nacos.client.naming.net.NamingProxy.reqApi(NamingProxy.java:538)
	at com.alibaba.nacos.client.naming.net.NamingProxy.reqApi(NamingProxy.java:491)
	at com.alibaba.nacos.client.naming.net.NamingProxy.reqApi(NamingProxy.java:486)
	at com.alibaba.nacos.client.naming.net.NamingProxy.queryList(NamingProxy.java:400)
	at com.alibaba.nacos.client.naming.core.HostReactor.refreshOnly(HostReactor.java:361)
	at com.alibaba.nacos.client.naming.core.HostReactor$UpdateTask.run(HostReactor.java:425)
	at java.util.concurrent.Executors$RunnableAdapter.call(Executors.java:511)
	at java.util.concurrent.FutureTask.run$$$capture(FutureTask.java:266)
	at java.util.concurrent.FutureTask.run(FutureTask.java)
	at java.util.concurrent.ScheduledThreadPoolExecutor$ScheduledFutureTask.access$201(ScheduledThreadPoolExecutor.java:180)
	at java.util.concurrent.ScheduledThreadPoolExecutor$ScheduledFutureTask.run(ScheduledThreadPoolExecutor.java:293)
	at java.util.concurrent.ThreadPoolExecutor.runWorker(ThreadPoolExecutor.java:1142)
	at java.util.concurrent.ThreadPoolExecutor$Worker.run(ThreadPoolExecutor.java:617)
	at java.lang.Thread.run(Thread.java:745)
22:19:26.026 [com.alibaba.nacos.client.naming.updater] ERROR c.a.n.client.naming - [callServer,613] - [NA] failed to request
java.net.ConnectException: Connection refused: connect
	at java.net.DualStackPlainSocketImpl.waitForConnect(Native Method)
	at java.net.DualStackPlainSocketImpl.socketConnect(DualStackPlainSocketImpl.java:85)
	at java.net.AbstractPlainSocketImpl.doConnect(AbstractPlainSocketImpl.java:345)
	at java.net.AbstractPlainSocketImpl.connectToAddress(AbstractPlainSocketImpl.java:206)
	at java.net.AbstractPlainSocketImpl.connect(AbstractPlainSocketImpl.java:188)
	at java.net.PlainSocketImpl.connect(PlainSocketImpl.java:172)
	at java.net.SocksSocketImpl.connect(SocksSocketImpl.java:392)
	at java.net.Socket.connect(Socket.java:589)
	at sun.net.NetworkClient.doConnect(NetworkClient.java:175)
	at sun.net.www.http.HttpClient.openServer(HttpClient.java:432)
	at sun.net.www.http.HttpClient.openServer(HttpClient.java:527)
	at sun.net.www.http.HttpClient.<init>(HttpClient.java:211)
	at sun.net.www.http.HttpClient.New(HttpClient.java:308)
	at sun.net.www.http.HttpClient.New(HttpClient.java:326)
	at sun.net.www.protocol.http.HttpURLConnection.getNewHttpClient(HttpURLConnection.java:1168)
	at sun.net.www.protocol.http.HttpURLConnection.plainConnect0(HttpURLConnection.java:1104)
	at sun.net.www.protocol.http.HttpURLConnection.plainConnect(HttpURLConnection.java:998)
	at sun.net.www.protocol.http.HttpURLConnection.connect(HttpURLConnection.java:932)
	at com.alibaba.nacos.common.http.client.request.JdkHttpClientRequest.execute(JdkHttpClientRequest.java:109)
	at com.alibaba.nacos.common.http.client.NacosRestTemplate.execute(NacosRestTemplate.java:482)
	at com.alibaba.nacos.common.http.client.NacosRestTemplate.exchangeForm(NacosRestTemplate.java:427)
	at com.alibaba.nacos.client.naming.net.NamingProxy.callServer(NamingProxy.java:599)
	at com.alibaba.nacos.client.naming.net.NamingProxy.reqApi(NamingProxy.java:538)
	at com.alibaba.nacos.client.naming.net.NamingProxy.reqApi(NamingProxy.java:491)
	at com.alibaba.nacos.client.naming.net.NamingProxy.reqApi(NamingProxy.java:486)
	at com.alibaba.nacos.client.naming.net.NamingProxy.queryList(NamingProxy.java:400)
	at com.alibaba.nacos.client.naming.core.HostReactor.refreshOnly(HostReactor.java:361)
	at com.alibaba.nacos.client.naming.core.HostReactor$UpdateTask.run(HostReactor.java:425)
	at java.util.concurrent.Executors$RunnableAdapter.call(Executors.java:511)
	at java.util.concurrent.FutureTask.run$$$capture(FutureTask.java:266)
	at java.util.concurrent.FutureTask.run(FutureTask.java)
	at java.util.concurrent.ScheduledThreadPoolExecutor$ScheduledFutureTask.access$201(ScheduledThreadPoolExecutor.java:180)
	at java.util.concurrent.ScheduledThreadPoolExecutor$ScheduledFutureTask.run(ScheduledThreadPoolExecutor.java:293)
	at java.util.concurrent.ThreadPoolExecutor.runWorker(ThreadPoolExecutor.java:1142)
	at java.util.concurrent.ThreadPoolExecutor$Worker.run(ThreadPoolExecutor.java:617)
	at java.lang.Thread.run(Thread.java:745)
22:19:26.490 [com.alibaba.nacos.client.Worker.longPolling.fixed-127.0.0.1_8848] ERROR c.a.n.c.c.h.ServerHttpAgent - [httpPost,165] - [NACOS ConnectException httpPost] currentServerAddr: http://127.0.0.1:8848, err : Connection refused: connect
22:19:26.502 [com.alibaba.nacos.client.Worker.longPolling.fixed-127.0.0.1_8848] ERROR c.a.n.c.c.h.ServerHttpAgent - [httpPost,165] - [NACOS ConnectException httpPost] currentServerAddr: http://127.0.0.1:8848, err : Connection refused: connect
22:19:26.998 [com.alibaba.nacos.client.naming.updater] ERROR c.a.n.client.naming - [callServer,613] - [NA] failed to request
java.net.ConnectException: Connection refused: connect
	at java.net.DualStackPlainSocketImpl.waitForConnect(Native Method)
	at java.net.DualStackPlainSocketImpl.socketConnect(DualStackPlainSocketImpl.java:85)
	at java.net.AbstractPlainSocketImpl.doConnect(AbstractPlainSocketImpl.java:345)
	at java.net.AbstractPlainSocketImpl.connectToAddress(AbstractPlainSocketImpl.java:206)
	at java.net.AbstractPlainSocketImpl.connect(AbstractPlainSocketImpl.java:188)
	at java.net.PlainSocketImpl.connect(PlainSocketImpl.java:172)
	at java.net.SocksSocketImpl.connect(SocksSocketImpl.java:392)
	at java.net.Socket.connect(Socket.java:589)
	at sun.net.NetworkClient.doConnect(NetworkClient.java:175)
	at sun.net.www.http.HttpClient.openServer(HttpClient.java:432)
	at sun.net.www.http.HttpClient.openServer(HttpClient.java:527)
	at sun.net.www.http.HttpClient.<init>(HttpClient.java:211)
	at sun.net.www.http.HttpClient.New(HttpClient.java:308)
	at sun.net.www.http.HttpClient.New(HttpClient.java:326)
	at sun.net.www.protocol.http.HttpURLConnection.getNewHttpClient(HttpURLConnection.java:1168)
	at sun.net.www.protocol.http.HttpURLConnection.plainConnect0(HttpURLConnection.java:1104)
	at sun.net.www.protocol.http.HttpURLConnection.plainConnect(HttpURLConnection.java:998)
	at sun.net.www.protocol.http.HttpURLConnection.connect(HttpURLConnection.java:932)
	at com.alibaba.nacos.common.http.client.request.JdkHttpClientRequest.execute(JdkHttpClientRequest.java:109)
	at com.alibaba.nacos.common.http.client.NacosRestTemplate.execute(NacosRestTemplate.java:482)
	at com.alibaba.nacos.common.http.client.NacosRestTemplate.exchangeForm(NacosRestTemplate.java:427)
	at com.alibaba.nacos.client.naming.net.NamingProxy.callServer(NamingProxy.java:599)
	at com.alibaba.nacos.client.naming.net.NamingProxy.reqApi(NamingProxy.java:538)
	at com.alibaba.nacos.client.naming.net.NamingProxy.reqApi(NamingProxy.java:491)
	at com.alibaba.nacos.client.naming.net.NamingProxy.reqApi(NamingProxy.java:486)
	at com.alibaba.nacos.client.naming.net.NamingProxy.queryList(NamingProxy.java:400)
	at com.alibaba.nacos.client.naming.core.HostReactor.refreshOnly(HostReactor.java:361)
	at com.alibaba.nacos.client.naming.core.HostReactor$UpdateTask.run(HostReactor.java:425)
	at java.util.concurrent.Executors$RunnableAdapter.call(Executors.java:511)
	at java.util.concurrent.FutureTask.run$$$capture(FutureTask.java:266)
	at java.util.concurrent.FutureTask.run(FutureTask.java)
	at java.util.concurrent.ScheduledThreadPoolExecutor$ScheduledFutureTask.access$201(ScheduledThreadPoolExecutor.java:180)
	at java.util.concurrent.ScheduledThreadPoolExecutor$ScheduledFutureTask.run(ScheduledThreadPoolExecutor.java:293)
	at java.util.concurrent.ThreadPoolExecutor.runWorker(ThreadPoolExecutor.java:1142)
	at java.util.concurrent.ThreadPoolExecutor$Worker.run(ThreadPoolExecutor.java:617)
	at java.lang.Thread.run(Thread.java:745)
22:19:27.032 [com.alibaba.nacos.client.naming.updater] ERROR c.a.n.client.naming - [callServer,613] - [NA] failed to request
java.net.ConnectException: Connection refused: connect
	at java.net.DualStackPlainSocketImpl.waitForConnect(Native Method)
	at java.net.DualStackPlainSocketImpl.socketConnect(DualStackPlainSocketImpl.java:85)
	at java.net.AbstractPlainSocketImpl.doConnect(AbstractPlainSocketImpl.java:345)
	at java.net.AbstractPlainSocketImpl.connectToAddress(AbstractPlainSocketImpl.java:206)
	at java.net.AbstractPlainSocketImpl.connect(AbstractPlainSocketImpl.java:188)
	at java.net.PlainSocketImpl.connect(PlainSocketImpl.java:172)
	at java.net.SocksSocketImpl.connect(SocksSocketImpl.java:392)
	at java.net.Socket.connect(Socket.java:589)
	at sun.net.NetworkClient.doConnect(NetworkClient.java:175)
	at sun.net.www.http.HttpClient.openServer(HttpClient.java:432)
	at sun.net.www.http.HttpClient.openServer(HttpClient.java:527)
	at sun.net.www.http.HttpClient.<init>(HttpClient.java:211)
	at sun.net.www.http.HttpClient.New(HttpClient.java:308)
	at sun.net.www.http.HttpClient.New(HttpClient.java:326)
	at sun.net.www.protocol.http.HttpURLConnection.getNewHttpClient(HttpURLConnection.java:1168)
	at sun.net.www.protocol.http.HttpURLConnection.plainConnect0(HttpURLConnection.java:1104)
	at sun.net.www.protocol.http.HttpURLConnection.plainConnect(HttpURLConnection.java:998)
	at sun.net.www.protocol.http.HttpURLConnection.connect(HttpURLConnection.java:932)
	at com.alibaba.nacos.common.http.client.request.JdkHttpClientRequest.execute(JdkHttpClientRequest.java:109)
	at com.alibaba.nacos.common.http.client.NacosRestTemplate.execute(NacosRestTemplate.java:482)
	at com.alibaba.nacos.common.http.client.NacosRestTemplate.exchangeForm(NacosRestTemplate.java:427)
	at com.alibaba.nacos.client.naming.net.NamingProxy.callServer(NamingProxy.java:599)
	at com.alibaba.nacos.client.naming.net.NamingProxy.reqApi(NamingProxy.java:538)
	at com.alibaba.nacos.client.naming.net.NamingProxy.reqApi(NamingProxy.java:491)
	at com.alibaba.nacos.client.naming.net.NamingProxy.reqApi(NamingProxy.java:486)
	at com.alibaba.nacos.client.naming.net.NamingProxy.queryList(NamingProxy.java:400)
	at com.alibaba.nacos.client.naming.core.HostReactor.refreshOnly(HostReactor.java:361)
	at com.alibaba.nacos.client.naming.core.HostReactor$UpdateTask.run(HostReactor.java:425)
	at java.util.concurrent.Executors$RunnableAdapter.call(Executors.java:511)
	at java.util.concurrent.FutureTask.run$$$capture(FutureTask.java:266)
	at java.util.concurrent.FutureTask.run(FutureTask.java)
	at java.util.concurrent.ScheduledThreadPoolExecutor$ScheduledFutureTask.access$201(ScheduledThreadPoolExecutor.java:180)
	at java.util.concurrent.ScheduledThreadPoolExecutor$ScheduledFutureTask.run(ScheduledThreadPoolExecutor.java:293)
	at java.util.concurrent.ThreadPoolExecutor.runWorker(ThreadPoolExecutor.java:1142)
	at java.util.concurrent.ThreadPoolExecutor$Worker.run(ThreadPoolExecutor.java:617)
	at java.lang.Thread.run(Thread.java:745)
22:19:27.495 [com.alibaba.nacos.client.Worker.longPolling.fixed-127.0.0.1_8848] ERROR c.a.n.c.c.h.ServerHttpAgent - [httpPost,165] - [NACOS ConnectException httpPost] currentServerAddr: http://127.0.0.1:8848, err : Connection refused: connect
22:19:27.495 [com.alibaba.nacos.client.Worker.longPolling.fixed-127.0.0.1_8848] ERROR c.a.n.c.c.i.ClientWorker - [checkUpdateConfigStr,478] - [fixed-127.0.0.1_8848] [check-update] get changed dataId exception
java.net.ConnectException: [NACOS HTTP-POST] The maximum number of tolerable server reconnection errors has been reached
	at com.alibaba.nacos.client.config.http.ServerHttpAgent.httpPost(ServerHttpAgent.java:180)
	at com.alibaba.nacos.client.config.http.MetricsHttpAgent.httpPost(MetricsHttpAgent.java:68)
	at com.alibaba.nacos.client.config.impl.ClientWorker.checkUpdateConfigStr(ClientWorker.java:465)
	at com.alibaba.nacos.client.config.impl.ClientWorker.checkUpdateDataIds(ClientWorker.java:432)
	at com.alibaba.nacos.client.config.impl.ClientWorker$LongPollingRunnable.run(ClientWorker.java:620)
	at java.util.concurrent.Executors$RunnableAdapter.call(Executors.java:511)
	at java.util.concurrent.FutureTask.run$$$capture(FutureTask.java:266)
	at java.util.concurrent.FutureTask.run(FutureTask.java)
	at java.util.concurrent.ScheduledThreadPoolExecutor$ScheduledFutureTask.access$201(ScheduledThreadPoolExecutor.java:180)
	at java.util.concurrent.ScheduledThreadPoolExecutor$ScheduledFutureTask.run(ScheduledThreadPoolExecutor.java:293)
	at java.util.concurrent.ThreadPoolExecutor.runWorker(ThreadPoolExecutor.java:1142)
	at java.util.concurrent.ThreadPoolExecutor$Worker.run(ThreadPoolExecutor.java:617)
	at java.lang.Thread.run(Thread.java:745)
22:19:27.496 [com.alibaba.nacos.client.Worker.longPolling.fixed-127.0.0.1_8848] ERROR c.a.n.c.c.i.ClientWorker - [run,664] - longPolling error : 
java.net.ConnectException: [NACOS HTTP-POST] The maximum number of tolerable server reconnection errors has been reached
	at com.alibaba.nacos.client.config.http.ServerHttpAgent.httpPost(ServerHttpAgent.java:180)
	at com.alibaba.nacos.client.config.http.MetricsHttpAgent.httpPost(MetricsHttpAgent.java:68)
	at com.alibaba.nacos.client.config.impl.ClientWorker.checkUpdateConfigStr(ClientWorker.java:465)
	at com.alibaba.nacos.client.config.impl.ClientWorker.checkUpdateDataIds(ClientWorker.java:432)
	at com.alibaba.nacos.client.config.impl.ClientWorker$LongPollingRunnable.run(ClientWorker.java:620)
	at java.util.concurrent.Executors$RunnableAdapter.call(Executors.java:511)
	at java.util.concurrent.FutureTask.run$$$capture(FutureTask.java:266)
	at java.util.concurrent.FutureTask.run(FutureTask.java)
	at java.util.concurrent.ScheduledThreadPoolExecutor$ScheduledFutureTask.access$201(ScheduledThreadPoolExecutor.java:180)
	at java.util.concurrent.ScheduledThreadPoolExecutor$ScheduledFutureTask.run(ScheduledThreadPoolExecutor.java:293)
	at java.util.concurrent.ThreadPoolExecutor.runWorker(ThreadPoolExecutor.java:1142)
	at java.util.concurrent.ThreadPoolExecutor$Worker.run(ThreadPoolExecutor.java:617)
	at java.lang.Thread.run(Thread.java:745)
22:19:27.507 [com.alibaba.nacos.client.Worker.longPolling.fixed-127.0.0.1_8848] ERROR c.a.n.c.c.h.ServerHttpAgent - [httpPost,165] - [NACOS ConnectException httpPost] currentServerAddr: http://127.0.0.1:8848, err : Connection refused: connect
22:19:27.507 [com.alibaba.nacos.client.Worker.longPolling.fixed-127.0.0.1_8848] ERROR c.a.n.c.c.i.ClientWorker - [checkUpdateConfigStr,478] - [fixed-127.0.0.1_8848] [check-update] get changed dataId exception
java.net.ConnectException: [NACOS HTTP-POST] The maximum number of tolerable server reconnection errors has been reached
	at com.alibaba.nacos.client.config.http.ServerHttpAgent.httpPost(ServerHttpAgent.java:180)
	at com.alibaba.nacos.client.config.http.MetricsHttpAgent.httpPost(MetricsHttpAgent.java:68)
	at com.alibaba.nacos.client.config.impl.ClientWorker.checkUpdateConfigStr(ClientWorker.java:465)
	at com.alibaba.nacos.client.config.impl.ClientWorker.checkUpdateDataIds(ClientWorker.java:432)
	at com.alibaba.nacos.client.config.impl.ClientWorker$LongPollingRunnable.run(ClientWorker.java:620)
	at java.util.concurrent.Executors$RunnableAdapter.call(Executors.java:511)
	at java.util.concurrent.FutureTask.run$$$capture(FutureTask.java:266)
	at java.util.concurrent.FutureTask.run(FutureTask.java)
	at java.util.concurrent.ScheduledThreadPoolExecutor$ScheduledFutureTask.access$201(ScheduledThreadPoolExecutor.java:180)
	at java.util.concurrent.ScheduledThreadPoolExecutor$ScheduledFutureTask.run(ScheduledThreadPoolExecutor.java:293)
	at java.util.concurrent.ThreadPoolExecutor.runWorker(ThreadPoolExecutor.java:1142)
	at java.util.concurrent.ThreadPoolExecutor$Worker.run(ThreadPoolExecutor.java:617)
	at java.lang.Thread.run(Thread.java:745)
22:19:27.507 [com.alibaba.nacos.client.Worker.longPolling.fixed-127.0.0.1_8848] ERROR c.a.n.c.c.i.ClientWorker - [run,664] - longPolling error : 
java.net.ConnectException: [NACOS HTTP-POST] The maximum number of tolerable server reconnection errors has been reached
	at com.alibaba.nacos.client.config.http.ServerHttpAgent.httpPost(ServerHttpAgent.java:180)
	at com.alibaba.nacos.client.config.http.MetricsHttpAgent.httpPost(MetricsHttpAgent.java:68)
	at com.alibaba.nacos.client.config.impl.ClientWorker.checkUpdateConfigStr(ClientWorker.java:465)
	at com.alibaba.nacos.client.config.impl.ClientWorker.checkUpdateDataIds(ClientWorker.java:432)
	at com.alibaba.nacos.client.config.impl.ClientWorker$LongPollingRunnable.run(ClientWorker.java:620)
	at java.util.concurrent.Executors$RunnableAdapter.call(Executors.java:511)
	at java.util.concurrent.FutureTask.run$$$capture(FutureTask.java:266)
	at java.util.concurrent.FutureTask.run(FutureTask.java)
	at java.util.concurrent.ScheduledThreadPoolExecutor$ScheduledFutureTask.access$201(ScheduledThreadPoolExecutor.java:180)
	at java.util.concurrent.ScheduledThreadPoolExecutor$ScheduledFutureTask.run(ScheduledThreadPoolExecutor.java:293)
	at java.util.concurrent.ThreadPoolExecutor.runWorker(ThreadPoolExecutor.java:1142)
	at java.util.concurrent.ThreadPoolExecutor$Worker.run(ThreadPoolExecutor.java:617)
	at java.lang.Thread.run(Thread.java:745)
22:19:28.003 [com.alibaba.nacos.client.naming.updater] ERROR c.a.n.client.naming - [callServer,613] - [NA] failed to request
java.net.ConnectException: Connection refused: connect
	at java.net.DualStackPlainSocketImpl.waitForConnect(Native Method)
	at java.net.DualStackPlainSocketImpl.socketConnect(DualStackPlainSocketImpl.java:85)
	at java.net.AbstractPlainSocketImpl.doConnect(AbstractPlainSocketImpl.java:345)
	at java.net.AbstractPlainSocketImpl.connectToAddress(AbstractPlainSocketImpl.java:206)
	at java.net.AbstractPlainSocketImpl.connect(AbstractPlainSocketImpl.java:188)
	at java.net.PlainSocketImpl.connect(PlainSocketImpl.java:172)
	at java.net.SocksSocketImpl.connect(SocksSocketImpl.java:392)
	at java.net.Socket.connect(Socket.java:589)
	at sun.net.NetworkClient.doConnect(NetworkClient.java:175)
	at sun.net.www.http.HttpClient.openServer(HttpClient.java:432)
	at sun.net.www.http.HttpClient.openServer(HttpClient.java:527)
	at sun.net.www.http.HttpClient.<init>(HttpClient.java:211)
	at sun.net.www.http.HttpClient.New(HttpClient.java:308)
	at sun.net.www.http.HttpClient.New(HttpClient.java:326)
	at sun.net.www.protocol.http.HttpURLConnection.getNewHttpClient(HttpURLConnection.java:1168)
	at sun.net.www.protocol.http.HttpURLConnection.plainConnect0(HttpURLConnection.java:1104)
	at sun.net.www.protocol.http.HttpURLConnection.plainConnect(HttpURLConnection.java:998)
	at sun.net.www.protocol.http.HttpURLConnection.connect(HttpURLConnection.java:932)
	at com.alibaba.nacos.common.http.client.request.JdkHttpClientRequest.execute(JdkHttpClientRequest.java:109)
	at com.alibaba.nacos.common.http.client.NacosRestTemplate.execute(NacosRestTemplate.java:482)
	at com.alibaba.nacos.common.http.client.NacosRestTemplate.exchangeForm(NacosRestTemplate.java:427)
	at com.alibaba.nacos.client.naming.net.NamingProxy.callServer(NamingProxy.java:599)
	at com.alibaba.nacos.client.naming.net.NamingProxy.reqApi(NamingProxy.java:538)
	at com.alibaba.nacos.client.naming.net.NamingProxy.reqApi(NamingProxy.java:491)
	at com.alibaba.nacos.client.naming.net.NamingProxy.reqApi(NamingProxy.java:486)
	at com.alibaba.nacos.client.naming.net.NamingProxy.queryList(NamingProxy.java:400)
	at com.alibaba.nacos.client.naming.core.HostReactor.refreshOnly(HostReactor.java:361)
	at com.alibaba.nacos.client.naming.core.HostReactor$UpdateTask.run(HostReactor.java:425)
	at java.util.concurrent.Executors$RunnableAdapter.call(Executors.java:511)
	at java.util.concurrent.FutureTask.run$$$capture(FutureTask.java:266)
	at java.util.concurrent.FutureTask.run(FutureTask.java)
	at java.util.concurrent.ScheduledThreadPoolExecutor$ScheduledFutureTask.access$201(ScheduledThreadPoolExecutor.java:180)
	at java.util.concurrent.ScheduledThreadPoolExecutor$ScheduledFutureTask.run(ScheduledThreadPoolExecutor.java:293)
	at java.util.concurrent.ThreadPoolExecutor.runWorker(ThreadPoolExecutor.java:1142)
	at java.util.concurrent.ThreadPoolExecutor$Worker.run(ThreadPoolExecutor.java:617)
	at java.lang.Thread.run(Thread.java:745)
22:19:28.004 [com.alibaba.nacos.client.naming.updater] ERROR c.a.n.client.naming - [reqApi,548] - request: /nacos/v1/ns/instance/list failed, servers: [127.0.0.1:8848], code: 500, msg: Connection refused: connect
22:19:28.004 [com.alibaba.nacos.client.naming.updater] ERROR c.a.n.client.naming - [refreshOnly,363] - [NA] failed to update serviceName: DEFAULT_GROUP@@ruoyi-gateway
com.alibaba.nacos.api.exception.NacosException: failed to req API:/nacos/v1/ns/instance/list after all servers([127.0.0.1:8848]) tried: java.net.ConnectException: Connection refused: connect
	at com.alibaba.nacos.client.naming.net.NamingProxy.reqApi(NamingProxy.java:552)
	at com.alibaba.nacos.client.naming.net.NamingProxy.reqApi(NamingProxy.java:491)
	at com.alibaba.nacos.client.naming.net.NamingProxy.reqApi(NamingProxy.java:486)
	at com.alibaba.nacos.client.naming.net.NamingProxy.queryList(NamingProxy.java:400)
	at com.alibaba.nacos.client.naming.core.HostReactor.refreshOnly(HostReactor.java:361)
	at com.alibaba.nacos.client.naming.core.HostReactor$UpdateTask.run(HostReactor.java:425)
	at java.util.concurrent.Executors$RunnableAdapter.call(Executors.java:511)
	at java.util.concurrent.FutureTask.run$$$capture(FutureTask.java:266)
	at java.util.concurrent.FutureTask.run(FutureTask.java)
	at java.util.concurrent.ScheduledThreadPoolExecutor$ScheduledFutureTask.access$201(ScheduledThreadPoolExecutor.java:180)
	at java.util.concurrent.ScheduledThreadPoolExecutor$ScheduledFutureTask.run(ScheduledThreadPoolExecutor.java:293)
	at java.util.concurrent.ThreadPoolExecutor.runWorker(ThreadPoolExecutor.java:1142)
	at java.util.concurrent.ThreadPoolExecutor$Worker.run(ThreadPoolExecutor.java:617)
	at java.lang.Thread.run(Thread.java:745)
22:19:28.036 [com.alibaba.nacos.client.naming.updater] ERROR c.a.n.client.naming - [callServer,613] - [NA] failed to request
java.net.ConnectException: Connection refused: connect
	at java.net.DualStackPlainSocketImpl.waitForConnect(Native Method)
	at java.net.DualStackPlainSocketImpl.socketConnect(DualStackPlainSocketImpl.java:85)
	at java.net.AbstractPlainSocketImpl.doConnect(AbstractPlainSocketImpl.java:345)
	at java.net.AbstractPlainSocketImpl.connectToAddress(AbstractPlainSocketImpl.java:206)
	at java.net.AbstractPlainSocketImpl.connect(AbstractPlainSocketImpl.java:188)
	at java.net.PlainSocketImpl.connect(PlainSocketImpl.java:172)
	at java.net.SocksSocketImpl.connect(SocksSocketImpl.java:392)
	at java.net.Socket.connect(Socket.java:589)
	at sun.net.NetworkClient.doConnect(NetworkClient.java:175)
	at sun.net.www.http.HttpClient.openServer(HttpClient.java:432)
	at sun.net.www.http.HttpClient.openServer(HttpClient.java:527)
	at sun.net.www.http.HttpClient.<init>(HttpClient.java:211)
	at sun.net.www.http.HttpClient.New(HttpClient.java:308)
	at sun.net.www.http.HttpClient.New(HttpClient.java:326)
	at sun.net.www.protocol.http.HttpURLConnection.getNewHttpClient(HttpURLConnection.java:1168)
	at sun.net.www.protocol.http.HttpURLConnection.plainConnect0(HttpURLConnection.java:1104)
	at sun.net.www.protocol.http.HttpURLConnection.plainConnect(HttpURLConnection.java:998)
	at sun.net.www.protocol.http.HttpURLConnection.connect(HttpURLConnection.java:932)
	at com.alibaba.nacos.common.http.client.request.JdkHttpClientRequest.execute(JdkHttpClientRequest.java:109)
	at com.alibaba.nacos.common.http.client.NacosRestTemplate.execute(NacosRestTemplate.java:482)
	at com.alibaba.nacos.common.http.client.NacosRestTemplate.exchangeForm(NacosRestTemplate.java:427)
	at com.alibaba.nacos.client.naming.net.NamingProxy.callServer(NamingProxy.java:599)
	at com.alibaba.nacos.client.naming.net.NamingProxy.reqApi(NamingProxy.java:538)
	at com.alibaba.nacos.client.naming.net.NamingProxy.reqApi(NamingProxy.java:491)
	at com.alibaba.nacos.client.naming.net.NamingProxy.reqApi(NamingProxy.java:486)
	at com.alibaba.nacos.client.naming.net.NamingProxy.queryList(NamingProxy.java:400)
	at com.alibaba.nacos.client.naming.core.HostReactor.refreshOnly(HostReactor.java:361)
	at com.alibaba.nacos.client.naming.core.HostReactor$UpdateTask.run(HostReactor.java:425)
	at java.util.concurrent.Executors$RunnableAdapter.call(Executors.java:511)
	at java.util.concurrent.FutureTask.run$$$capture(FutureTask.java:266)
	at java.util.concurrent.FutureTask.run(FutureTask.java)
	at java.util.concurrent.ScheduledThreadPoolExecutor$ScheduledFutureTask.access$201(ScheduledThreadPoolExecutor.java:180)
	at java.util.concurrent.ScheduledThreadPoolExecutor$ScheduledFutureTask.run(ScheduledThreadPoolExecutor.java:293)
	at java.util.concurrent.ThreadPoolExecutor.runWorker(ThreadPoolExecutor.java:1142)
	at java.util.concurrent.ThreadPoolExecutor$Worker.run(ThreadPoolExecutor.java:617)
	at java.lang.Thread.run(Thread.java:745)
22:19:28.037 [com.alibaba.nacos.client.naming.updater] ERROR c.a.n.client.naming - [reqApi,548] - request: /nacos/v1/ns/instance/list failed, servers: [127.0.0.1:8848], code: 500, msg: Connection refused: connect
22:19:28.037 [com.alibaba.nacos.client.naming.updater] ERROR c.a.n.client.naming - [refreshOnly,363] - [NA] failed to update serviceName: DEFAULT_GROUP@@ruoyi-gateway
com.alibaba.nacos.api.exception.NacosException: failed to req API:/nacos/v1/ns/instance/list after all servers([127.0.0.1:8848]) tried: java.net.ConnectException: Connection refused: connect
	at com.alibaba.nacos.client.naming.net.NamingProxy.reqApi(NamingProxy.java:552)
	at com.alibaba.nacos.client.naming.net.NamingProxy.reqApi(NamingProxy.java:491)
	at com.alibaba.nacos.client.naming.net.NamingProxy.reqApi(NamingProxy.java:486)
	at com.alibaba.nacos.client.naming.net.NamingProxy.queryList(NamingProxy.java:400)
	at com.alibaba.nacos.client.naming.core.HostReactor.refreshOnly(HostReactor.java:361)
	at com.alibaba.nacos.client.naming.core.HostReactor$UpdateTask.run(HostReactor.java:425)
	at java.util.concurrent.Executors$RunnableAdapter.call(Executors.java:511)
	at java.util.concurrent.FutureTask.run$$$capture(FutureTask.java:266)
	at java.util.concurrent.FutureTask.run(FutureTask.java)
	at java.util.concurrent.ScheduledThreadPoolExecutor$ScheduledFutureTask.access$201(ScheduledThreadPoolExecutor.java:180)
	at java.util.concurrent.ScheduledThreadPoolExecutor$ScheduledFutureTask.run(ScheduledThreadPoolExecutor.java:293)
	at java.util.concurrent.ThreadPoolExecutor.runWorker(ThreadPoolExecutor.java:1142)
	at java.util.concurrent.ThreadPoolExecutor$Worker.run(ThreadPoolExecutor.java:617)
	at java.lang.Thread.run(Thread.java:745)
22:19:29.211 [com.alibaba.nacos.client.naming.updater] ERROR c.a.n.client.naming - [callServer,613] - [NA] failed to request
java.net.ConnectException: Connection refused: connect
	at java.net.DualStackPlainSocketImpl.waitForConnect(Native Method)
	at java.net.DualStackPlainSocketImpl.socketConnect(DualStackPlainSocketImpl.java:85)
	at java.net.AbstractPlainSocketImpl.doConnect(AbstractPlainSocketImpl.java:345)
	at java.net.AbstractPlainSocketImpl.connectToAddress(AbstractPlainSocketImpl.java:206)
	at java.net.AbstractPlainSocketImpl.connect(AbstractPlainSocketImpl.java:188)
	at java.net.PlainSocketImpl.connect(PlainSocketImpl.java:172)
	at java.net.SocksSocketImpl.connect(SocksSocketImpl.java:392)
	at java.net.Socket.connect(Socket.java:589)
	at sun.net.NetworkClient.doConnect(NetworkClient.java:175)
	at sun.net.www.http.HttpClient.openServer(HttpClient.java:432)
	at sun.net.www.http.HttpClient.openServer(HttpClient.java:527)
	at sun.net.www.http.HttpClient.<init>(HttpClient.java:211)
	at sun.net.www.http.HttpClient.New(HttpClient.java:308)
	at sun.net.www.http.HttpClient.New(HttpClient.java:326)
	at sun.net.www.protocol.http.HttpURLConnection.getNewHttpClient(HttpURLConnection.java:1168)
	at sun.net.www.protocol.http.HttpURLConnection.plainConnect0(HttpURLConnection.java:1104)
	at sun.net.www.protocol.http.HttpURLConnection.plainConnect(HttpURLConnection.java:998)
	at sun.net.www.protocol.http.HttpURLConnection.connect(HttpURLConnection.java:932)
	at com.alibaba.nacos.common.http.client.request.JdkHttpClientRequest.execute(JdkHttpClientRequest.java:109)
	at com.alibaba.nacos.common.http.client.NacosRestTemplate.execute(NacosRestTemplate.java:482)
	at com.alibaba.nacos.common.http.client.NacosRestTemplate.exchangeForm(NacosRestTemplate.java:427)
	at com.alibaba.nacos.client.naming.net.NamingProxy.callServer(NamingProxy.java:599)
	at com.alibaba.nacos.client.naming.net.NamingProxy.reqApi(NamingProxy.java:524)
	at com.alibaba.nacos.client.naming.net.NamingProxy.reqApi(NamingProxy.java:491)
	at com.alibaba.nacos.client.naming.net.NamingProxy.reqApi(NamingProxy.java:486)
	at com.alibaba.nacos.client.naming.net.NamingProxy.queryList(NamingProxy.java:400)
	at com.alibaba.nacos.client.naming.core.HostReactor.updateService(HostReactor.java:339)
	at com.alibaba.nacos.client.naming.core.HostReactor$UpdateTask.run(HostReactor.java:420)
	at java.util.concurrent.Executors$RunnableAdapter.call(Executors.java:511)
	at java.util.concurrent.FutureTask.run$$$capture(FutureTask.java:266)
	at java.util.concurrent.FutureTask.run(FutureTask.java)
	at java.util.concurrent.ScheduledThreadPoolExecutor$ScheduledFutureTask.access$201(ScheduledThreadPoolExecutor.java:180)
	at java.util.concurrent.ScheduledThreadPoolExecutor$ScheduledFutureTask.run(ScheduledThreadPoolExecutor.java:293)
	at java.util.concurrent.ThreadPoolExecutor.runWorker(ThreadPoolExecutor.java:1142)
	at java.util.concurrent.ThreadPoolExecutor$Worker.run(ThreadPoolExecutor.java:617)
	at java.lang.Thread.run(Thread.java:745)
22:19:30.221 [com.alibaba.nacos.client.naming.updater] ERROR c.a.n.client.naming - [callServer,613] - [NA] failed to request
java.net.ConnectException: Connection refused: connect
	at java.net.DualStackPlainSocketImpl.waitForConnect(Native Method)
	at java.net.DualStackPlainSocketImpl.socketConnect(DualStackPlainSocketImpl.java:85)
	at java.net.AbstractPlainSocketImpl.doConnect(AbstractPlainSocketImpl.java:345)
	at java.net.AbstractPlainSocketImpl.connectToAddress(AbstractPlainSocketImpl.java:206)
	at java.net.AbstractPlainSocketImpl.connect(AbstractPlainSocketImpl.java:188)
	at java.net.PlainSocketImpl.connect(PlainSocketImpl.java:172)
	at java.net.SocksSocketImpl.connect(SocksSocketImpl.java:392)
	at java.net.Socket.connect(Socket.java:589)
	at sun.net.NetworkClient.doConnect(NetworkClient.java:175)
	at sun.net.www.http.HttpClient.openServer(HttpClient.java:432)
	at sun.net.www.http.HttpClient.openServer(HttpClient.java:527)
	at sun.net.www.http.HttpClient.<init>(HttpClient.java:211)
	at sun.net.www.http.HttpClient.New(HttpClient.java:308)
	at sun.net.www.http.HttpClient.New(HttpClient.java:326)
	at sun.net.www.protocol.http.HttpURLConnection.getNewHttpClient(HttpURLConnection.java:1168)
	at sun.net.www.protocol.http.HttpURLConnection.plainConnect0(HttpURLConnection.java:1104)
	at sun.net.www.protocol.http.HttpURLConnection.plainConnect(HttpURLConnection.java:998)
	at sun.net.www.protocol.http.HttpURLConnection.connect(HttpURLConnection.java:932)
	at com.alibaba.nacos.common.http.client.request.JdkHttpClientRequest.execute(JdkHttpClientRequest.java:109)
	at com.alibaba.nacos.common.http.client.NacosRestTemplate.execute(NacosRestTemplate.java:482)
	at com.alibaba.nacos.common.http.client.NacosRestTemplate.exchangeForm(NacosRestTemplate.java:427)
	at com.alibaba.nacos.client.naming.net.NamingProxy.callServer(NamingProxy.java:599)
	at com.alibaba.nacos.client.naming.net.NamingProxy.reqApi(NamingProxy.java:538)
	at com.alibaba.nacos.client.naming.net.NamingProxy.reqApi(NamingProxy.java:491)
	at com.alibaba.nacos.client.naming.net.NamingProxy.reqApi(NamingProxy.java:486)
	at com.alibaba.nacos.client.naming.net.NamingProxy.queryList(NamingProxy.java:400)
	at com.alibaba.nacos.client.naming.core.HostReactor.updateService(HostReactor.java:339)
	at com.alibaba.nacos.client.naming.core.HostReactor$UpdateTask.run(HostReactor.java:420)
	at java.util.concurrent.Executors$RunnableAdapter.call(Executors.java:511)
	at java.util.concurrent.FutureTask.run$$$capture(FutureTask.java:266)
	at java.util.concurrent.FutureTask.run(FutureTask.java)
	at java.util.concurrent.ScheduledThreadPoolExecutor$ScheduledFutureTask.access$201(ScheduledThreadPoolExecutor.java:180)
	at java.util.concurrent.ScheduledThreadPoolExecutor$ScheduledFutureTask.run(ScheduledThreadPoolExecutor.java:293)
	at java.util.concurrent.ThreadPoolExecutor.runWorker(ThreadPoolExecutor.java:1142)
	at java.util.concurrent.ThreadPoolExecutor$Worker.run(ThreadPoolExecutor.java:617)
	at java.lang.Thread.run(Thread.java:745)
22:19:30.502 [com.alibaba.nacos.client.Worker.longPolling.fixed-127.0.0.1_8848] ERROR c.a.n.c.c.h.ServerHttpAgent - [httpPost,165] - [NACOS ConnectException httpPost] currentServerAddr: http://127.0.0.1:8848, err : Connection refused: connect
22:19:30.513 [com.alibaba.nacos.client.Worker.longPolling.fixed-127.0.0.1_8848] ERROR c.a.n.c.c.h.ServerHttpAgent - [httpPost,165] - [NACOS ConnectException httpPost] currentServerAddr: http://127.0.0.1:8848, err : Connection refused: connect
22:19:31.021 [com.alibaba.nacos.client.naming.updater] ERROR c.a.n.client.naming - [callServer,613] - [NA] failed to request
java.net.ConnectException: Connection refused: connect
	at java.net.DualStackPlainSocketImpl.waitForConnect(Native Method)
	at java.net.DualStackPlainSocketImpl.socketConnect(DualStackPlainSocketImpl.java:85)
	at java.net.AbstractPlainSocketImpl.doConnect(AbstractPlainSocketImpl.java:345)
	at java.net.AbstractPlainSocketImpl.connectToAddress(AbstractPlainSocketImpl.java:206)
	at java.net.AbstractPlainSocketImpl.connect(AbstractPlainSocketImpl.java:188)
	at java.net.PlainSocketImpl.connect(PlainSocketImpl.java:172)
	at java.net.SocksSocketImpl.connect(SocksSocketImpl.java:392)
	at java.net.Socket.connect(Socket.java:589)
	at sun.net.NetworkClient.doConnect(NetworkClient.java:175)
	at sun.net.www.http.HttpClient.openServer(HttpClient.java:432)
	at sun.net.www.http.HttpClient.openServer(HttpClient.java:527)
	at sun.net.www.http.HttpClient.<init>(HttpClient.java:211)
	at sun.net.www.http.HttpClient.New(HttpClient.java:308)
	at sun.net.www.http.HttpClient.New(HttpClient.java:326)
	at sun.net.www.protocol.http.HttpURLConnection.getNewHttpClient(HttpURLConnection.java:1168)
	at sun.net.www.protocol.http.HttpURLConnection.plainConnect0(HttpURLConnection.java:1104)
	at sun.net.www.protocol.http.HttpURLConnection.plainConnect(HttpURLConnection.java:998)
	at sun.net.www.protocol.http.HttpURLConnection.connect(HttpURLConnection.java:932)
	at com.alibaba.nacos.common.http.client.request.JdkHttpClientRequest.execute(JdkHttpClientRequest.java:109)
	at com.alibaba.nacos.common.http.client.NacosRestTemplate.execute(NacosRestTemplate.java:482)
	at com.alibaba.nacos.common.http.client.NacosRestTemplate.exchangeForm(NacosRestTemplate.java:427)
	at com.alibaba.nacos.client.naming.net.NamingProxy.callServer(NamingProxy.java:599)
	at com.alibaba.nacos.client.naming.net.NamingProxy.reqApi(NamingProxy.java:524)
	at com.alibaba.nacos.client.naming.net.NamingProxy.reqApi(NamingProxy.java:491)
	at com.alibaba.nacos.client.naming.net.NamingProxy.reqApi(NamingProxy.java:486)
	at com.alibaba.nacos.client.naming.net.NamingProxy.queryList(NamingProxy.java:400)
	at com.alibaba.nacos.client.naming.core.HostReactor.updateService(HostReactor.java:339)
	at com.alibaba.nacos.client.naming.core.HostReactor$UpdateTask.run(HostReactor.java:420)
	at java.util.concurrent.Executors$RunnableAdapter.call(Executors.java:511)
	at java.util.concurrent.FutureTask.run$$$capture(FutureTask.java:266)
	at java.util.concurrent.FutureTask.run(FutureTask.java)
	at java.util.concurrent.ScheduledThreadPoolExecutor$ScheduledFutureTask.access$201(ScheduledThreadPoolExecutor.java:180)
	at java.util.concurrent.ScheduledThreadPoolExecutor$ScheduledFutureTask.run(ScheduledThreadPoolExecutor.java:293)
	at java.util.concurrent.ThreadPoolExecutor.runWorker(ThreadPoolExecutor.java:1142)
	at java.util.concurrent.ThreadPoolExecutor$Worker.run(ThreadPoolExecutor.java:617)
	at java.lang.Thread.run(Thread.java:745)
22:19:31.225 [com.alibaba.nacos.client.naming.updater] ERROR c.a.n.client.naming - [callServer,613] - [NA] failed to request
java.net.ConnectException: Connection refused: connect
	at java.net.DualStackPlainSocketImpl.waitForConnect(Native Method)
	at java.net.DualStackPlainSocketImpl.socketConnect(DualStackPlainSocketImpl.java:85)
	at java.net.AbstractPlainSocketImpl.doConnect(AbstractPlainSocketImpl.java:345)
	at java.net.AbstractPlainSocketImpl.connectToAddress(AbstractPlainSocketImpl.java:206)
	at java.net.AbstractPlainSocketImpl.connect(AbstractPlainSocketImpl.java:188)
	at java.net.PlainSocketImpl.connect(PlainSocketImpl.java:172)
	at java.net.SocksSocketImpl.connect(SocksSocketImpl.java:392)
	at java.net.Socket.connect(Socket.java:589)
	at sun.net.NetworkClient.doConnect(NetworkClient.java:175)
	at sun.net.www.http.HttpClient.openServer(HttpClient.java:432)
	at sun.net.www.http.HttpClient.openServer(HttpClient.java:527)
	at sun.net.www.http.HttpClient.<init>(HttpClient.java:211)
	at sun.net.www.http.HttpClient.New(HttpClient.java:308)
	at sun.net.www.http.HttpClient.New(HttpClient.java:326)
	at sun.net.www.protocol.http.HttpURLConnection.getNewHttpClient(HttpURLConnection.java:1168)
	at sun.net.www.protocol.http.HttpURLConnection.plainConnect0(HttpURLConnection.java:1104)
	at sun.net.www.protocol.http.HttpURLConnection.plainConnect(HttpURLConnection.java:998)
	at sun.net.www.protocol.http.HttpURLConnection.connect(HttpURLConnection.java:932)
	at com.alibaba.nacos.common.http.client.request.JdkHttpClientRequest.execute(JdkHttpClientRequest.java:109)
	at com.alibaba.nacos.common.http.client.NacosRestTemplate.execute(NacosRestTemplate.java:482)
	at com.alibaba.nacos.common.http.client.NacosRestTemplate.exchangeForm(NacosRestTemplate.java:427)
	at com.alibaba.nacos.client.naming.net.NamingProxy.callServer(NamingProxy.java:599)
	at com.alibaba.nacos.client.naming.net.NamingProxy.reqApi(NamingProxy.java:538)
	at com.alibaba.nacos.client.naming.net.NamingProxy.reqApi(NamingProxy.java:491)
	at com.alibaba.nacos.client.naming.net.NamingProxy.reqApi(NamingProxy.java:486)
	at com.alibaba.nacos.client.naming.net.NamingProxy.queryList(NamingProxy.java:400)
	at com.alibaba.nacos.client.naming.core.HostReactor.updateService(HostReactor.java:339)
	at com.alibaba.nacos.client.naming.core.HostReactor$UpdateTask.run(HostReactor.java:420)
	at java.util.concurrent.Executors$RunnableAdapter.call(Executors.java:511)
	at java.util.concurrent.FutureTask.run$$$capture(FutureTask.java:266)
	at java.util.concurrent.FutureTask.run(FutureTask.java)
	at java.util.concurrent.ScheduledThreadPoolExecutor$ScheduledFutureTask.access$201(ScheduledThreadPoolExecutor.java:180)
	at java.util.concurrent.ScheduledThreadPoolExecutor$ScheduledFutureTask.run(ScheduledThreadPoolExecutor.java:293)
	at java.util.concurrent.ThreadPoolExecutor.runWorker(ThreadPoolExecutor.java:1142)
	at java.util.concurrent.ThreadPoolExecutor$Worker.run(ThreadPoolExecutor.java:617)
	at java.lang.Thread.run(Thread.java:745)
22:19:31.506 [com.alibaba.nacos.client.Worker.longPolling.fixed-127.0.0.1_8848] ERROR c.a.n.c.c.h.ServerHttpAgent - [httpPost,165] - [NACOS ConnectException httpPost] currentServerAddr: http://127.0.0.1:8848, err : Connection refused: connect
22:19:31.528 [com.alibaba.nacos.client.Worker.longPolling.fixed-127.0.0.1_8848] ERROR c.a.n.c.c.h.ServerHttpAgent - [httpPost,165] - [NACOS ConnectException httpPost] currentServerAddr: http://127.0.0.1:8848, err : Connection refused: connect
22:19:32.025 [com.alibaba.nacos.client.naming.updater] ERROR c.a.n.client.naming - [callServer,613] - [NA] failed to request
java.net.ConnectException: Connection refused: connect
	at java.net.DualStackPlainSocketImpl.waitForConnect(Native Method)
	at java.net.DualStackPlainSocketImpl.socketConnect(DualStackPlainSocketImpl.java:85)
	at java.net.AbstractPlainSocketImpl.doConnect(AbstractPlainSocketImpl.java:345)
	at java.net.AbstractPlainSocketImpl.connectToAddress(AbstractPlainSocketImpl.java:206)
	at java.net.AbstractPlainSocketImpl.connect(AbstractPlainSocketImpl.java:188)
	at java.net.PlainSocketImpl.connect(PlainSocketImpl.java:172)
	at java.net.SocksSocketImpl.connect(SocksSocketImpl.java:392)
	at java.net.Socket.connect(Socket.java:589)
	at sun.net.NetworkClient.doConnect(NetworkClient.java:175)
	at sun.net.www.http.HttpClient.openServer(HttpClient.java:432)
	at sun.net.www.http.HttpClient.openServer(HttpClient.java:527)
	at sun.net.www.http.HttpClient.<init>(HttpClient.java:211)
	at sun.net.www.http.HttpClient.New(HttpClient.java:308)
	at sun.net.www.http.HttpClient.New(HttpClient.java:326)
	at sun.net.www.protocol.http.HttpURLConnection.getNewHttpClient(HttpURLConnection.java:1168)
	at sun.net.www.protocol.http.HttpURLConnection.plainConnect0(HttpURLConnection.java:1104)
	at sun.net.www.protocol.http.HttpURLConnection.plainConnect(HttpURLConnection.java:998)
	at sun.net.www.protocol.http.HttpURLConnection.connect(HttpURLConnection.java:932)
	at com.alibaba.nacos.common.http.client.request.JdkHttpClientRequest.execute(JdkHttpClientRequest.java:109)
	at com.alibaba.nacos.common.http.client.NacosRestTemplate.execute(NacosRestTemplate.java:482)
	at com.alibaba.nacos.common.http.client.NacosRestTemplate.exchangeForm(NacosRestTemplate.java:427)
	at com.alibaba.nacos.client.naming.net.NamingProxy.callServer(NamingProxy.java:599)
	at com.alibaba.nacos.client.naming.net.NamingProxy.reqApi(NamingProxy.java:538)
	at com.alibaba.nacos.client.naming.net.NamingProxy.reqApi(NamingProxy.java:491)
	at com.alibaba.nacos.client.naming.net.NamingProxy.reqApi(NamingProxy.java:486)
	at com.alibaba.nacos.client.naming.net.NamingProxy.queryList(NamingProxy.java:400)
	at com.alibaba.nacos.client.naming.core.HostReactor.updateService(HostReactor.java:339)
	at com.alibaba.nacos.client.naming.core.HostReactor$UpdateTask.run(HostReactor.java:420)
	at java.util.concurrent.Executors$RunnableAdapter.call(Executors.java:511)
	at java.util.concurrent.FutureTask.run$$$capture(FutureTask.java:266)
	at java.util.concurrent.FutureTask.run(FutureTask.java)
	at java.util.concurrent.ScheduledThreadPoolExecutor$ScheduledFutureTask.access$201(ScheduledThreadPoolExecutor.java:180)
	at java.util.concurrent.ScheduledThreadPoolExecutor$ScheduledFutureTask.run(ScheduledThreadPoolExecutor.java:293)
	at java.util.concurrent.ThreadPoolExecutor.runWorker(ThreadPoolExecutor.java:1142)
	at java.util.concurrent.ThreadPoolExecutor$Worker.run(ThreadPoolExecutor.java:617)
	at java.lang.Thread.run(Thread.java:745)
22:19:32.240 [com.alibaba.nacos.client.naming.updater] ERROR c.a.n.client.naming - [callServer,613] - [NA] failed to request
java.net.ConnectException: Connection refused: connect
	at java.net.DualStackPlainSocketImpl.waitForConnect(Native Method)
	at java.net.DualStackPlainSocketImpl.socketConnect(DualStackPlainSocketImpl.java:85)
	at java.net.AbstractPlainSocketImpl.doConnect(AbstractPlainSocketImpl.java:345)
	at java.net.AbstractPlainSocketImpl.connectToAddress(AbstractPlainSocketImpl.java:206)
	at java.net.AbstractPlainSocketImpl.connect(AbstractPlainSocketImpl.java:188)
	at java.net.PlainSocketImpl.connect(PlainSocketImpl.java:172)
	at java.net.SocksSocketImpl.connect(SocksSocketImpl.java:392)
	at java.net.Socket.connect(Socket.java:589)
	at sun.net.NetworkClient.doConnect(NetworkClient.java:175)
	at sun.net.www.http.HttpClient.openServer(HttpClient.java:432)
	at sun.net.www.http.HttpClient.openServer(HttpClient.java:527)
	at sun.net.www.http.HttpClient.<init>(HttpClient.java:211)
	at sun.net.www.http.HttpClient.New(HttpClient.java:308)
	at sun.net.www.http.HttpClient.New(HttpClient.java:326)
	at sun.net.www.protocol.http.HttpURLConnection.getNewHttpClient(HttpURLConnection.java:1168)
	at sun.net.www.protocol.http.HttpURLConnection.plainConnect0(HttpURLConnection.java:1104)
	at sun.net.www.protocol.http.HttpURLConnection.plainConnect(HttpURLConnection.java:998)
	at sun.net.www.protocol.http.HttpURLConnection.connect(HttpURLConnection.java:932)
	at com.alibaba.nacos.common.http.client.request.JdkHttpClientRequest.execute(JdkHttpClientRequest.java:109)
	at com.alibaba.nacos.common.http.client.NacosRestTemplate.execute(NacosRestTemplate.java:482)
	at com.alibaba.nacos.common.http.client.NacosRestTemplate.exchangeForm(NacosRestTemplate.java:427)
	at com.alibaba.nacos.client.naming.net.NamingProxy.callServer(NamingProxy.java:599)
	at com.alibaba.nacos.client.naming.net.NamingProxy.reqApi(NamingProxy.java:538)
	at com.alibaba.nacos.client.naming.net.NamingProxy.reqApi(NamingProxy.java:491)
	at com.alibaba.nacos.client.naming.net.NamingProxy.reqApi(NamingProxy.java:486)
	at com.alibaba.nacos.client.naming.net.NamingProxy.queryList(NamingProxy.java:400)
	at com.alibaba.nacos.client.naming.core.HostReactor.updateService(HostReactor.java:339)
	at com.alibaba.nacos.client.naming.core.HostReactor$UpdateTask.run(HostReactor.java:420)
	at java.util.concurrent.Executors$RunnableAdapter.call(Executors.java:511)
	at java.util.concurrent.FutureTask.run$$$capture(FutureTask.java:266)
	at java.util.concurrent.FutureTask.run(FutureTask.java)
	at java.util.concurrent.ScheduledThreadPoolExecutor$ScheduledFutureTask.access$201(ScheduledThreadPoolExecutor.java:180)
	at java.util.concurrent.ScheduledThreadPoolExecutor$ScheduledFutureTask.run(ScheduledThreadPoolExecutor.java:293)
	at java.util.concurrent.ThreadPoolExecutor.runWorker(ThreadPoolExecutor.java:1142)
	at java.util.concurrent.ThreadPoolExecutor$Worker.run(ThreadPoolExecutor.java:617)
	at java.lang.Thread.run(Thread.java:745)
22:19:32.241 [com.alibaba.nacos.client.naming.updater] ERROR c.a.n.client.naming - [reqApi,548] - request: /nacos/v1/ns/instance/list failed, servers: [127.0.0.1:8848], code: 500, msg: Connection refused: connect
22:19:32.510 [com.alibaba.nacos.client.Worker.longPolling.fixed-127.0.0.1_8848] ERROR c.a.n.c.c.h.ServerHttpAgent - [httpPost,165] - [NACOS ConnectException httpPost] currentServerAddr: http://127.0.0.1:8848, err : Connection refused: connect
22:19:32.541 [com.alibaba.nacos.client.Worker.longPolling.fixed-127.0.0.1_8848] ERROR c.a.n.c.c.h.ServerHttpAgent - [httpPost,165] - [NACOS ConnectException httpPost] currentServerAddr: http://127.0.0.1:8848, err : Connection refused: connect
22:19:33.029 [com.alibaba.nacos.client.naming.updater] ERROR c.a.n.client.naming - [callServer,613] - [NA] failed to request
java.net.ConnectException: Connection refused: connect
	at java.net.DualStackPlainSocketImpl.waitForConnect(Native Method)
	at java.net.DualStackPlainSocketImpl.socketConnect(DualStackPlainSocketImpl.java:85)
	at java.net.AbstractPlainSocketImpl.doConnect(AbstractPlainSocketImpl.java:345)
	at java.net.AbstractPlainSocketImpl.connectToAddress(AbstractPlainSocketImpl.java:206)
	at java.net.AbstractPlainSocketImpl.connect(AbstractPlainSocketImpl.java:188)
	at java.net.PlainSocketImpl.connect(PlainSocketImpl.java:172)
	at java.net.SocksSocketImpl.connect(SocksSocketImpl.java:392)
	at java.net.Socket.connect(Socket.java:589)
	at sun.net.NetworkClient.doConnect(NetworkClient.java:175)
	at sun.net.www.http.HttpClient.openServer(HttpClient.java:432)
	at sun.net.www.http.HttpClient.openServer(HttpClient.java:527)
	at sun.net.www.http.HttpClient.<init>(HttpClient.java:211)
	at sun.net.www.http.HttpClient.New(HttpClient.java:308)
	at sun.net.www.http.HttpClient.New(HttpClient.java:326)
	at sun.net.www.protocol.http.HttpURLConnection.getNewHttpClient(HttpURLConnection.java:1168)
	at sun.net.www.protocol.http.HttpURLConnection.plainConnect0(HttpURLConnection.java:1104)
	at sun.net.www.protocol.http.HttpURLConnection.plainConnect(HttpURLConnection.java:998)
	at sun.net.www.protocol.http.HttpURLConnection.connect(HttpURLConnection.java:932)
	at com.alibaba.nacos.common.http.client.request.JdkHttpClientRequest.execute(JdkHttpClientRequest.java:109)
	at com.alibaba.nacos.common.http.client.NacosRestTemplate.execute(NacosRestTemplate.java:482)
	at com.alibaba.nacos.common.http.client.NacosRestTemplate.exchangeForm(NacosRestTemplate.java:427)
	at com.alibaba.nacos.client.naming.net.NamingProxy.callServer(NamingProxy.java:599)
	at com.alibaba.nacos.client.naming.net.NamingProxy.reqApi(NamingProxy.java:538)
	at com.alibaba.nacos.client.naming.net.NamingProxy.reqApi(NamingProxy.java:491)
	at com.alibaba.nacos.client.naming.net.NamingProxy.reqApi(NamingProxy.java:486)
	at com.alibaba.nacos.client.naming.net.NamingProxy.queryList(NamingProxy.java:400)
	at com.alibaba.nacos.client.naming.core.HostReactor.updateService(HostReactor.java:339)
	at com.alibaba.nacos.client.naming.core.HostReactor$UpdateTask.run(HostReactor.java:420)
	at java.util.concurrent.Executors$RunnableAdapter.call(Executors.java:511)
	at java.util.concurrent.FutureTask.run$$$capture(FutureTask.java:266)
	at java.util.concurrent.FutureTask.run(FutureTask.java)
	at java.util.concurrent.ScheduledThreadPoolExecutor$ScheduledFutureTask.access$201(ScheduledThreadPoolExecutor.java:180)
	at java.util.concurrent.ScheduledThreadPoolExecutor$ScheduledFutureTask.run(ScheduledThreadPoolExecutor.java:293)
	at java.util.concurrent.ThreadPoolExecutor.runWorker(ThreadPoolExecutor.java:1142)
	at java.util.concurrent.ThreadPoolExecutor$Worker.run(ThreadPoolExecutor.java:617)
	at java.lang.Thread.run(Thread.java:745)
22:19:33.483 [com.alibaba.nacos.naming.push.receiver] ERROR c.a.n.client.naming - [run,110] - [NA] error while receiving push data
java.net.SocketException: socket closed
	at java.net.DualStackPlainDatagramSocketImpl.socketReceiveOrPeekData(Native Method)
	at java.net.DualStackPlainDatagramSocketImpl.receive0(DualStackPlainDatagramSocketImpl.java:120)
	at java.net.AbstractPlainDatagramSocketImpl.receive(AbstractPlainDatagramSocketImpl.java:144)
	at java.net.DatagramSocket.receive(DatagramSocket.java:812)
	at com.alibaba.nacos.client.naming.core.PushReceiver.run(PushReceiver.java:83)
	at java.util.concurrent.Executors$RunnableAdapter.call(Executors.java:511)
	at java.util.concurrent.FutureTask.run$$$capture(FutureTask.java:266)
	at java.util.concurrent.FutureTask.run(FutureTask.java)
	at java.util.concurrent.ScheduledThreadPoolExecutor$ScheduledFutureTask.access$201(ScheduledThreadPoolExecutor.java:180)
	at java.util.concurrent.ScheduledThreadPoolExecutor$ScheduledFutureTask.run(ScheduledThreadPoolExecutor.java:293)
	at java.util.concurrent.ThreadPoolExecutor.runWorker(ThreadPoolExecutor.java:1142)
	at java.util.concurrent.ThreadPoolExecutor$Worker.run(ThreadPoolExecutor.java:617)
	at java.lang.Thread.run(Thread.java:745)
22:19:33.516 [com.alibaba.nacos.client.Worker.longPolling.fixed-127.0.0.1_8848] ERROR c.a.n.c.c.h.ServerHttpAgent - [httpPost,165] - [NACOS ConnectException httpPost] currentServerAddr: http://127.0.0.1:8848, err : Connection refused: connect
22:19:33.517 [com.alibaba.nacos.client.Worker.longPolling.fixed-127.0.0.1_8848] ERROR c.a.n.c.c.i.ClientWorker - [checkUpdateConfigStr,478] - [fixed-127.0.0.1_8848] [check-update] get changed dataId exception
java.net.ConnectException: [NACOS HTTP-POST] The maximum number of tolerable server reconnection errors has been reached
	at com.alibaba.nacos.client.config.http.ServerHttpAgent.httpPost(ServerHttpAgent.java:180)
	at com.alibaba.nacos.client.config.http.MetricsHttpAgent.httpPost(MetricsHttpAgent.java:68)
	at com.alibaba.nacos.client.config.impl.ClientWorker.checkUpdateConfigStr(ClientWorker.java:465)
	at com.alibaba.nacos.client.config.impl.ClientWorker.checkUpdateDataIds(ClientWorker.java:432)
	at com.alibaba.nacos.client.config.impl.ClientWorker$LongPollingRunnable.run(ClientWorker.java:620)
	at java.util.concurrent.Executors$RunnableAdapter.call(Executors.java:511)
	at java.util.concurrent.FutureTask.run$$$capture(FutureTask.java:266)
	at java.util.concurrent.FutureTask.run(FutureTask.java)
	at java.util.concurrent.ScheduledThreadPoolExecutor$ScheduledFutureTask.access$201(ScheduledThreadPoolExecutor.java:180)
	at java.util.concurrent.ScheduledThreadPoolExecutor$ScheduledFutureTask.run(ScheduledThreadPoolExecutor.java:293)
	at java.util.concurrent.ThreadPoolExecutor.runWorker(ThreadPoolExecutor.java:1142)
	at java.util.concurrent.ThreadPoolExecutor$Worker.run(ThreadPoolExecutor.java:617)
	at java.lang.Thread.run(Thread.java:745)
22:19:33.517 [com.alibaba.nacos.client.Worker.longPolling.fixed-127.0.0.1_8848] ERROR c.a.n.c.c.i.ClientWorker - [run,664] - longPolling error : 
java.net.ConnectException: [NACOS HTTP-POST] The maximum number of tolerable server reconnection errors has been reached
	at com.alibaba.nacos.client.config.http.ServerHttpAgent.httpPost(ServerHttpAgent.java:180)
	at com.alibaba.nacos.client.config.http.MetricsHttpAgent.httpPost(MetricsHttpAgent.java:68)
	at com.alibaba.nacos.client.config.impl.ClientWorker.checkUpdateConfigStr(ClientWorker.java:465)
	at com.alibaba.nacos.client.config.impl.ClientWorker.checkUpdateDataIds(ClientWorker.java:432)
	at com.alibaba.nacos.client.config.impl.ClientWorker$LongPollingRunnable.run(ClientWorker.java:620)
	at java.util.concurrent.Executors$RunnableAdapter.call(Executors.java:511)
	at java.util.concurrent.FutureTask.run$$$capture(FutureTask.java:266)
	at java.util.concurrent.FutureTask.run(FutureTask.java)
	at java.util.concurrent.ScheduledThreadPoolExecutor$ScheduledFutureTask.access$201(ScheduledThreadPoolExecutor.java:180)
	at java.util.concurrent.ScheduledThreadPoolExecutor$ScheduledFutureTask.run(ScheduledThreadPoolExecutor.java:293)
	at java.util.concurrent.ThreadPoolExecutor.runWorker(ThreadPoolExecutor.java:1142)
	at java.util.concurrent.ThreadPoolExecutor$Worker.run(ThreadPoolExecutor.java:617)
	at java.lang.Thread.run(Thread.java:745)
22:19:33.546 [com.alibaba.nacos.client.Worker.longPolling.fixed-127.0.0.1_8848] ERROR c.a.n.c.c.h.ServerHttpAgent - [httpPost,165] - [NACOS ConnectException httpPost] currentServerAddr: http://127.0.0.1:8848, err : Connection refused: connect
22:19:33.546 [com.alibaba.nacos.client.Worker.longPolling.fixed-127.0.0.1_8848] ERROR c.a.n.c.c.i.ClientWorker - [checkUpdateConfigStr,478] - [fixed-127.0.0.1_8848] [check-update] get changed dataId exception
java.net.ConnectException: [NACOS HTTP-POST] The maximum number of tolerable server reconnection errors has been reached
	at com.alibaba.nacos.client.config.http.ServerHttpAgent.httpPost(ServerHttpAgent.java:180)
	at com.alibaba.nacos.client.config.http.MetricsHttpAgent.httpPost(MetricsHttpAgent.java:68)
	at com.alibaba.nacos.client.config.impl.ClientWorker.checkUpdateConfigStr(ClientWorker.java:465)
	at com.alibaba.nacos.client.config.impl.ClientWorker.checkUpdateDataIds(ClientWorker.java:432)
	at com.alibaba.nacos.client.config.impl.ClientWorker$LongPollingRunnable.run(ClientWorker.java:620)
	at java.util.concurrent.Executors$RunnableAdapter.call(Executors.java:511)
	at java.util.concurrent.FutureTask.run$$$capture(FutureTask.java:266)
	at java.util.concurrent.FutureTask.run(FutureTask.java)
	at java.util.concurrent.ScheduledThreadPoolExecutor$ScheduledFutureTask.access$201(ScheduledThreadPoolExecutor.java:180)
	at java.util.concurrent.ScheduledThreadPoolExecutor$ScheduledFutureTask.run(ScheduledThreadPoolExecutor.java:293)
	at java.util.concurrent.ThreadPoolExecutor.runWorker(ThreadPoolExecutor.java:1142)
	at java.util.concurrent.ThreadPoolExecutor$Worker.run(ThreadPoolExecutor.java:617)
	at java.lang.Thread.run(Thread.java:745)
22:19:33.546 [com.alibaba.nacos.client.Worker.longPolling.fixed-127.0.0.1_8848] ERROR c.a.n.c.c.i.ClientWorker - [run,664] - longPolling error : 
java.net.ConnectException: [NACOS HTTP-POST] The maximum number of tolerable server reconnection errors has been reached
	at com.alibaba.nacos.client.config.http.ServerHttpAgent.httpPost(ServerHttpAgent.java:180)
	at com.alibaba.nacos.client.config.http.MetricsHttpAgent.httpPost(MetricsHttpAgent.java:68)
	at com.alibaba.nacos.client.config.impl.ClientWorker.checkUpdateConfigStr(ClientWorker.java:465)
	at com.alibaba.nacos.client.config.impl.ClientWorker.checkUpdateDataIds(ClientWorker.java:432)
	at com.alibaba.nacos.client.config.impl.ClientWorker$LongPollingRunnable.run(ClientWorker.java:620)
	at java.util.concurrent.Executors$RunnableAdapter.call(Executors.java:511)
	at java.util.concurrent.FutureTask.run$$$capture(FutureTask.java:266)
	at java.util.concurrent.FutureTask.run(FutureTask.java)
	at java.util.concurrent.ScheduledThreadPoolExecutor$ScheduledFutureTask.access$201(ScheduledThreadPoolExecutor.java:180)
	at java.util.concurrent.ScheduledThreadPoolExecutor$ScheduledFutureTask.run(ScheduledThreadPoolExecutor.java:293)
	at java.util.concurrent.ThreadPoolExecutor.runWorker(ThreadPoolExecutor.java:1142)
	at java.util.concurrent.ThreadPoolExecutor$Worker.run(ThreadPoolExecutor.java:617)
	at java.lang.Thread.run(Thread.java:745)
22:19:34.042 [com.alibaba.nacos.client.naming.updater] ERROR c.a.n.client.naming - [callServer,613] - [NA] failed to request
java.net.ConnectException: Connection refused: connect
	at java.net.DualStackPlainSocketImpl.waitForConnect(Native Method)
	at java.net.DualStackPlainSocketImpl.socketConnect(DualStackPlainSocketImpl.java:85)
	at java.net.AbstractPlainSocketImpl.doConnect(AbstractPlainSocketImpl.java:345)
	at java.net.AbstractPlainSocketImpl.connectToAddress(AbstractPlainSocketImpl.java:206)
	at java.net.AbstractPlainSocketImpl.connect(AbstractPlainSocketImpl.java:188)
	at java.net.PlainSocketImpl.connect(PlainSocketImpl.java:172)
	at java.net.SocksSocketImpl.connect(SocksSocketImpl.java:392)
	at java.net.Socket.connect(Socket.java:589)
	at sun.net.NetworkClient.doConnect(NetworkClient.java:175)
	at sun.net.www.http.HttpClient.openServer(HttpClient.java:432)
	at sun.net.www.http.HttpClient.openServer(HttpClient.java:527)
	at sun.net.www.http.HttpClient.<init>(HttpClient.java:211)
	at sun.net.www.http.HttpClient.New(HttpClient.java:308)
	at sun.net.www.http.HttpClient.New(HttpClient.java:326)
	at sun.net.www.protocol.http.HttpURLConnection.getNewHttpClient(HttpURLConnection.java:1168)
	at sun.net.www.protocol.http.HttpURLConnection.plainConnect0(HttpURLConnection.java:1104)
	at sun.net.www.protocol.http.HttpURLConnection.plainConnect(HttpURLConnection.java:998)
	at sun.net.www.protocol.http.HttpURLConnection.connect(HttpURLConnection.java:932)
	at com.alibaba.nacos.common.http.client.request.JdkHttpClientRequest.execute(JdkHttpClientRequest.java:109)
	at com.alibaba.nacos.common.http.client.NacosRestTemplate.execute(NacosRestTemplate.java:482)
	at com.alibaba.nacos.common.http.client.NacosRestTemplate.exchangeForm(NacosRestTemplate.java:427)
	at com.alibaba.nacos.client.naming.net.NamingProxy.callServer(NamingProxy.java:599)
	at com.alibaba.nacos.client.naming.net.NamingProxy.reqApi(NamingProxy.java:538)
	at com.alibaba.nacos.client.naming.net.NamingProxy.reqApi(NamingProxy.java:491)
	at com.alibaba.nacos.client.naming.net.NamingProxy.reqApi(NamingProxy.java:486)
	at com.alibaba.nacos.client.naming.net.NamingProxy.queryList(NamingProxy.java:400)
	at com.alibaba.nacos.client.naming.core.HostReactor.updateService(HostReactor.java:339)
	at com.alibaba.nacos.client.naming.core.HostReactor$UpdateTask.run(HostReactor.java:420)
	at java.util.concurrent.Executors$RunnableAdapter.call(Executors.java:511)
	at java.util.concurrent.FutureTask.run$$$capture(FutureTask.java:266)
	at java.util.concurrent.FutureTask.run(FutureTask.java)
	at java.util.concurrent.ScheduledThreadPoolExecutor$ScheduledFutureTask.access$201(ScheduledThreadPoolExecutor.java:180)
	at java.util.concurrent.ScheduledThreadPoolExecutor$ScheduledFutureTask.run(ScheduledThreadPoolExecutor.java:293)
	at java.util.concurrent.ThreadPoolExecutor.runWorker(ThreadPoolExecutor.java:1142)
	at java.util.concurrent.ThreadPoolExecutor$Worker.run(ThreadPoolExecutor.java:617)
	at java.lang.Thread.run(Thread.java:745)
22:19:34.042 [com.alibaba.nacos.client.naming.updater] ERROR c.a.n.client.naming - [reqApi,548] - request: /nacos/v1/ns/instance/list failed, servers: [127.0.0.1:8848], code: 500, msg: Connection refused: connect
